TN:
SF:/Users/roberdan/GitHub/ConvergioCLI/tests/fuzz_test.c
FNL:0,109,140
FNA:0,1,test_malformed_inputs
FNL:1,146,169
FNA:1,1,test_json_parser_fuzz
FNL:2,175,194
FNA:2,1,test_toml_parser_fuzz
FNL:3,18,21
FNA:3,0,nous_log
FNL:4,200,213
FNA:4,1,main
FNL:5,23,23
FNA:5,0,nous_log_set_level
FNL:6,24,24
FNA:6,0,nous_log_get_level
FNL:7,25,25
FNA:7,0,nous_log_level_name
FNL:8,50,80
FNA:8,1,test_command_injection
FNL:9,86,103
FNA:9,1,test_path_traversal
FNF:10
FNH:6
DA:18,0
DA:19,0
DA:21,0
DA:23,0
DA:24,0
DA:25,0
DA:50,1
DA:51,1
DA:54,1
DA:55,1
DA:56,1
DA:57,1
DA:58,1
DA:59,1
DA:60,1
DA:63,1
DA:64,1
DA:65,1
DA:68,1
DA:69,1
DA:70,1
DA:71,1
DA:72,1
DA:73,1
DA:76,1
DA:77,1
DA:78,1
DA:79,1
DA:80,1
DA:86,1
DA:87,1
DA:90,1
DA:91,1
DA:92,1
DA:93,1
DA:94,1
DA:95,1
DA:96,1
DA:99,1
DA:102,1
DA:103,1
DA:109,1
DA:110,1
DA:113,1
DA:114,1
DA:115,1
DA:118,1
DA:119,1
DA:120,1
DA:121,1
DA:124,1
DA:125,1
DA:128,1
DA:129,1
DA:133,1
DA:134,1
DA:138,1
DA:139,1
DA:140,1
DA:146,1
DA:147,1
DA:150,1
DA:163,9
DA:166,8
DA:167,8
DA:168,8
DA:169,1
DA:175,1
DA:176,1
DA:179,1
DA:190,7
DA:191,6
DA:192,6
DA:193,6
DA:194,1
DA:200,1
DA:201,1
DA:202,1
DA:204,1
DA:205,1
DA:206,1
DA:207,1
DA:208,1
DA:210,1
DA:211,1
DA:213,1
LF:86
LH:80
end_of_record
TN:
SF:/Users/roberdan/GitHub/ConvergioCLI/tests/test_anna.c
FNL:0,140,145
FNA:0,1,teardown_test_db
FNL:1,147,153
FNA:1,4,reset_tables
FNL:2,159,186
FNA:2,1,test_todo_date_parsing
FNL:3,188,221
FNA:3,1,test_iso8601_parsing
FNL:4,227,242
FNA:4,1,test_todo_priority_parsing
FNL:5,248,319
FNA:5,1,test_todo_crud_operations
FNL:6,29,31
FNA:6,0,nous_log
FNL:7,325,359
FNA:7,1,test_todo_list_operations
FNL:8,33,33
FNA:8,0,nous_log_set_level
FNL:9,34,34
FNA:9,0,nous_log_get_level
FNL:10,35,35
FNA:10,0,nous_log_level_name
FNL:11,365,402
FNA:11,1,test_todo_inbox
FNL:12,404,485
FNA:12,1,test_todo_queries_and_search
FNL:13,487,524
FNA:13,1,test_todo_stats_and_error_handling
FNL:14,526,576
FNA:14,1,test_notifications_and_mcp_integration
FNL:15,585,622
FNA:15,1,main
FNL:16,64,138
FNA:16,1,setup_test_db
FNF:17
FNH:13
DA:29,0
DA:30,0
DA:31,0
DA:33,0
DA:34,0
DA:35,0
DA:64,1
DA:65,1
DA:66,1
DA:67,0
DA:68,0
DA:71,1
DA:129,1
DA:130,1
DA:131,1
DA:132,0
DA:133,0
DA:134,0
DA:137,1
DA:138,1
DA:140,1
DA:141,1
DA:142,1
DA:143,1
DA:144,1
DA:145,1
DA:147,4
DA:148,4
DA:150,4
DA:151,4
DA:152,4
DA:153,4
DA:159,1
DA:160,1
DA:162,1
DA:163,1
DA:166,1
DA:167,1
DA:169,1
DA:170,1
DA:173,1
DA:174,1
DA:177,1
DA:178,1
DA:181,1
DA:182,1
DA:184,1
DA:185,1
DA:186,1
DA:188,1
DA:189,1
DA:191,1
DA:192,1
DA:194,1
DA:195,1
DA:196,1
DA:197,1
DA:198,1
DA:199,1
DA:200,1
DA:202,1
DA:204,1
DA:205,1
DA:206,1
DA:207,1
DA:208,1
DA:210,1
DA:211,1
DA:212,1
DA:213,1
DA:214,1
DA:216,1
DA:217,1
DA:219,1
DA:220,1
DA:221,1
DA:227,1
DA:228,1
DA:230,1
DA:231,1
DA:232,1
DA:235,1
DA:236,1
DA:237,1
DA:240,1
DA:241,1
DA:242,1
DA:248,1
DA:249,1
DA:252,1
DA:253,1
DA:256,1
DA:257,1
DA:258,1
DA:259,1
DA:260,1
DA:261,1
DA:263,1
DA:264,1
DA:267,1
DA:268,1
DA:269,1
DA:270,1
DA:271,1
DA:272,1
DA:273,1
DA:274,1
DA:275,1
DA:278,1
DA:279,1
DA:280,1
DA:281,1
DA:282,1
DA:284,1
DA:285,1
DA:286,1
DA:287,1
DA:288,1
DA:289,1
DA:292,1
DA:293,1
DA:295,1
DA:296,1
DA:297,1
DA:298,1
DA:299,1
DA:302,1
DA:303,1
DA:305,1
DA:306,1
DA:307,1
DA:308,1
DA:309,1
DA:312,1
DA:313,1
DA:315,1
DA:316,1
DA:318,1
DA:319,1
DA:325,1
DA:326,1
DA:328,1
DA:331,1
DA:333,1
DA:334,1
DA:335,1
DA:337,1
DA:338,1
DA:339,1
DA:341,1
DA:342,1
DA:343,1
DA:346,1
DA:347,1
DA:348,1
DA:349,1
DA:351,1
DA:353,1
DA:355,1
DA:356,1
DA:358,1
DA:359,1
DA:365,1
DA:366,1
DA:368,1
DA:371,1
DA:372,1
DA:375,1
DA:376,1
DA:377,1
DA:378,1
DA:380,1
DA:381,1
DA:382,1
DA:383,1
DA:384,1
DA:387,1
DA:388,1
DA:389,1
DA:391,1
DA:392,1
DA:395,1
DA:396,1
DA:397,1
DA:398,1
DA:399,1
DA:401,1
DA:402,1
DA:404,1
DA:405,1
DA:407,1
DA:409,1
DA:411,1
DA:412,1
DA:413,1
DA:414,1
DA:415,1
DA:417,1
DA:418,1
DA:419,1
DA:420,1
DA:422,1
DA:423,1
DA:424,1
DA:425,1
DA:427,1
DA:428,1
DA:429,1
DA:430,1
DA:432,1
DA:433,1
DA:434,1
DA:435,1
DA:436,1
DA:439,1
DA:440,1
DA:442,1
DA:443,1
DA:444,1
DA:445,1
DA:446,1
DA:447,1
DA:450,121
DA:451,120
DA:452,120
DA:453,120
DA:454,120
DA:455,120
DA:456,120
DA:457,120
DA:459,1
DA:460,1
DA:461,1
DA:462,1
DA:463,1
DA:466,1
DA:467,61
DA:468,60
DA:469,60
DA:470,60
DA:471,60
DA:472,60
DA:473,60
DA:474,60
DA:475,60
DA:477,1
DA:478,1
DA:479,1
DA:480,1
DA:481,1
DA:482,1
DA:484,1
DA:485,1
DA:487,1
DA:488,1
DA:490,1
DA:492,1
DA:494,1
DA:495,1
DA:496,1
DA:497,1
DA:498,1
DA:500,1
DA:501,1
DA:502,1
DA:504,1
DA:505,1
DA:506,1
DA:508,1
DA:510,1
DA:511,1
DA:512,1
DA:513,1
DA:514,1
DA:515,1
DA:518,1
DA:519,1
DA:520,1
DA:521,1
DA:523,1
DA:524,1
DA:526,1
DA:527,1
DA:529,1
DA:531,1
DA:532,1
DA:533,1
DA:535,1
DA:537,1
DA:538,1
DA:539,1
DA:540,1
DA:541,1
DA:542,1
DA:544,1
DA:545,1
DA:546,1
DA:547,1
DA:549,1
DA:550,1
DA:551,1
DA:553,1
DA:554,1
DA:555,1
DA:558,1
DA:559,1
DA:560,1
DA:561,1
DA:562,1
DA:563,1
DA:564,1
DA:566,1
DA:567,1
DA:569,1
DA:570,1
DA:572,1
DA:573,1
DA:575,1
DA:576,1
DA:585,1
DA:586,1
DA:588,1
DA:589,1
DA:590,1
DA:591,1
DA:594,1
DA:595,0
DA:596,0
DA:600,1
DA:601,1
DA:602,1
DA:603,1
DA:604,1
DA:605,1
DA:606,1
DA:607,1
DA:608,1
DA:611,1
DA:614,1
DA:615,1
DA:616,1
DA:617,1
DA:618,1
DA:619,1
DA:621,1
DA:622,1
LF:346
LH:333
end_of_record
TN:
SF:/Users/roberdan/GitHub/ConvergioCLI/tests/test_tools.c
FNL:0,137,164
FNA:0,1,test_workspace_management
FNL:1,166,191
FNA:1,1,test_path_safety
FNL:2,193,209
FNA:2,1,test_command_safety
FNL:3,215,257
FNA:3,1,test_file_read
FNL:4,22,24
FNA:4,0,nous_log
FNL:5,259,298
FNA:5,1,test_file_write
FNL:6,26,26
FNA:6,0,nous_log_set_level
FNL:7,27,27
FNA:7,0,nous_log_get_level
FNL:8,28,28
FNA:8,0,nous_log_level_name
FNL:9,300,324
FNA:9,1,test_file_list
FNL:10,330,360
FNA:10,1,test_shell_exec
FNL:11,366,393
FNA:11,1,test_web_search
FNL:12,399,427
FNA:12,1,test_glob_tool
FNL:13,433,474
FNA:13,1,test_grep_tool
FNL:14,480,528
FNA:14,1,test_edit_tool
FNL:15,52,66
FNA:15,1,test_tool_definitions
FNL:16,534,580
FNA:16,1,test_tool_execution
FNL:17,586,605
FNA:17,1,test_todo_tools
FNL:18,611,635
FNA:18,1,test_memory_tools
FNL:19,641,673
FNA:19,1,main
FNL:20,72,131
FNA:20,1,test_tool_parsing
FNF:21
FNH:17
DA:22,0
DA:23,0
DA:24,0
DA:26,0
DA:27,0
DA:28,0
DA:52,1
DA:53,1
DA:55,1
DA:56,1
DA:57,1
DA:58,1
DA:59,1
DA:60,1
DA:61,1
DA:62,1
DA:63,1
DA:64,1
DA:65,1
DA:66,1
DA:72,1
DA:73,1
DA:75,1
DA:78,1
DA:79,1
DA:80,1
DA:81,1
DA:82,1
DA:85,1
DA:86,1
DA:87,1
DA:88,1
DA:91,1
DA:92,1
DA:93,1
DA:94,1
DA:97,1
DA:98,1
DA:99,1
DA:100,1
DA:103,1
DA:104,1
DA:105,1
DA:106,1
DA:109,1
DA:110,1
DA:111,1
DA:112,1
DA:115,1
DA:116,1
DA:117,1
DA:118,1
DA:121,1
DA:122,1
DA:125,1
DA:126,1
DA:128,1
DA:129,1
DA:130,1
DA:131,1
DA:137,1
DA:138,1
DA:141,1
DA:142,1
DA:144,1
DA:145,1
DA:146,1
DA:147,1
DA:150,1
DA:151,1
DA:152,1
DA:153,1
DA:154,1
DA:157,1
DA:158,1
DA:159,1
DA:160,1
DA:163,1
DA:164,1
DA:166,1
DA:167,1
DA:169,1
DA:170,1
DA:171,1
DA:174,1
DA:175,1
DA:176,1
DA:179,1
DA:180,1
DA:183,1
DA:184,1
DA:187,1
DA:190,1
DA:191,1
DA:193,1
DA:194,1
DA:197,1
DA:198,1
DA:199,1
DA:202,1
DA:203,1
DA:204,1
DA:207,1
DA:208,1
DA:209,1
DA:215,1
DA:216,1
DA:218,1
DA:219,1
DA:220,1
DA:223,1
DA:224,1
DA:225,1
DA:226,1
DA:227,1
DA:228,1
DA:229,1
DA:231,1
DA:234,1
DA:235,1
DA:236,1
DA:237,1
DA:240,1
DA:241,1
DA:242,1
DA:243,1
DA:246,1
DA:247,1
DA:248,1
DA:251,1
DA:252,1
DA:253,1
DA:256,1
DA:257,1
DA:259,1
DA:260,1
DA:262,1
DA:263,1
DA:264,1
DA:266,1
DA:267,1
DA:269,1
DA:272,1
DA:273,1
DA:274,1
DA:277,1
DA:278,1
DA:279,1
DA:282,1
DA:283,1
DA:284,1
DA:287,1
DA:288,1
DA:289,1
DA:292,1
DA:293,1
DA:294,1
DA:297,1
DA:298,1
DA:300,1
DA:301,1
DA:303,1
DA:304,1
DA:305,1
DA:307,1
DA:310,1
DA:311,1
DA:312,1
DA:313,1
DA:316,1
DA:317,1
DA:318,1
DA:321,1
DA:322,1
DA:323,1
DA:324,1
DA:330,1
DA:331,1
DA:333,1
DA:336,1
DA:337,1
DA:338,1
DA:339,1
DA:340,1
DA:343,1
DA:344,1
DA:345,1
DA:346,1
DA:347,1
DA:348,1
DA:351,1
DA:352,1
DA:353,1
DA:354,1
DA:357,1
DA:358,1
DA:359,1
DA:360,1
DA:366,1
DA:367,1
DA:369,1
DA:372,1
DA:373,1
DA:374,1
DA:377,1
DA:378,1
DA:379,1
DA:382,1
DA:384,1
DA:385,1
DA:387,1
DA:388,1
DA:389,1
DA:392,1
DA:393,1
DA:399,1
DA:400,1
DA:402,1
DA:403,1
DA:404,1
DA:406,1
DA:409,1
DA:410,1
DA:411,1
DA:414,1
DA:415,1
DA:416,1
DA:419,1
DA:420,1
DA:421,1
DA:424,1
DA:425,1
DA:426,1
DA:427,1
DA:433,1
DA:434,1
DA:436,1
DA:437,1
DA:438,1
DA:441,1
DA:442,1
DA:443,1
DA:444,1
DA:445,1
DA:446,1
DA:447,1
DA:449,1
DA:452,1
DA:453,1
DA:454,1
DA:455,1
DA:458,1
DA:459,1
DA:460,1
DA:463,1
DA:464,1
DA:465,1
DA:468,1
DA:469,1
DA:470,1
DA:473,1
DA:474,1
DA:480,1
DA:481,1
DA:483,1
DA:484,1
DA:485,1
DA:488,1
DA:489,1
DA:490,1
DA:491,1
DA:492,1
DA:493,1
DA:494,1
DA:496,1
DA:499,1
DA:500,1
DA:501,1
DA:504,1
DA:505,1
DA:506,1
DA:507,1
DA:510,1
DA:511,1
DA:512,1
DA:515,1
DA:516,1
DA:517,1
DA:519,1
DA:520,1
DA:521,1
DA:524,1
DA:525,1
DA:526,1
DA:528,1
DA:534,1
DA:535,1
DA:537,1
DA:538,1
DA:539,1
DA:541,1
DA:542,1
DA:545,1
DA:546,1
DA:547,1
DA:548,1
DA:550,1
DA:551,1
DA:552,1
DA:553,1
DA:555,1
DA:556,1
DA:557,1
DA:558,1
DA:559,1
DA:560,1
DA:561,1
DA:564,1
DA:565,1
DA:566,1
DA:567,1
DA:568,1
DA:569,1
DA:570,1
DA:571,1
DA:574,1
DA:575,1
DA:576,1
DA:579,1
DA:580,1
DA:586,1
DA:587,1
DA:589,1
DA:592,1
DA:593,1
DA:594,1
DA:597,1
DA:598,1
DA:599,1
DA:602,1
DA:603,1
DA:604,1
DA:605,1
DA:611,1
DA:612,1
DA:614,1
DA:617,1
DA:618,1
DA:619,1
DA:622,1
DA:623,1
DA:624,1
DA:627,1
DA:628,1
DA:629,1
DA:632,1
DA:633,1
DA:634,1
DA:635,1
DA:641,1
DA:642,1
DA:643,1
DA:645,1
DA:646,1
DA:647,1
DA:650,1
DA:651,1
DA:652,1
DA:653,1
DA:654,1
DA:655,1
DA:656,1
DA:657,1
DA:658,1
DA:659,1
DA:660,1
DA:661,1
DA:662,1
DA:663,1
DA:664,1
DA:665,1
DA:668,1
DA:669,1
DA:670,1
DA:671,1
DA:673,1
LF:386
LH:380
end_of_record
TN:
SF:/Users/roberdan/GitHub/ConvergioCLI/tests/test_unit.c
FNL:0,134,144
FNA:0,1,test_safe_path_boundaries
FNL:1,154,178
FNA:1,1,test_tool_command_sandbox
FNL:2,180,197
FNA:2,1,test_tool_path_sandbox
FNL:3,203,212
FNA:3,1,test_safe_path_strerror
FNL:4,21,24
FNA:4,0,nous_log
FNL:5,218,249
FNA:5,1,main
FNL:6,26,26
FNA:6,0,nous_log_set_level
FNL:7,27,27
FNA:7,0,nous_log_get_level
FNL:8,28,28
FNA:8,0,nous_log_level_name
FNL:9,55,80
FNA:9,1,test_safe_path_resolve
FNL:10,82,97
FNA:10,1,test_safe_path_boundary_weak
FNL:11,99,132
FNA:11,1,test_safe_path_join
FNF:12
FNH:8
DA:21,0
DA:22,0
DA:24,0
DA:26,0
DA:27,0
DA:28,0
DA:55,1
DA:56,1
DA:58,1
DA:59,1
DA:62,1
DA:63,1
DA:65,1
DA:66,1
DA:69,1
DA:71,1
DA:74,1
DA:75,1
DA:77,1
DA:78,1
DA:79,1
DA:80,1
DA:82,1
DA:83,1
DA:86,1
DA:87,1
DA:88,1
DA:91,1
DA:92,1
DA:95,1
DA:96,1
DA:97,1
DA:99,1
DA:100,1
DA:102,1
DA:103,1
DA:106,1
DA:107,1
DA:110,1
DA:111,1
DA:114,1
DA:115,1
DA:118,1
DA:119,1
DA:122,1
DA:123,1
DA:124,1
DA:127,1
DA:128,1
DA:130,1
DA:131,1
DA:132,1
DA:134,1
DA:135,1
DA:137,1
DA:138,1
DA:139,1
DA:141,1
DA:142,1
DA:143,1
DA:144,1
DA:154,1
DA:155,1
DA:161,1
DA:162,1
DA:163,1
DA:164,1
DA:167,1
DA:168,1
DA:169,1
DA:170,1
DA:173,1
DA:174,1
DA:175,1
DA:176,1
DA:177,1
DA:178,1
DA:180,1
DA:181,1
DA:184,1
DA:185,1
DA:186,1
DA:187,1
DA:188,1
DA:189,1
DA:190,1
DA:193,1
DA:196,1
DA:197,1
DA:203,1
DA:204,1
DA:206,1
DA:207,1
DA:208,1
DA:209,1
DA:210,1
DA:211,1
DA:212,1
DA:218,1
DA:219,1
DA:220,1
DA:221,1
DA:224,1
DA:225,1
DA:226,1
DA:227,1
DA:228,1
DA:231,1
DA:232,1
DA:235,1
DA:236,1
DA:237,1
DA:238,1
DA:239,0
DA:240,0
DA:242,1
DA:243,1
DA:244,1
DA:246,0
DA:247,0
DA:249,1
LF:121
LH:111
end_of_record
TN:
SF:/Users/roberdan/GitHub/ConvergioCLI/tests/test_websearch.c
FNL:0,103,131
FNA:0,1,test_websearch_execution
FNL:1,137,150
FNA:1,1,test_websearch_result_format
FNL:2,157,164
FNA:2,4,has_web_search_in_tools
FNL:3,166,190
FNA:3,1,test_openai_websearch_detection
FNL:4,196,223
FNA:4,1,test_websearch_integration
FNL:5,229,255
FNA:5,1,test_url_encoding
FNL:6,24,26
FNA:6,0,nous_log
FNL:7,261,281
FNA:7,1,test_memory_safety
FNL:8,28,28
FNA:8,0,nous_log_set_level
FNL:9,287,311
FNA:9,1,main
FNL:10,29,29
FNA:10,0,nous_log_get_level
FNL:11,30,30
FNA:11,0,nous_log_level_name
FNL:12,54,64
FNA:12,1,test_websearch_tool_definition
FNL:13,70,97
FNA:13,1,test_websearch_parsing
FNF:14
FNH:10
DA:24,0
DA:25,0
DA:26,0
DA:28,0
DA:29,0
DA:30,0
DA:54,1
DA:55,1
DA:57,1
DA:58,1
DA:61,1
DA:62,1
DA:63,1
DA:64,1
DA:70,1
DA:71,1
DA:73,1
DA:76,1
DA:77,1
DA:78,1
DA:79,1
DA:80,1
DA:81,1
DA:84,1
DA:85,1
DA:86,1
DA:89,1
DA:90,1
DA:91,1
DA:94,1
DA:95,1
DA:96,1
DA:97,1
DA:103,1
DA:104,1
DA:106,1
DA:109,1
DA:110,1
DA:111,1
DA:112,1
DA:115,1
DA:116,1
DA:117,1
DA:120,1
DA:121,1
DA:122,1
DA:124,1
DA:125,1
DA:126,1
DA:128,1
DA:129,1
DA:130,1
DA:131,1
DA:137,1
DA:138,1
DA:141,1
DA:144,1
DA:145,1
DA:146,1
DA:147,1
DA:148,1
DA:149,1
DA:150,1
DA:157,4
DA:158,8
DA:159,4
DA:160,1
DA:162,3
DA:163,3
DA:164,4
DA:166,1
DA:167,1
DA:170,1
DA:176,1
DA:181,1
DA:186,1
DA:187,1
DA:188,1
DA:189,1
DA:190,1
DA:196,1
DA:197,1
DA:200,1
DA:201,1
DA:203,1
DA:204,1
DA:205,1
DA:207,1
DA:208,1
DA:209,1
DA:210,1
DA:213,1
DA:214,1
DA:215,1
DA:216,1
DA:217,1
DA:219,1
DA:220,1
DA:221,1
DA:222,1
DA:223,1
DA:229,1
DA:230,1
DA:234,1
DA:237,1
DA:238,1
DA:239,1
DA:242,1
DA:243,1
DA:244,1
DA:247,1
DA:248,1
DA:249,1
DA:252,1
DA:253,1
DA:254,1
DA:255,1
DA:261,1
DA:262,1
DA:265,101
DA:266,100
DA:267,100
DA:269,100
DA:270,100
DA:271,100
DA:272,1
DA:276,1
DA:277,1
DA:278,1
DA:279,1
DA:280,1
DA:281,1
DA:287,1
DA:288,1
DA:289,1
DA:291,1
DA:292,1
DA:293,1
DA:296,1
DA:297,1
DA:298,1
DA:299,1
DA:300,1
DA:301,1
DA:302,1
DA:303,1
DA:306,1
DA:307,1
DA:308,1
DA:309,1
DA:311,1
LF:151
LH:145
end_of_record
