TN:
SF:/Applications/Xcode.app/Contents/Developer/Platforms/MacOSX.platform/Developer/SDKs/MacOSX.sdk/System/Library/Frameworks/Foundation.framework/Headers/NSObject.h
FNL:0,104,105
FNA:0,0,CFBridgingRelease
FNF:1
FNH:0
DA:104,0
DA:105,0
LF:2
LH:0
end_of_record
TN:
SF:/Applications/Xcode.app/Contents/Developer/Platforms/MacOSX.platform/Developer/SDKs/MacOSX.sdk/System/Library/Frameworks/Metal.framework/Headers/MTLTypes.h
FNL:0,33,36
FNA:0,0,MTLSizeMake
FNF:1
FNH:0
DA:33,0
DA:35,0
DA:36,0
LF:3
LH:0
end_of_record
TN:
SF:/Users/roberdan/GitHub/ConvergioCLI-education/include/nous/error.h
FNL:0,104,114
FNA:0,0,error_init
FNF:1
FNH:0
DA:104,0
DA:105,0
DA:106,0
DA:107,0
DA:108,0
DA:109,0
DA:110,0
DA:111,0
DA:112,0
DA:113,0
DA:114,0
LF:11
LH:0
end_of_record
TN:
SF:/Users/roberdan/GitHub/ConvergioCLI-education/src/agentic/approval.c
FNL:0,136,147
FNA:0,0,clear_approvals
FNL:1,153,221
FNA:1,0,request_user_approval
FNL:2,27,38
FNA:2,0,get_approvals_path
FNL:3,40,47
FNA:3,0,ensure_config_dir
FNL:4,53,80
FNA:4,0,is_action_approved
FNL:5,82,134
FNA:5,0,store_approval
FNF:6
FNH:0
DA:27,0
DA:31,0
DA:32,0
DA:33,0
DA:36,0
DA:37,0
DA:38,0
DA:40,0
DA:41,0
DA:42,0
DA:43,0
DA:44,0
DA:45,0
DA:46,0
DA:47,0
DA:53,0
DA:54,0
DA:55,0
DA:58,0
DA:59,0
DA:60,0
DA:62,0
DA:63,0
DA:64,0
DA:66,0
DA:67,0
DA:68,0
DA:70,0
DA:72,0
DA:73,0
DA:74,0
DA:78,0
DA:79,0
DA:80,0
DA:82,0
DA:83,0
DA:84,0
DA:88,0
DA:89,0
DA:92,0
DA:94,0
DA:95,0
DA:96,0
DA:99,0
DA:100,0
DA:101,0
DA:102,0
DA:103,0
DA:105,0
DA:106,0
DA:108,0
DA:109,0
DA:110,0
DA:111,0
DA:112,0
DA:114,0
DA:115,0
DA:118,0
DA:119,0
DA:120,0
DA:121,0
DA:124,0
DA:125,0
DA:126,0
DA:128,0
DA:129,0
DA:130,0
DA:131,0
DA:133,0
DA:134,0
DA:136,0
DA:137,0
DA:138,0
DA:139,0
DA:142,0
DA:143,0
DA:146,0
DA:147,0
DA:153,0
DA:154,0
DA:155,0
DA:159,0
DA:160,0
DA:164,0
DA:165,0
DA:166,0
DA:167,0
DA:168,0
DA:169,0
DA:170,0
DA:171,0
DA:172,0
DA:174,0
DA:175,0
DA:176,0
DA:178,0
DA:179,0
DA:180,0
DA:181,0
DA:182,0
DA:185,0
DA:186,0
DA:187,0
DA:191,0
DA:193,0
DA:196,0
DA:200,0
DA:201,0
DA:202,0
DA:208,0
DA:212,0
DA:213,0
DA:214,0
DA:218,0
DA:219,0
DA:221,0
LF:116
LH:0
end_of_record
TN:
SF:/Users/roberdan/GitHub/ConvergioCLI-education/src/agentic/tool_detector.c
FNL:0,108,130
FNA:0,0,detect_package_manager
FNL:1,132,145
FNA:1,0,package_manager_name
FNL:2,33,34
FNA:2,0,get_common_tools
FNL:3,41,57
FNA:3,0,tool_exists
FNL:4,63,102
FNA:4,0,detect_missing_tools
FNF:5
FNH:0
DA:33,0
DA:34,0
DA:41,0
DA:42,0
DA:43,0
DA:47,0
DA:48,0
DA:50,0
DA:51,0
DA:55,0
DA:56,0
DA:57,0
DA:63,0
DA:64,0
DA:65,0
DA:67,0
DA:68,0
DA:69,0
DA:71,0
DA:72,0
DA:74,0
DA:75,0
DA:76,0
DA:77,0
DA:78,0
DA:79,0
DA:80,0
DA:81,0
DA:83,0
DA:85,0
DA:86,0
DA:89,0
DA:90,0
DA:91,0
DA:93,0
DA:94,0
DA:95,0
DA:96,0
DA:97,0
DA:98,0
DA:101,0
DA:102,0
DA:108,0
DA:110,0
DA:111,0
DA:115,0
DA:116,0
DA:120,0
DA:121,0
DA:125,0
DA:126,0
DA:129,0
DA:130,0
DA:132,0
DA:133,0
DA:135,0
DA:137,0
DA:139,0
DA:141,0
DA:143,0
DA:145,0
LF:61
LH:0
end_of_record
TN:
SF:/Users/roberdan/GitHub/ConvergioCLI-education/src/agentic/tool_installer.c
FNL:0,113,166
FNA:0,0,install_tool
FNL:1,42,49
FNA:1,0,find_tool_package
FNL:2,51,107
FNA:2,0,get_install_command
FNF:3
FNH:0
DA:42,0
DA:43,0
DA:44,0
DA:45,0
DA:47,0
DA:48,0
DA:49,0
DA:51,0
DA:52,0
DA:53,0
DA:57,0
DA:58,0
DA:59,0
DA:63,0
DA:67,0
DA:69,0
DA:71,0
DA:72,0
DA:73,0
DA:74,0
DA:76,0
DA:79,0
DA:80,0
DA:81,0
DA:82,0
DA:84,0
DA:87,0
DA:88,0
DA:89,0
DA:90,0
DA:92,0
DA:95,0
DA:96,0
DA:97,0
DA:98,0
DA:100,0
DA:103,0
DA:106,0
DA:107,0
DA:113,0
DA:114,0
DA:115,0
DA:116,0
DA:120,0
DA:121,0
DA:122,0
DA:126,0
DA:127,0
DA:128,0
DA:129,0
DA:130,0
DA:134,0
DA:135,0
DA:136,0
DA:140,0
DA:141,0
DA:142,0
DA:146,0
DA:147,0
DA:149,0
DA:151,0
DA:153,0
DA:154,0
DA:155,0
DA:157,0
DA:158,0
DA:159,0
DA:160,0
DA:163,0
DA:164,0
DA:166,0
LF:71
LH:0
end_of_record
TN:
SF:/Users/roberdan/GitHub/ConvergioCLI-education/src/agents/agent.c
FNL:0,125,152
FNA:0,0,nous_destroy_agent
FNL:1,161,197
FNA:1,0,transition_state
FNL:2,203,220
FNA:2,0,nous_agent_listen
FNL:3,222,249
FNA:3,0,nous_agent_speak
FNL:4,264,311
FNA:4,0,thinking_task_execute
FNL:5,313,330
FNA:5,0,nous_agent_think
FNL:6,336,374
FNA:6,0,nous_agent_trust
FNL:7,376,392
FNA:7,0,nous_agent_get_trust
FNL:8,398,421
FNA:8,0,nous_agent_add_skill
FNL:9,423,434
FNA:9,0,nous_agent_has_skill
FNL:10,440,448
FNA:10,0,nous_agents_foreach
FNL:11,450,466
FNA:11,0,nous_agent_find_by_skill
FNL:12,56,56
FNA:12,0,initialize_registry
FNL:13,58,63
FNA:13,0,__initialize_registry_block_invoke
FNL:14,65,123
FNA:14,0,nous_create_agent
FNF:15
FNH:0
DA:56,0
DA:58,0
DA:59,0
DA:61,0
DA:62,0
DA:63,0
DA:65,0
DA:66,0
DA:67,0
DA:69,0
DA:71,0
DA:72,0
DA:73,0
DA:76,0
DA:77,0
DA:78,0
DA:79,0
DA:83,0
DA:84,0
DA:85,0
DA:86,0
DA:87,0
DA:88,0
DA:89,0
DA:93,0
DA:96,0
DA:97,0
DA:98,0
DA:101,0
DA:102,0
DA:103,0
DA:104,0
DA:105,0
DA:106,0
DA:108,0
DA:111,0
DA:112,0
DA:113,0
DA:116,0
DA:117,0
DA:118,0
DA:119,0
DA:120,0
DA:122,0
DA:123,0
DA:125,0
DA:126,0
DA:127,0
DA:130,0
DA:131,0
DA:132,0
DA:133,0
DA:134,0
DA:136,0
DA:137,0
DA:140,0
DA:141,0
DA:142,0
DA:143,0
DA:144,0
DA:145,0
DA:147,0
DA:148,0
DA:149,0
DA:151,0
DA:152,0
DA:161,0
DA:162,0
DA:163,0
DA:165,0
DA:166,0
DA:175,0
DA:176,0
DA:179,0
DA:180,0
DA:182,0
DA:183,0
DA:185,0
DA:186,0
DA:187,0
DA:189,0
DA:190,0
DA:195,0
DA:196,0
DA:197,0
DA:203,0
DA:204,0
DA:205,0
DA:208,0
DA:211,0
DA:212,0
DA:213,0
DA:214,0
DA:217,0
DA:219,0
DA:220,0
DA:222,0
DA:223,0
DA:224,0
DA:227,0
DA:230,0
DA:231,0
DA:232,0
DA:233,0
DA:237,0
DA:240,0
DA:241,0
DA:242,0
DA:243,0
DA:246,0
DA:248,0
DA:249,0
DA:264,0
DA:265,0
DA:266,0
DA:268,0
DA:273,0
DA:275,0
DA:277,0
DA:278,0
DA:279,0
DA:280,0
DA:282,0
DA:285,0
DA:286,0
DA:287,0
DA:288,0
DA:290,0
DA:293,0
DA:294,0
DA:297,0
DA:298,0
DA:300,0
DA:301,0
DA:302,0
DA:305,0
DA:307,0
DA:309,0
DA:310,0
DA:311,0
DA:313,0
DA:314,0
DA:315,0
DA:317,0
DA:318,0
DA:319,0
DA:321,0
DA:322,0
DA:323,0
DA:324,0
DA:327,0
DA:329,0
DA:330,0
DA:336,0
DA:337,0
DA:338,0
DA:340,0
DA:343,0
DA:344,0
DA:346,0
DA:347,0
DA:348,0
DA:350,0
DA:353,0
DA:354,0
DA:355,0
DA:357,0
DA:358,0
DA:359,0
DA:362,0
DA:363,0
DA:364,0
DA:365,0
DA:366,0
DA:368,0
DA:371,0
DA:373,0
DA:374,0
DA:376,0
DA:377,0
DA:378,0
DA:380,0
DA:382,0
DA:383,0
DA:384,0
DA:385,0
DA:386,0
DA:387,0
DA:388,0
DA:390,0
DA:391,0
DA:392,0
DA:398,0
DA:399,0
DA:400,0
DA:402,0
DA:403,0
DA:404,0
DA:406,0
DA:407,0
DA:409,0
DA:410,0
DA:412,0
DA:415,0
DA:416,0
DA:417,0
DA:418,0
DA:420,0
DA:421,0
DA:423,0
DA:424,0
DA:425,0
DA:427,0
DA:428,0
DA:429,0
DA:431,0
DA:433,0
DA:434,0
DA:440,0
DA:441,0
DA:443,0
DA:444,0
DA:445,0
DA:447,0
DA:448,0
DA:450,0
DA:451,0
DA:452,0
DA:454,0
DA:456,0
DA:457,0
DA:458,0
DA:459,0
DA:460,0
DA:461,0
DA:462,0
DA:464,0
DA:465,0
DA:466,0
LF:239
LH:0
end_of_record
TN:
SF:/Users/roberdan/GitHub/ConvergioCLI-education/src/agents/agent_config.c
FNL:0,157,164
FNA:0,0,config_find
FNL:1,166,173
FNA:1,0,config_find_default
FNL:2,179,205
FNA:2,0,agent_config_init
FNL:3,207,219
FNA:3,0,agent_config_shutdown
FNL:4,225,232
FNA:4,0,agent_config_get
FNL:5,234,247
FNA:5,0,agent_config_get_model
FNL:6,249,261
FNA:6,0,agent_config_get_provider
FNL:7,267,277
FNA:7,0,agent_config_set_model
FNL:8,279,289
FNA:8,0,agent_config_set_fallback
FNL:9,291,298
FNA:9,0,agent_config_set_temperature
FNL:10,300,307
FNA:10,0,agent_config_set_max_tokens
FNL:11,340,352
FNA:11,0,parse_provider
FNL:12,354,374
FNA:12,0,parse_role
FNL:13,377,391
FNA:13,0,extract_string
FNL:14,393,406
FNA:14,0,extract_number
FNL:15,408,421
FNA:15,0,extract_bool
FNL:16,423,511
FNA:16,0,agent_config_load_json
FNL:17,517,564
FNA:17,0,agent_config_load_directory
FNL:18,570,604
FNA:18,0,agent_config_to_json
FNL:19,606,626
FNA:19,0,agent_config_list_json
FNF:20
FNH:0
DA:157,0
DA:158,0
DA:159,0
DA:160,0
DA:162,0
DA:163,0
DA:164,0
DA:166,0
DA:167,0
DA:168,0
DA:169,0
DA:171,0
DA:172,0
DA:173,0
DA:179,0
DA:181,0
DA:182,0
DA:183,0
DA:184,0
DA:187,0
DA:188,0
DA:189,0
DA:190,0
DA:191,0
DA:192,0
DA:193,0
DA:195,0
DA:196,0
DA:197,0
DA:198,0
DA:199,0
DA:200,0
DA:201,0
DA:202,0
DA:204,0
DA:205,0
DA:207,0
DA:208,0
DA:209,0
DA:210,0
DA:211,0
DA:212,0
DA:213,0
DA:214,0
DA:215,0
DA:216,0
DA:217,0
DA:218,0
DA:219,0
DA:225,0
DA:226,0
DA:227,0
DA:228,0
DA:231,0
DA:232,0
DA:234,0
DA:235,0
DA:236,0
DA:237,0
DA:240,0
DA:241,0
DA:242,0
DA:243,0
DA:246,0
DA:247,0
DA:249,0
DA:250,0
DA:251,0
DA:252,0
DA:254,0
DA:255,0
DA:256,0
DA:257,0
DA:260,0
DA:261,0
DA:267,0
DA:268,0
DA:269,0
DA:270,0
DA:272,0
DA:273,0
DA:274,0
DA:276,0
DA:277,0
DA:279,0
DA:280,0
DA:281,0
DA:282,0
DA:284,0
DA:285,0
DA:286,0
DA:288,0
DA:289,0
DA:291,0
DA:292,0
DA:293,0
DA:294,0
DA:296,0
DA:297,0
DA:298,0
DA:300,0
DA:301,0
DA:302,0
DA:303,0
DA:305,0
DA:306,0
DA:307,0
DA:340,0
DA:341,0
DA:342,0
DA:343,0
DA:344,0
DA:345,0
DA:346,0
DA:347,0
DA:348,0
DA:349,0
DA:350,0
DA:351,0
DA:352,0
DA:354,0
DA:355,0
DA:356,0
DA:357,0
DA:358,0
DA:359,0
DA:360,0
DA:361,0
DA:362,0
DA:363,0
DA:364,0
DA:365,0
DA:366,0
DA:367,0
DA:368,0
DA:369,0
DA:370,0
DA:371,0
DA:372,0
DA:373,0
DA:374,0
DA:377,0
DA:378,0
DA:379,0
DA:381,0
DA:382,0
DA:383,0
DA:385,0
DA:386,0
DA:387,0
DA:388,0
DA:390,0
DA:391,0
DA:393,0
DA:394,0
DA:395,0
DA:397,0
DA:398,0
DA:399,0
DA:401,0
DA:402,0
DA:403,0
DA:405,0
DA:406,0
DA:408,0
DA:409,0
DA:410,0
DA:412,0
DA:413,0
DA:414,0
DA:416,0
DA:417,0
DA:418,0
DA:420,0
DA:421,0
DA:423,0
DA:424,0
DA:425,0
DA:427,0
DA:428,0
DA:429,0
DA:432,0
DA:433,0
DA:435,0
DA:436,0
DA:437,0
DA:438,0
DA:439,0
DA:440,0
DA:441,0
DA:443,0
DA:444,0
DA:445,0
DA:446,0
DA:447,0
DA:448,0
DA:452,0
DA:453,0
DA:454,0
DA:455,0
DA:456,0
DA:458,0
DA:459,0
DA:460,0
DA:461,0
DA:462,0
DA:465,0
DA:466,0
DA:467,0
DA:468,0
DA:469,0
DA:470,0
DA:471,0
DA:472,0
DA:473,0
DA:474,0
DA:475,0
DA:478,0
DA:479,0
DA:480,0
DA:481,0
DA:482,0
DA:483,0
DA:484,0
DA:485,0
DA:486,0
DA:487,0
DA:488,0
DA:491,0
DA:492,0
DA:493,0
DA:494,0
DA:495,0
DA:496,0
DA:497,0
DA:498,0
DA:499,0
DA:500,0
DA:503,0
DA:504,0
DA:505,0
DA:506,0
DA:507,0
DA:508,0
DA:510,0
DA:511,0
DA:517,0
DA:518,0
DA:519,0
DA:520,0
DA:522,0
DA:523,0
DA:525,0
DA:527,0
DA:528,0
DA:529,0
DA:532,0
DA:533,0
DA:536,0
DA:537,0
DA:538,0
DA:540,0
DA:541,0
DA:542,0
DA:544,0
DA:545,0
DA:546,0
DA:547,0
DA:550,0
DA:551,0
DA:552,0
DA:555,0
DA:556,0
DA:557,0
DA:559,0
DA:560,0
DA:562,0
DA:563,0
DA:564,0
DA:570,0
DA:571,0
DA:572,0
DA:573,0
DA:575,0
DA:576,0
DA:579,0
DA:580,0
DA:581,0
DA:582,0
DA:584,0
DA:603,0
DA:604,0
DA:606,0
DA:607,0
DA:608,0
DA:609,0
DA:610,0
DA:612,0
DA:614,0
DA:615,0
DA:616,0
DA:617,0
DA:618,0
DA:622,0
DA:624,0
DA:625,0
DA:626,0
LF:307
LH:0
end_of_record
TN:
SF:/Users/roberdan/GitHub/ConvergioCLI-education/src/agents/embedded_agents.c
FNL:0,14877,14884
FNA:0,0,get_embedded_agent
FNL:1,14886,14888
FNA:1,0,get_all_embedded_agents
FNF:2
FNH:0
DA:14877,0
DA:14878,0
DA:14879,0
DA:14880,0
DA:14882,0
DA:14883,0
DA:14884,0
DA:14886,0
DA:14887,0
DA:14888,0
LF:10
LH:0
end_of_record
TN:
SF:/Users/roberdan/GitHub/ConvergioCLI-education/src/auth/keychain.m
FNL:0,121
FNA:0,0,convergio_keychain_delete
FNL:1,147
FNA:1,0,convergio_keychain_exists
FNL:2,22
FNA:2,0,convergio_keychain_store
FNL:3,81
FNA:3,0,convergio_keychain_read
FNF:4
FNH:0
DA:22,0
DA:23,0
DA:24,0
DA:27,0
DA:28,0
DA:29,0
DA:30,0
DA:33,0
DA:34,0
DA:35,0
DA:36,0
DA:38,0
DA:43,0
DA:44,0
DA:45,0
DA:46,0
DA:47,0
DA:48,0
DA:50,0
DA:53,0
DA:55,0
DA:56,0
DA:57,0
DA:59,0
DA:60,0
DA:61,0
DA:62,0
DA:64,0
DA:65,0
DA:68,0
DA:69,0
DA:70,0
DA:71,0
DA:73,0
DA:74,0
DA:75,0
DA:81,0
DA:82,0
DA:83,0
DA:86,0
DA:87,0
DA:88,0
DA:90,0
DA:91,0
DA:92,0
DA:93,0
DA:94,0
DA:95,0
DA:96,0
DA:99,0
DA:100,0
DA:102,0
DA:103,0
DA:104,0
DA:105,0
DA:106,0
DA:107,0
DA:108,0
DA:109,0
DA:111,0
DA:113,0
DA:114,0
DA:115,0
DA:121,0
DA:122,0
DA:123,0
DA:126,0
DA:127,0
DA:128,0
DA:130,0
DA:131,0
DA:132,0
DA:133,0
DA:134,0
DA:137,0
DA:139,0
DA:140,0
DA:141,0
DA:147,0
DA:148,0
DA:149,0
DA:152,0
DA:153,0
DA:154,0
DA:156,0
DA:157,0
DA:158,0
DA:159,0
DA:160,0
DA:161,0
DA:164,0
DA:166,0
DA:167,0
DA:168,0
LF:94
LH:0
end_of_record
TN:
SF:/Users/roberdan/GitHub/ConvergioCLI-education/src/auth/oauth.m
FNL:0,101
FNA:0,0,generate_state_param
FNL:1,127
FNA:1,0,base64url_encode
FNL:2,159
FNA:2,0,secure_random
FNL:3,170
FNA:3,0,url_encode
FNL:4,188
FNA:4,0,generate_code_verifier
FNL:5,200
FNA:5,0,generate_code_challenge
FNL:6,213
FNA:6,0,keychain_store
FNL:7,243
FNA:7,0,keychain_load
FNL:8,270
FNA:8,0,keychain_delete
FNL:9,283
FNA:9,0,keychain_store_tokens
FNL:10,308
FNA:10,0,keychain_load_tokens
FNL:11,329
FNA:11,0,keychain_delete_tokens
FNL:12,344
FNA:12,0,start_callback_server
FNL:13,375
FNA:13,0,wait_for_oauth_code
FNL:14,489
FNA:14,0,oauth_curl_write_callback
FNL:15,50
FNA:15,0,secure_zero
FNL:16,519
FNA:16,0,json_extract_string
FNL:17,548
FNA:17,0,json_extract_int
FNL:18,563
FNA:18,0,exchange_code_for_tokens
FNL:19,61
FNA:19,0,secure_free
FNL:20,671
FNA:20,0,auth_init
FNL:21,706
FNA:21,0,auth_shutdown
FNL:22,720
FNA:22,0,auth_get_mode
FNL:23,724
FNA:23,0,auth_is_authenticated
FNL:24,73
FNA:24,0,secure_memcmp
FNL:25,739
FNA:25,0,auth_get_header
FNL:26,760
FNA:26,0,auth_get_status_string
FNL:27,797
FNA:27,0,auth_oauth_login
FNL:28,88
FNA:28,0,validate_token_format
FNL:29,881
FNA:29,0,auth_oauth_refresh
FNL:30,973
FNA:30,0,auth_logout
FNF:31
FNH:0
DA:50,0
DA:51,0
DA:52,0
DA:53,0
DA:54,0
DA:56,0
DA:61,0
DA:62,0
DA:63,0
DA:64,0
DA:65,0
DA:66,0
DA:67,0
DA:73,0
DA:74,0
DA:75,0
DA:76,0
DA:77,0
DA:78,0
DA:79,0
DA:80,0
DA:81,0
DA:88,0
DA:89,0
DA:90,0
DA:91,0
DA:92,0
DA:93,0
DA:95,0
DA:96,0
DA:101,0
DA:102,0
DA:103,0
DA:104,0
DA:105,0
DA:106,0
DA:107,0
DA:110,0
DA:111,0
DA:112,0
DA:113,0
DA:114,0
DA:115,0
DA:116,0
DA:117,0
DA:127,0
DA:131,0
DA:132,0
DA:133,0
DA:135,0
DA:136,0
DA:137,0
DA:138,0
DA:139,0
DA:141,0
DA:143,0
DA:144,0
DA:145,0
DA:146,0
DA:147,0
DA:150,0
DA:151,0
DA:153,0
DA:154,0
DA:159,0
DA:160,0
DA:161,0
DA:162,0
DA:163,0
DA:164,0
DA:165,0
DA:170,0
DA:171,0
DA:172,0
DA:173,0
DA:174,0
DA:175,0
DA:176,0
DA:177,0
DA:178,0
DA:188,0
DA:189,0
DA:190,0
DA:191,0
DA:193,0
DA:194,0
DA:200,0
DA:201,0
DA:202,0
DA:203,0
DA:204,0
DA:213,0
DA:214,0
DA:217,0
DA:218,0
DA:219,0
DA:220,0
DA:222,0
DA:225,0
DA:227,0
DA:228,0
DA:229,0
DA:230,0
DA:231,0
DA:232,0
DA:235,0
DA:236,0
DA:237,0
DA:243,0
DA:244,0
DA:245,0
DA:246,0
DA:247,0
DA:248,0
DA:249,0
DA:252,0
DA:253,0
DA:256,0
DA:257,0
DA:261,0
DA:262,0
DA:264,0
DA:265,0
DA:270,0
DA:271,0
DA:272,0
DA:273,0
DA:274,0
DA:276,0
DA:278,0
DA:283,0
DA:284,0
DA:285,0
DA:288,0
DA:289,0
DA:291,0
DA:292,0
DA:296,0
DA:297,0
DA:298,0
DA:299,0
DA:302,0
DA:303,0
DA:308,0
DA:309,0
DA:311,0
DA:313,0
DA:314,0
DA:316,0
DA:317,0
DA:318,0
DA:319,0
DA:320,0
DA:323,0
DA:324,0
DA:329,0
DA:330,0
DA:331,0
DA:332,0
DA:333,0
DA:344,0
DA:345,0
DA:346,0
DA:348,0
DA:349,0
DA:351,0
DA:353,0
DA:357,0
DA:358,0
DA:359,0
DA:363,0
DA:364,0
DA:365,0
DA:367,0
DA:368,0
DA:369,0
DA:375,0
DA:377,0
DA:378,0
DA:380,0
DA:381,0
DA:382,0
DA:386,0
DA:387,0
DA:388,0
DA:389,0
DA:390,0
DA:395,0
DA:396,0
DA:397,0
DA:400,0
DA:401,0
DA:402,0
DA:403,0
DA:404,0
DA:405,0
DA:407,0
DA:409,0
DA:410,0
DA:411,0
DA:412,0
DA:413,0
DA:414,0
DA:415,0
DA:416,0
DA:419,0
DA:420,0
DA:421,0
DA:422,0
DA:423,0
DA:424,0
DA:426,0
DA:427,0
DA:428,0
DA:429,0
DA:430,0
DA:431,0
DA:433,0
DA:434,0
DA:435,0
DA:436,0
DA:437,0
DA:440,0
DA:441,0
DA:442,0
DA:443,0
DA:444,0
DA:447,0
DA:468,0
DA:469,0
DA:471,0
DA:472,0
DA:489,0
DA:490,0
DA:491,0
DA:494,0
DA:495,0
DA:498,0
DA:499,0
DA:501,0
DA:502,0
DA:503,0
DA:504,0
DA:505,0
DA:506,0
DA:507,0
DA:509,0
DA:510,0
DA:511,0
DA:512,0
DA:513,0
DA:514,0
DA:519,0
DA:520,0
DA:521,0
DA:523,0
DA:524,0
DA:526,0
DA:527,0
DA:528,0
DA:529,0
DA:531,0
DA:532,0
DA:533,0
DA:534,0
DA:537,0
DA:538,0
DA:539,0
DA:540,0
DA:541,0
DA:542,0
DA:543,0
DA:548,0
DA:549,0
DA:550,0
DA:552,0
DA:553,0
DA:555,0
DA:556,0
DA:557,0
DA:558,0
DA:563,0
DA:564,0
DA:565,0
DA:568,0
DA:569,0
DA:573,0
DA:574,0
DA:575,0
DA:577,0
DA:578,0
DA:579,0
DA:580,0
DA:581,0
DA:582,0
DA:585,0
DA:586,0
DA:594,0
DA:595,0
DA:596,0
DA:599,0
DA:600,0
DA:601,0
DA:602,0
DA:603,0
DA:604,0
DA:606,0
DA:607,0
DA:608,0
DA:610,0
DA:612,0
DA:613,0
DA:615,0
DA:616,0
DA:618,0
DA:619,0
DA:621,0
DA:622,0
DA:623,0
DA:624,0
DA:625,0
DA:629,0
DA:630,0
DA:631,0
DA:634,0
DA:635,0
DA:638,0
DA:639,0
DA:640,0
DA:641,0
DA:642,0
DA:645,0
DA:646,0
DA:647,0
DA:648,0
DA:649,0
DA:653,0
DA:654,0
DA:655,0
DA:656,0
DA:657,0
DA:660,0
DA:661,0
DA:662,0
DA:664,0
DA:665,0
DA:671,0
DA:672,0
DA:675,0
DA:677,0
DA:678,0
DA:679,0
DA:680,0
DA:684,0
DA:685,0
DA:686,0
DA:687,0
DA:689,0
DA:692,0
DA:693,0
DA:694,0
DA:695,0
DA:696,0
DA:697,0
DA:701,0
DA:702,0
DA:703,0
DA:704,0
DA:706,0
DA:707,0
DA:710,0
DA:711,0
DA:712,0
DA:713,0
DA:714,0
DA:716,0
DA:717,0
DA:718,0
DA:720,0
DA:721,0
DA:724,0
DA:725,0
DA:727,0
DA:729,0
DA:732,0
DA:733,0
DA:735,0
DA:737,0
DA:739,0
DA:740,0
DA:742,0
DA:744,0
DA:748,0
DA:749,0
DA:750,0
DA:752,0
DA:753,0
DA:756,0
DA:758,0
DA:760,0
DA:761,0
DA:762,0
DA:764,0
DA:766,0
DA:768,0
DA:770,0
DA:771,0
DA:773,0
DA:777,0
DA:778,0
DA:779,0
DA:781,0
DA:782,0
DA:784,0
DA:785,0
DA:788,0
DA:791,0
DA:792,0
DA:794,0
DA:795,0
DA:797,0
DA:799,0
DA:800,0
DA:802,0
DA:803,0
DA:804,0
DA:805,0
DA:806,0
DA:810,0
DA:811,0
DA:812,0
DA:813,0
DA:814,0
DA:815,0
DA:816,0
DA:820,0
DA:821,0
DA:822,0
DA:823,0
DA:824,0
DA:825,0
DA:826,0
DA:830,0
DA:831,0
DA:847,0
DA:850,0
DA:851,0
DA:853,0
DA:854,0
DA:857,0
DA:858,0
DA:859,0
DA:861,0
DA:862,0
DA:863,0
DA:864,0
DA:868,0
DA:869,0
DA:870,0
DA:871,0
DA:873,0
DA:874,0
DA:875,0
DA:876,0
DA:878,0
DA:879,0
DA:881,0
DA:882,0
DA:883,0
DA:886,0
DA:887,0
DA:890,0
DA:891,0
DA:898,0
DA:899,0
DA:900,0
DA:901,0
DA:902,0
DA:903,0
DA:905,0
DA:906,0
DA:907,0
DA:909,0
DA:912,0
DA:914,0
DA:915,0
DA:917,0
DA:918,0
DA:920,0
DA:922,0
DA:923,0
DA:924,0
DA:925,0
DA:926,0
DA:930,0
DA:931,0
DA:932,0
DA:935,0
DA:936,0
DA:939,0
DA:940,0
DA:941,0
DA:944,0
DA:945,0
DA:946,0
DA:947,0
DA:950,0
DA:951,0
DA:952,0
DA:953,0
DA:957,0
DA:958,0
DA:960,0
DA:961,0
DA:962,0
DA:963,0
DA:965,0
DA:968,0
DA:970,0
DA:971,0
DA:973,0
DA:975,0
DA:976,0
DA:977,0
DA:980,0
DA:983,0
DA:986,0
DA:989,0
DA:992,0
DA:993,0
DA:994,0
DA:995,0
DA:996,0
DA:998,0
DA:999,0
LF:535
LH:0
end_of_record
TN:
SF:/Users/roberdan/GitHub/ConvergioCLI-education/src/compare/compare.c
FNL:0,141,198
FNA:0,0,compare_models
FNL:1,204,315
FNA:1,0,benchmark_model
FNL:2,28,34
FNA:2,0,compare_options_default
FNL:3,41,51
FNA:3,0,compare_results_free
FNL:4,57,134
FNA:4,0,sequential_execute
FNF:5
FNH:0
DA:28,0
DA:29,0
DA:34,0
DA:41,0
DA:42,0
DA:43,0
DA:45,0
DA:46,0
DA:47,0
DA:48,0
DA:49,0
DA:50,0
DA:51,0
DA:57,0
DA:59,0
DA:60,0
DA:63,0
DA:64,0
DA:65,0
DA:66,0
DA:67,0
DA:68,0
DA:69,0
DA:70,0
DA:73,0
DA:74,0
DA:75,0
DA:76,0
DA:77,0
DA:81,0
DA:82,0
DA:83,0
DA:84,0
DA:85,0
DA:87,0
DA:88,0
DA:89,0
DA:90,0
DA:91,0
DA:92,0
DA:94,0
DA:95,0
DA:96,0
DA:97,0
DA:98,0
DA:102,0
DA:103,0
DA:105,0
DA:106,0
DA:108,0
DA:110,0
DA:111,0
DA:113,0
DA:114,0
DA:115,0
DA:116,0
DA:117,0
DA:118,0
DA:119,0
DA:121,0
DA:123,0
DA:124,0
DA:125,0
DA:126,0
DA:127,0
DA:128,0
DA:130,0
DA:131,0
DA:132,0
DA:134,0
DA:141,0
DA:143,0
DA:144,0
DA:145,0
DA:149,0
DA:150,0
DA:151,0
DA:152,0
DA:156,0
DA:159,0
DA:160,0
DA:161,0
DA:162,0
DA:166,0
DA:167,0
DA:168,0
DA:169,0
DA:170,0
DA:171,0
DA:172,0
DA:175,0
DA:176,0
DA:177,0
DA:180,0
DA:183,0
DA:184,0
DA:185,0
DA:186,0
DA:187,0
DA:188,0
DA:189,0
DA:190,0
DA:192,0
DA:193,0
DA:194,0
DA:197,0
DA:198,0
DA:204,0
DA:206,0
DA:207,0
DA:208,0
DA:212,0
DA:213,0
DA:214,0
DA:215,0
DA:219,0
DA:220,0
DA:223,0
DA:224,0
DA:225,0
DA:226,0
DA:230,0
DA:231,0
DA:232,0
DA:233,0
DA:235,0
DA:236,0
DA:237,0
DA:238,0
DA:239,0
DA:241,0
DA:242,0
DA:243,0
DA:244,0
DA:248,0
DA:249,0
DA:250,0
DA:251,0
DA:252,0
DA:254,0
DA:256,0
DA:257,0
DA:258,0
DA:260,0
DA:261,0
DA:263,0
DA:265,0
DA:266,0
DA:268,0
DA:269,0
DA:270,0
DA:271,0
DA:272,0
DA:273,0
DA:276,0
DA:277,0
DA:278,0
DA:279,0
DA:281,0
DA:282,0
DA:283,0
DA:285,0
DA:287,0
DA:288,0
DA:289,0
DA:293,0
DA:294,0
DA:295,0
DA:296,0
DA:297,0
DA:299,0
DA:303,0
DA:304,0
DA:305,0
DA:306,0
DA:307,0
DA:308,0
DA:309,0
DA:310,0
DA:311,0
DA:312,0
DA:314,0
DA:315,0
LF:183
LH:0
end_of_record
TN:
SF:/Users/roberdan/GitHub/ConvergioCLI-education/src/compare/diff.c
FNL:0,160,167
FNA:0,0,free_diff_lines
FNL:1,173,233
FNA:1,0,generate_response_diff
FNL:2,22,66
FNA:2,0,split_lines
FNL:3,239,298
FNA:3,0,display_all_diffs
FNL:4,68,77
FNA:4,0,free_line_array
FNL:5,92,158
FNA:5,0,generate_diff_lines
FNF:6
FNH:0
DA:22,0
DA:23,0
DA:24,0
DA:25,0
DA:28,0
DA:29,0
DA:30,0
DA:31,0
DA:32,0
DA:35,0
DA:36,0
DA:37,0
DA:40,0
DA:41,0
DA:43,0
DA:44,0
DA:45,0
DA:46,0
DA:47,0
DA:48,0
DA:49,0
DA:50,0
DA:51,0
DA:52,0
DA:53,0
DA:54,0
DA:57,0
DA:58,0
DA:59,0
DA:60,0
DA:61,0
DA:62,0
DA:64,0
DA:66,0
DA:68,0
DA:69,0
DA:70,0
DA:71,0
DA:72,0
DA:73,0
DA:74,0
DA:75,0
DA:76,0
DA:77,0
DA:92,0
DA:95,0
DA:96,0
DA:97,0
DA:98,0
DA:100,0
DA:101,0
DA:103,0
DA:104,0
DA:106,0
DA:107,0
DA:108,0
DA:109,0
DA:110,0
DA:111,0
DA:113,0
DA:114,0
DA:115,0
DA:116,0
DA:117,0
DA:118,0
DA:120,0
DA:121,0
DA:122,0
DA:123,0
DA:124,0
DA:125,0
DA:126,0
DA:127,0
DA:130,0
DA:131,0
DA:133,0
DA:134,0
DA:135,0
DA:136,0
DA:138,0
DA:139,0
DA:140,0
DA:141,0
DA:143,0
DA:144,0
DA:145,0
DA:147,0
DA:148,0
DA:149,0
DA:150,0
DA:151,0
DA:156,0
DA:157,0
DA:158,0
DA:160,0
DA:161,0
DA:162,0
DA:163,0
DA:164,0
DA:165,0
DA:166,0
DA:167,0
DA:173,0
DA:175,0
DA:176,0
DA:179,0
DA:180,0
DA:182,0
DA:183,0
DA:184,0
DA:185,0
DA:189,0
DA:190,0
DA:193,0
DA:194,0
DA:195,0
DA:196,0
DA:197,0
DA:198,0
DA:199,0
DA:202,0
DA:203,0
DA:205,0
DA:208,0
DA:209,0
DA:211,0
DA:213,0
DA:215,0
DA:217,0
DA:219,0
DA:221,0
DA:226,0
DA:228,0
DA:229,0
DA:230,0
DA:232,0
DA:233,0
DA:239,0
DA:240,0
DA:241,0
DA:243,0
DA:244,0
DA:245,0
DA:248,0
DA:249,0
DA:250,0
DA:251,0
DA:252,0
DA:254,0
DA:256,0
DA:257,0
DA:258,0
DA:261,0
DA:262,0
DA:263,0
DA:264,0
DA:265,0
DA:267,0
DA:268,0
DA:270,0
DA:271,0
DA:272,0
DA:274,0
DA:275,0
DA:276,0
DA:277,0
DA:278,0
DA:279,0
DA:280,0
DA:283,0
DA:284,0
DA:285,0
DA:286,0
DA:287,0
DA:288,0
DA:289,0
DA:291,0
DA:293,0
DA:294,0
DA:296,0
DA:297,0
DA:298,0
LF:182
LH:0
end_of_record
TN:
SF:/Users/roberdan/GitHub/ConvergioCLI-education/src/compare/parallel.c
FNL:0,117,178
FNA:0,0,parallel_execute
FNL:1,32,111
FNA:1,0,execute_model_request
FNF:2
FNH:0
DA:32,0
DA:33,0
DA:34,0
DA:37,0
DA:38,0
DA:39,0
DA:40,0
DA:41,0
DA:42,0
DA:43,0
DA:44,0
DA:47,0
DA:48,0
DA:49,0
DA:50,0
DA:51,0
DA:55,0
DA:56,0
DA:57,0
DA:58,0
DA:59,0
DA:61,0
DA:62,0
DA:63,0
DA:64,0
DA:65,0
DA:66,0
DA:68,0
DA:69,0
DA:70,0
DA:71,0
DA:72,0
DA:76,0
DA:77,0
DA:79,0
DA:80,0
DA:82,0
DA:85,0
DA:86,0
DA:89,0
DA:90,0
DA:91,0
DA:92,0
DA:93,0
DA:94,0
DA:95,0
DA:97,0
DA:99,0
DA:101,0
DA:102,0
DA:103,0
DA:104,0
DA:105,0
DA:107,0
DA:108,0
DA:110,0
DA:111,0
DA:117,0
DA:119,0
DA:120,0
DA:121,0
DA:125,0
DA:126,0
DA:127,0
DA:128,0
DA:132,0
DA:134,0
DA:135,0
DA:136,0
DA:137,0
DA:138,0
DA:140,0
DA:141,0
DA:142,0
DA:144,0
DA:145,0
DA:146,0
DA:147,0
DA:148,0
DA:150,0
DA:153,0
DA:155,0
DA:156,0
DA:157,0
DA:158,0
DA:159,0
DA:160,0
DA:162,0
DA:164,0
DA:167,0
DA:168,0
DA:169,0
DA:170,0
DA:171,0
DA:172,0
DA:174,0
DA:177,0
DA:178,0
LF:98
LH:0
end_of_record
TN:
SF:/Users/roberdan/GitHub/ConvergioCLI-education/src/compare/render.c
FNL:0,131,195
FNA:0,0,render_metrics_chart
FNL:1,17,22
FNA:1,0,print_separator
FNL:2,201,231
FNA:2,0,json_escape_string
FNL:3,233,290
FNA:3,0,render_comparison_json
FNL:4,24,58
FNA:4,0,truncate_string
FNL:5,64,125
FNA:5,0,render_comparison_table
FNF:6
FNH:0
DA:17,0
DA:18,0
DA:19,0
DA:20,0
DA:21,0
DA:22,0
DA:24,0
DA:25,0
DA:26,0
DA:28,0
DA:29,0
DA:33,0
DA:34,0
DA:37,0
DA:38,0
DA:39,0
DA:43,0
DA:44,0
DA:45,0
DA:46,0
DA:47,0
DA:48,0
DA:50,0
DA:51,0
DA:52,0
DA:53,0
DA:55,0
DA:56,0
DA:57,0
DA:58,0
DA:64,0
DA:66,0
DA:67,0
DA:68,0
DA:71,0
DA:72,0
DA:73,0
DA:74,0
DA:75,0
DA:78,0
DA:79,0
DA:80,0
DA:82,0
DA:83,0
DA:85,0
DA:86,0
DA:88,0
DA:89,0
DA:90,0
DA:91,0
DA:92,0
DA:93,0
DA:94,0
DA:95,0
DA:97,0
DA:98,0
DA:99,0
DA:101,0
DA:104,0
DA:105,0
DA:106,0
DA:107,0
DA:110,0
DA:111,0
DA:112,0
DA:114,0
DA:115,0
DA:117,0
DA:118,0
DA:119,0
DA:120,0
DA:121,0
DA:122,0
DA:123,0
DA:124,0
DA:125,0
DA:131,0
DA:132,0
DA:133,0
DA:136,0
DA:137,0
DA:139,0
DA:140,0
DA:141,0
DA:142,0
DA:143,0
DA:144,0
DA:145,0
DA:146,0
DA:148,0
DA:149,0
DA:150,0
DA:153,0
DA:154,0
DA:157,0
DA:158,0
DA:159,0
DA:160,0
DA:161,0
DA:162,0
DA:163,0
DA:164,0
DA:166,0
DA:167,0
DA:168,0
DA:169,0
DA:170,0
DA:171,0
DA:172,0
DA:173,0
DA:174,0
DA:177,0
DA:178,0
DA:179,0
DA:180,0
DA:181,0
DA:182,0
DA:183,0
DA:184,0
DA:186,0
DA:187,0
DA:188,0
DA:189,0
DA:190,0
DA:191,0
DA:192,0
DA:193,0
DA:194,0
DA:195,0
DA:201,0
DA:202,0
DA:203,0
DA:204,0
DA:206,0
DA:207,0
DA:208,0
DA:210,0
DA:211,0
DA:212,0
DA:214,0
DA:215,0
DA:216,0
DA:218,0
DA:219,0
DA:220,0
DA:222,0
DA:223,0
DA:224,0
DA:226,0
DA:227,0
DA:229,0
DA:230,0
DA:231,0
DA:233,0
DA:234,0
DA:235,0
DA:238,0
DA:239,0
DA:240,0
DA:241,0
DA:243,0
DA:244,0
DA:246,0
DA:247,0
DA:249,0
DA:250,0
DA:252,0
DA:255,0
DA:256,0
DA:258,0
DA:260,0
DA:262,0
DA:264,0
DA:265,0
DA:266,0
DA:267,0
DA:269,0
DA:270,0
DA:272,0
DA:273,0
DA:274,0
DA:275,0
DA:276,0
DA:277,0
DA:278,0
DA:279,0
DA:284,0
DA:285,0
DA:287,0
DA:289,0
DA:290,0
LF:191
LH:0
end_of_record
TN:
SF:/Users/roberdan/GitHub/ConvergioCLI-education/src/context/compaction.c
FNL:0,115,116
FNA:0,0,compaction_get_threshold
FNL:1,119,123
FNA:1,0,compaction_reset_threshold
FNL:2,129,149
FNA:2,11,compaction_needed
FNL:3,155,260
FNA:3,3,compaction_summarize
FNL:4,266,270
FNA:4,0,compaction_get_checkpoint
FNL:5,272,276
FNA:5,10,compaction_get_checkpoint_count
FNL:6,282,388
FNA:6,4,compaction_build_context
FNL:7,394,400
FNA:7,3,compaction_result_free
FNL:8,406,413
FNA:8,0,compaction_get_stats
FNL:9,60,76
FNA:9,4,compaction_init
FNL:10,78,81
FNA:10,3,compaction_shutdown
FNL:11,87,113
FNA:11,0,compaction_set_dynamic_threshold
FNF:12
FNH:7
DA:60,4
DA:61,4
DA:62,2
DA:66,2
DA:67,0
DA:69,0
DA:71,2
DA:72,2
DA:75,2
DA:76,4
DA:78,3
DA:79,3
DA:80,3
DA:81,3
DA:87,0
DA:88,0
DA:90,0
DA:91,0
DA:95,0
DA:98,0
DA:99,0
DA:100,0
DA:101,0
DA:102,0
DA:103,0
DA:105,0
DA:107,0
DA:112,0
DA:113,0
DA:115,0
DA:116,0
DA:119,0
DA:120,0
DA:121,0
DA:123,0
DA:129,11
DA:130,11
DA:131,1
DA:134,10
DA:135,10
DA:136,2
DA:138,2
DA:142,8
DA:143,3
DA:145,3
DA:148,5
DA:149,11
DA:155,3
DA:157,3
DA:158,2
DA:160,1
DA:161,1
DA:162,0
DA:165,1
DA:168,1
DA:169,1
DA:171,1
DA:173,1
DA:174,1
DA:175,1
DA:179,1
DA:183,1
DA:184,1
DA:186,1
DA:187,1
DA:188,1
DA:191,1
DA:192,0
DA:195,0
DA:196,0
DA:200,0
DA:201,0
DA:202,0
DA:203,0
DA:204,0
DA:205,0
DA:206,0
DA:208,0
DA:209,0
DA:212,0
DA:213,0
DA:215,0
DA:217,1
DA:218,0
DA:219,0
DA:223,1
DA:226,1
DA:227,1
DA:228,1
DA:230,1
DA:233,1
DA:234,1
DA:237,1
DA:238,1
DA:239,101
DA:240,100
DA:241,100
DA:245,2
DA:246,1
DA:248,1
DA:250,1
DA:251,0
DA:252,0
DA:254,1
DA:259,1
DA:260,3
DA:266,0
DA:267,0
DA:268,0
DA:269,0
DA:270,0
DA:272,10
DA:273,10
DA:274,0
DA:275,10
DA:276,10
DA:282,4
DA:284,4
DA:285,2
DA:286,2
DA:287,2
DA:290,2
DA:291,2
DA:292,0
DA:296,2
DA:299,2
DA:301,2
DA:305,0
DA:306,0
DA:307,0
DA:312,0
DA:313,0
DA:314,0
DA:315,0
DA:319,0
DA:322,0
DA:323,0
DA:324,0
DA:326,0
DA:329,0
DA:330,0
DA:331,0
DA:332,0
DA:333,0
DA:334,0
DA:335,0
DA:336,0
DA:337,0
DA:338,0
DA:340,0
DA:341,0
DA:344,0
DA:347,0
DA:348,0
DA:349,0
DA:350,0
DA:351,0
DA:352,0
DA:353,0
DA:354,0
DA:355,0
DA:356,0
DA:357,0
DA:358,0
DA:361,0
DA:362,0
DA:363,0
DA:365,0
DA:366,0
DA:367,0
DA:368,0
DA:370,0
DA:371,0
DA:372,0
DA:373,0
DA:374,0
DA:375,0
DA:376,0
DA:377,0
DA:380,0
DA:381,0
DA:382,0
DA:383,0
DA:384,0
DA:385,0
DA:387,0
DA:388,4
DA:394,3
DA:395,3
DA:396,1
DA:397,2
DA:398,2
DA:399,2
DA:400,3
DA:406,0
DA:409,0
DA:410,0
DA:411,0
DA:412,0
DA:413,0
LF:200
LH:85
end_of_record
TN:
SF:/Users/roberdan/GitHub/ConvergioCLI-education/src/core/ansi_md.c
FNL:0,283,300
FNA:0,0,md_print
FNL:1,43,277
FNA:1,0,md_to_ansi
FNF:2
FNH:0
DA:43,0
DA:44,0
DA:45,0
DA:47,0
DA:49,0
DA:50,0
DA:51,0
DA:52,0
DA:54,0
DA:55,0
DA:56,0
DA:57,0
DA:83,0
DA:85,0
DA:86,0
DA:87,0
DA:88,0
DA:89,0
DA:90,0
DA:91,0
DA:94,0
DA:95,0
DA:96,0
DA:97,0
DA:98,0
DA:99,0
DA:100,0
DA:101,0
DA:102,0
DA:106,0
DA:107,0
DA:108,0
DA:109,0
DA:110,0
DA:111,0
DA:112,0
DA:114,0
DA:115,0
DA:119,0
DA:120,0
DA:121,0
DA:122,0
DA:124,0
DA:125,0
DA:128,0
DA:129,0
DA:130,0
DA:131,0
DA:132,0
DA:133,0
DA:134,0
DA:135,0
DA:139,0
DA:140,0
DA:141,0
DA:143,0
DA:145,0
DA:146,0
DA:147,0
DA:148,0
DA:149,0
DA:150,0
DA:152,0
DA:155,0
DA:156,0
DA:157,0
DA:158,0
DA:159,0
DA:160,0
DA:161,0
DA:162,0
DA:163,0
DA:167,0
DA:168,0
DA:169,0
DA:170,0
DA:171,0
DA:175,0
DA:176,0
DA:177,0
DA:178,0
DA:179,0
DA:180,0
DA:182,0
DA:183,0
DA:184,0
DA:186,0
DA:187,0
DA:188,0
DA:189,0
DA:191,0
DA:192,0
DA:195,0
DA:196,0
DA:197,0
DA:198,0
DA:199,0
DA:200,0
DA:202,0
DA:203,0
DA:204,0
DA:205,0
DA:206,0
DA:210,0
DA:211,0
DA:212,0
DA:213,0
DA:214,0
DA:215,0
DA:217,0
DA:218,0
DA:219,0
DA:220,0
DA:221,0
DA:225,0
DA:226,0
DA:227,0
DA:228,0
DA:229,0
DA:230,0
DA:231,0
DA:233,0
DA:234,0
DA:235,0
DA:236,0
DA:237,0
DA:238,0
DA:241,0
DA:242,0
DA:243,0
DA:244,0
DA:245,0
DA:246,0
DA:247,0
DA:248,0
DA:249,0
DA:250,0
DA:252,0
DA:253,0
DA:254,0
DA:255,0
DA:257,0
DA:258,0
DA:261,0
DA:262,0
DA:263,0
DA:264,0
DA:265,0
DA:266,0
DA:268,0
DA:271,0
DA:276,0
DA:277,0
DA:283,0
DA:284,0
DA:285,0
DA:288,0
DA:289,0
DA:290,0
DA:293,0
DA:294,0
DA:295,0
DA:296,0
DA:297,0
DA:298,0
DA:300,0
LF:166
LH:0
end_of_record
TN:
SF:/Users/roberdan/GitHub/ConvergioCLI-education/src/core/clipboard.m
FNL:0,15
FNA:0,0,clipboard_has_image
FNL:1,32
FNA:1,0,clipboard_save_image
FNL:2,92
FNA:2,0,clipboard_get_text
FNF:3
FNH:0
DA:15,0
DA:16,0
DA:17,0
DA:20,0
DA:21,0
DA:22,0
DA:27,0
DA:28,0
DA:29,0
DA:32,0
DA:33,0
DA:34,0
DA:37,0
DA:38,0
DA:41,0
DA:42,0
DA:43,0
DA:44,0
DA:47,0
DA:48,0
DA:49,0
DA:50,0
DA:51,0
DA:52,0
DA:53,0
DA:54,0
DA:55,0
DA:58,0
DA:59,0
DA:60,0
DA:61,0
DA:62,0
DA:63,0
DA:65,0
DA:66,0
DA:70,0
DA:71,0
DA:72,0
DA:73,0
DA:75,0
DA:76,0
DA:77,0
DA:80,0
DA:81,0
DA:82,0
DA:86,0
DA:87,0
DA:88,0
DA:89,0
DA:90,0
DA:92,0
DA:93,0
DA:94,0
DA:95,0
DA:97,0
DA:98,0
DA:101,0
DA:102,0
DA:103,0
LF:59
LH:0
end_of_record
TN:
SF:/Users/roberdan/GitHub/ConvergioCLI-education/src/core/commands/commands.c
FNL:0,1046,1130
FNA:0,0,cmd_help
FNL:1,1133,1149
FNA:1,0,quit_progress_callback
FNL:2,1151,1160
FNA:2,0,cmd_quit
FNL:3,1167,1173
FNA:3,0,recall_clear_cache
FNL:4,1175,1179
FNA:4,0,recall_get_session_id
FNL:5,1181,1327
FNA:5,0,cmd_recall
FNL:6,1329,1368
FNA:6,0,cmd_status
FNL:7,1374,1419
FNA:7,0,cmd_cost
FNL:8,1425,1456
FNA:8,0,cmd_agents
FNL:9,1458,1690
FNA:9,0,cmd_agent
FNL:10,1692,1695
FNA:10,0,on_thought
FNL:11,1697,1749
FNA:11,0,cmd_think
FNL:12,1755,1787
FNA:12,0,cmd_create
FNL:13,178,179
FNA:13,0,commands_get_table
FNL:14,1789,1846
FNA:14,0,cmd_space
FNL:15,1852,1898
FNA:15,0,cmd_debug
FNL:16,1904,1934
FNA:16,0,cmd_allow_dir
FNL:17,1936,1961
FNA:17,0,cmd_allowed_dirs
FNL:18,1967,1993
FNA:18,0,cmd_logout
FNL:19,1995,2034
FNA:19,0,cmd_auth
FNL:20,2040,2049
FNA:20,0,cmd_update
FNL:21,2051,2055
FNA:21,0,cmd_hardware
FNL:22,2058,2133
FNA:22,0,cmd_news
FNL:23,2135,2161
FNA:23,0,cmd_stream
FNL:24,2164,2186
FNA:24,0,cmd_theme
FNL:25,2210,2217
FNA:25,0,style_get_def
FNL:26,2219,2256
FNA:26,0,cmd_style
FNL:27,2262,2357
FNA:27,0,cmd_compare
FNL:28,2359,2411
FNA:28,0,cmd_benchmark
FNL:29,2417,2506
FNA:29,0,cmd_telemetry
FNL:30,2512,2604
FNA:30,0,cmd_tools
FNL:31,2610,2967
FNA:31,0,cmd_project
FNL:32,2976,3015
FNA:32,0,cmd_remember
FNL:33,3020,3063
FNA:33,0,cmd_search
FNL:34,3068,3110
FNA:34,0,cmd_memories
FNL:35,3115,3162
FNA:35,0,cmd_forget
FNL:36,3167,3194
FNA:36,0,cmd_graph
FNL:37,3203,3276
FNA:37,0,cmd_test
FNL:38,3281,3361
FNA:38,0,cmd_git
FNL:39,3366,3425
FNA:39,0,cmd_pr
FNL:40,3434,3490
FNA:40,0,print_task_item
FNL:41,3495,3762
FNA:41,0,cmd_todo
FNL:42,3768,3817
FNA:42,0,try_parse_time
FNL:43,3822,3933
FNA:43,0,cmd_remind
FNL:44,3938,3977
FNA:44,0,cmd_reminders
FNL:45,3983,4108
FNA:45,0,cmd_daemon
FNL:46,4114,4397
FNA:46,0,cmd_mcp
FNL:47,4413,4627
FNA:47,0,cmd_plan
FNL:48,4643,4793
FNA:48,0,cmd_output
FNL:49,836,843
FNA:49,0,find_detailed_help
FNL:50,845,873
FNA:50,0,print_detailed_help
FNL:51,880,959
FNA:51,0,print_help_education
FNL:52,962,1044
FNA:52,0,print_help_master
FNF:53
FNH:0
DA:178,0
DA:179,0
DA:836,0
DA:837,0
DA:838,0
DA:839,0
DA:841,0
DA:842,0
DA:843,0
DA:845,0
DA:846,0
DA:847,0
DA:848,0
DA:851,0
DA:852,0
DA:853,0
DA:854,0
DA:855,0
DA:856,0
DA:857,0
DA:858,0
DA:860,0
DA:862,0
DA:863,0
DA:864,0
DA:865,0
DA:866,0
DA:867,0
DA:868,0
DA:869,0
DA:870,0
DA:872,0
DA:873,0
DA:880,0
DA:881,0
DA:882,0
DA:883,0
DA:885,0
DA:887,0
DA:890,0
DA:892,0
DA:893,0
DA:894,0
DA:895,0
DA:896,0
DA:897,0
DA:898,0
DA:899,0
DA:900,0
DA:901,0
DA:902,0
DA:903,0
DA:904,0
DA:905,0
DA:906,0
DA:907,0
DA:908,0
DA:909,0
DA:912,0
DA:913,0
DA:914,0
DA:915,0
DA:916,0
DA:917,0
DA:918,0
DA:921,0
DA:922,0
DA:923,0
DA:924,0
DA:925,0
DA:928,0
DA:929,0
DA:930,0
DA:931,0
DA:934,0
DA:935,0
DA:936,0
DA:937,0
DA:938,0
DA:939,0
DA:940,0
DA:943,0
DA:944,0
DA:945,0
DA:946,0
DA:947,0
DA:950,0
DA:951,0
DA:952,0
DA:953,0
DA:954,0
DA:956,0
DA:957,0
DA:959,0
DA:962,0
DA:963,0
DA:964,0
DA:965,0
DA:967,0
DA:970,0
DA:972,0
DA:973,0
DA:974,0
DA:975,0
DA:976,0
DA:977,0
DA:978,0
DA:979,0
DA:982,0
DA:984,0
DA:985,0
DA:986,0
DA:988,0
DA:990,0
DA:991,0
DA:992,0
DA:993,0
DA:994,0
DA:997,0
DA:998,0
DA:999,0
DA:1000,0
DA:1001,0
DA:1004,0
DA:1006,0
DA:1007,0
DA:1008,0
DA:1009,0
DA:1010,0
DA:1011,0
DA:1014,0
DA:1015,0
DA:1017,0
DA:1019,0
DA:1023,0
DA:1024,0
DA:1025,0
DA:1026,0
DA:1029,0
DA:1030,0
DA:1032,0
DA:1033,0
DA:1034,0
DA:1035,0
DA:1037,0
DA:1039,0
DA:1041,0
DA:1042,0
DA:1044,0
DA:1046,0
DA:1048,0
DA:1050,0
DA:1051,0
DA:1052,0
DA:1053,0
DA:1054,0
DA:1055,0
DA:1056,0
DA:1057,0
DA:1058,0
DA:1059,0
DA:1060,0
DA:1061,0
DA:1062,0
DA:1063,0
DA:1064,0
DA:1065,0
DA:1066,0
DA:1067,0
DA:1068,0
DA:1069,0
DA:1070,0
DA:1071,0
DA:1072,0
DA:1073,0
DA:1074,0
DA:1075,0
DA:1076,0
DA:1077,0
DA:1078,0
DA:1079,0
DA:1080,0
DA:1081,0
DA:1082,0
DA:1083,0
DA:1085,0
DA:1088,0
DA:1089,0
DA:1090,0
DA:1091,0
DA:1094,0
DA:1095,0
DA:1096,0
DA:1097,0
DA:1101,0
DA:1102,0
DA:1103,0
DA:1104,0
DA:1105,0
DA:1107,0
DA:1109,0
DA:1110,0
DA:1111,0
DA:1112,0
DA:1115,0
DA:1117,0
DA:1118,0
DA:1122,0
DA:1123,0
DA:1125,0
DA:1126,0
DA:1129,0
DA:1130,0
DA:1133,0
DA:1135,0
DA:1136,0
DA:1138,0
DA:1139,0
DA:1140,0
DA:1141,0
DA:1142,0
DA:1143,0
DA:1144,0
DA:1146,0
DA:1147,0
DA:1148,0
DA:1149,0
DA:1151,0
DA:1152,0
DA:1153,0
DA:1156,0
DA:1157,0
DA:1159,0
DA:1160,0
DA:1167,0
DA:1168,0
DA:1169,0
DA:1170,0
DA:1171,0
DA:1172,0
DA:1173,0
DA:1175,0
DA:1176,0
DA:1177,0
DA:1178,0
DA:1179,0
DA:1181,0
DA:1183,0
DA:1184,0
DA:1185,0
DA:1186,0
DA:1188,0
DA:1189,0
DA:1190,0
DA:1191,0
DA:1192,0
DA:1193,0
DA:1194,0
DA:1196,0
DA:1197,0
DA:1199,0
DA:1200,0
DA:1203,0
DA:1204,0
DA:1205,0
DA:1206,0
DA:1208,0
DA:1209,0
DA:1210,0
DA:1211,0
DA:1212,0
DA:1213,0
DA:1214,0
DA:1217,0
DA:1218,0
DA:1221,0
DA:1222,0
DA:1223,0
DA:1224,0
DA:1225,0
DA:1227,0
DA:1231,0
DA:1232,0
DA:1233,0
DA:1234,0
DA:1235,0
DA:1239,0
DA:1240,0
DA:1241,0
DA:1242,0
DA:1243,0
DA:1244,0
DA:1245,0
DA:1247,0
DA:1248,0
DA:1249,0
DA:1250,0
DA:1251,0
DA:1252,0
DA:1253,0
DA:1255,0
DA:1256,0
DA:1259,0
DA:1260,0
DA:1261,0
DA:1262,0
DA:1263,0
DA:1264,0
DA:1265,0
DA:1269,0
DA:1270,0
DA:1271,0
DA:1272,0
DA:1273,0
DA:1274,0
DA:1275,0
DA:1277,0
DA:1278,0
DA:1280,0
DA:1281,0
DA:1284,0
DA:1285,0
DA:1286,0
DA:1289,0
DA:1290,0
DA:1292,0
DA:1293,0
DA:1294,0
DA:1295,0
DA:1296,0
DA:1297,0
DA:1298,0
DA:1299,0
DA:1300,0
DA:1301,0
DA:1302,0
DA:1303,0
DA:1304,0
DA:1305,0
DA:1306,0
DA:1308,0
DA:1309,0
DA:1311,0
DA:1312,0
DA:1313,0
DA:1314,0
DA:1315,0
DA:1317,0
DA:1318,0
DA:1320,0
DA:1321,0
DA:1322,0
DA:1323,0
DA:1325,0
DA:1326,0
DA:1327,0
DA:1329,0
DA:1330,0
DA:1331,0
DA:1333,0
DA:1336,0
DA:1339,0
DA:1340,0
DA:1341,0
DA:1342,0
DA:1343,0
DA:1344,0
DA:1345,0
DA:1346,0
DA:1347,0
DA:1351,0
DA:1352,0
DA:1353,0
DA:1354,0
DA:1355,0
DA:1356,0
DA:1358,0
DA:1361,0
DA:1364,0
DA:1366,0
DA:1367,0
DA:1368,0
DA:1374,0
DA:1375,0
DA:1377,0
DA:1378,0
DA:1379,0
DA:1380,0
DA:1381,0
DA:1382,0
DA:1383,0
DA:1385,0
DA:1386,0
DA:1387,0
DA:1388,0
DA:1389,0
DA:1390,0
DA:1391,0
DA:1392,0
DA:1394,0
DA:1395,0
DA:1396,0
DA:1397,0
DA:1398,0
DA:1400,0
DA:1401,0
DA:1402,0
DA:1403,0
DA:1405,0
DA:1406,0
DA:1407,0
DA:1408,0
DA:1410,0
DA:1411,0
DA:1412,0
DA:1413,0
DA:1416,0
DA:1417,0
DA:1418,0
DA:1419,0
DA:1425,0
DA:1426,0
DA:1429,0
DA:1430,0
DA:1432,0
DA:1433,0
DA:1434,0
DA:1435,0
DA:1436,0
DA:1437,0
DA:1438,0
DA:1439,0
DA:1442,0
DA:1443,0
DA:1444,0
DA:1445,0
DA:1446,0
DA:1449,0
DA:1450,0
DA:1451,0
DA:1452,0
DA:1453,0
DA:1454,0
DA:1455,0
DA:1456,0
DA:1458,0
DA:1459,0
DA:1460,0
DA:1461,0
DA:1462,0
DA:1463,0
DA:1464,0
DA:1465,0
DA:1466,0
DA:1467,0
DA:1468,0
DA:1469,0
DA:1470,0
DA:1471,0
DA:1472,0
DA:1473,0
DA:1474,0
DA:1475,0
DA:1479,0
DA:1480,0
DA:1481,0
DA:1482,0
DA:1483,0
DA:1484,0
DA:1485,0
DA:1486,0
DA:1489,0
DA:1490,0
DA:1491,0
DA:1492,0
DA:1493,0
DA:1496,0
DA:1497,0
DA:1498,0
DA:1499,0
DA:1500,0
DA:1503,0
DA:1504,0
DA:1505,0
DA:1507,0
DA:1509,0
DA:1512,0
DA:1513,0
DA:1514,0
DA:1515,0
DA:1516,0
DA:1518,0
DA:1520,0
DA:1521,0
DA:1523,0
DA:1524,0
DA:1525,0
DA:1527,0
DA:1528,0
DA:1529,0
DA:1530,0
DA:1533,0
DA:1534,0
DA:1535,0
DA:1536,0
DA:1537,0
DA:1540,0
DA:1543,0
DA:1544,0
DA:1547,0
DA:1548,0
DA:1549,0
DA:1550,0
DA:1553,0
DA:1554,0
DA:1555,0
DA:1556,0
DA:1557,0
DA:1558,0
DA:1559,0
DA:1560,0
DA:1561,0
DA:1562,0
DA:1563,0
DA:1566,0
DA:1567,0
DA:1568,0
DA:1570,0
DA:1571,0
DA:1572,0
DA:1573,0
DA:1577,0
DA:1578,0
DA:1579,0
DA:1581,0
DA:1583,0
DA:1585,0
DA:1586,0
DA:1588,0
DA:1591,0
DA:1592,0
DA:1594,0
DA:1595,0
DA:1596,0
DA:1599,0
DA:1600,0
DA:1601,0
DA:1604,0
DA:1605,0
DA:1608,0
DA:1609,0
DA:1610,0
DA:1611,0
DA:1612,0
DA:1613,0
DA:1614,0
DA:1616,0
DA:1617,0
DA:1618,0
DA:1619,0
DA:1620,0
DA:1622,0
DA:1626,0
DA:1627,0
DA:1628,0
DA:1629,0
DA:1630,0
DA:1633,0
DA:1634,0
DA:1635,0
DA:1636,0
DA:1637,0
DA:1638,0
DA:1639,0
DA:1640,0
DA:1641,0
DA:1642,0
DA:1643,0
DA:1644,0
DA:1645,0
DA:1646,0
DA:1648,0
DA:1649,0
DA:1650,0
DA:1651,0
DA:1654,0
DA:1655,0
DA:1656,0
DA:1657,0
DA:1659,0
DA:1660,0
DA:1661,0
DA:1662,0
DA:1663,0
DA:1665,0
DA:1666,0
DA:1669,0
DA:1670,0
DA:1671,0
DA:1672,0
DA:1674,0
DA:1675,0
DA:1676,0
DA:1677,0
DA:1678,0
DA:1681,0
DA:1682,0
DA:1683,0
DA:1684,0
DA:1685,0
DA:1687,0
DA:1688,0
DA:1689,0
DA:1690,0
DA:1692,0
DA:1693,0
DA:1694,0
DA:1695,0
DA:1697,0
DA:1698,0
DA:1699,0
DA:1700,0
DA:1703,0
DA:1704,0
DA:1705,0
DA:1706,0
DA:1710,0
DA:1711,0
DA:1712,0
DA:1713,0
DA:1714,0
DA:1715,0
DA:1716,0
DA:1717,0
DA:1718,0
DA:1719,0
DA:1720,0
DA:1721,0
DA:1722,0
DA:1725,0
DA:1726,0
DA:1727,0
DA:1728,0
DA:1731,0
DA:1732,0
DA:1733,0
DA:1734,0
DA:1736,0
DA:1737,0
DA:1738,0
DA:1739,0
DA:1740,0
DA:1741,0
DA:1746,0
DA:1748,0
DA:1749,0
DA:1755,0
DA:1756,0
DA:1757,0
DA:1758,0
DA:1759,0
DA:1763,0
DA:1764,0
DA:1765,0
DA:1766,0
DA:1767,0
DA:1768,0
DA:1769,0
DA:1770,0
DA:1771,0
DA:1772,0
DA:1773,0
DA:1774,0
DA:1775,0
DA:1777,0
DA:1778,0
DA:1779,0
DA:1780,0
DA:1783,0
DA:1784,0
DA:1786,0
DA:1787,0
DA:1789,0
DA:1790,0
DA:1791,0
DA:1792,0
DA:1795,0
DA:1796,0
DA:1797,0
DA:1798,0
DA:1801,0
DA:1802,0
DA:1803,0
DA:1804,0
DA:1805,0
DA:1806,0
DA:1807,0
DA:1808,0
DA:1809,0
DA:1810,0
DA:1811,0
DA:1812,0
DA:1813,0
DA:1814,0
DA:1816,0
DA:1817,0
DA:1818,0
DA:1819,0
DA:1822,0
DA:1823,0
DA:1825,0
DA:1826,0
DA:1829,0
DA:1830,0
DA:1831,0
DA:1832,0
DA:1833,0
DA:1835,0
DA:1836,0
DA:1838,0
DA:1839,0
DA:1840,0
DA:1841,0
DA:1844,0
DA:1845,0
DA:1846,0
DA:1852,0
DA:1853,0
DA:1855,0
DA:1856,0
DA:1857,0
DA:1858,0
DA:1859,0
DA:1860,0
DA:1861,0
DA:1862,0
DA:1864,0
DA:1865,0
DA:1868,0
DA:1869,0
DA:1871,0
DA:1872,0
DA:1873,0
DA:1874,0
DA:1875,0
DA:1876,0
DA:1877,0
DA:1878,0
DA:1879,0
DA:1880,0
DA:1881,0
DA:1882,0
DA:1883,0
DA:1884,0
DA:1885,0
DA:1886,0
DA:1889,0
DA:1891,0
DA:1892,0
DA:1893,0
DA:1894,0
DA:1897,0
DA:1898,0
DA:1904,0
DA:1905,0
DA:1906,0
DA:1907,0
DA:1908,0
DA:1912,0
DA:1913,0
DA:1914,0
DA:1915,0
DA:1919,0
DA:1922,0
DA:1923,0
DA:1924,0
DA:1925,0
DA:1927,0
DA:1930,0
DA:1931,0
DA:1933,0
DA:1934,0
DA:1936,0
DA:1937,0
DA:1938,0
DA:1940,0
DA:1941,0
DA:1943,0
DA:1944,0
DA:1946,0
DA:1947,0
DA:1948,0
DA:1949,0
DA:1950,0
DA:1951,0
DA:1952,0
DA:1953,0
DA:1955,0
DA:1958,0
DA:1960,0
DA:1961,0
DA:1967,0
DA:1968,0
DA:1969,0
DA:1971,0
DA:1972,0
DA:1973,0
DA:1976,0
DA:1977,0
DA:1979,0
DA:1980,0
DA:1981,0
DA:1982,0
DA:1985,0
DA:1986,0
DA:1987,0
DA:1988,0
DA:1989,0
DA:1992,0
DA:1993,0
DA:1995,0
DA:1996,0
DA:1997,0
DA:1999,0
DA:2000,0
DA:2002,0
DA:2003,0
DA:2004,0
DA:2005,0
DA:2006,0
DA:2008,0
DA:2009,0
DA:2011,0
DA:2012,0
DA:2014,0
DA:2015,0
DA:2018,0
DA:2019,0
DA:2021,0
DA:2022,0
DA:2023,0
DA:2024,0
DA:2025,0
DA:2027,0
DA:2028,0
DA:2029,0
DA:2032,0
DA:2033,0
DA:2034,0
DA:2040,0
DA:2041,0
DA:2042,0
DA:2044,0
DA:2045,0
DA:2048,0
DA:2049,0
DA:2051,0
DA:2052,0
DA:2053,0
DA:2054,0
DA:2055,0
DA:2058,0
DA:2059,0
DA:2060,0
DA:2063,0
DA:2064,0
DA:2065,0
DA:2068,0
DA:2069,0
DA:2070,0
DA:2071,0
DA:2072,0
DA:2073,0
DA:2075,0
DA:2079,0
DA:2080,0
DA:2083,0
DA:2084,0
DA:2085,0
DA:2086,0
DA:2088,0
DA:2089,0
DA:2090,0
DA:2092,0
DA:2094,0
DA:2095,0
DA:2096,0
DA:2097,0
DA:2099,0
DA:2101,0
DA:2103,0
DA:2104,0
DA:2105,0
DA:2106,0
DA:2107,0
DA:2109,0
DA:2110,0
DA:2111,0
DA:2113,0
DA:2114,0
DA:2115,0
DA:2117,0
DA:2118,0
DA:2119,0
DA:2121,0
DA:2122,0
DA:2123,0
DA:2124,0
DA:2125,0
DA:2126,0
DA:2129,0
DA:2130,0
DA:2132,0
DA:2133,0
DA:2135,0
DA:2136,0
DA:2137,0
DA:2138,0
DA:2139,0
DA:2140,0
DA:2141,0
DA:2142,0
DA:2143,0
DA:2144,0
DA:2145,0
DA:2146,0
DA:2147,0
DA:2149,0
DA:2151,0
DA:2152,0
DA:2153,0
DA:2154,0
DA:2155,0
DA:2156,0
DA:2157,0
DA:2158,0
DA:2161,0
DA:2164,0
DA:2165,0
DA:2166,0
DA:2167,0
DA:2168,0
DA:2169,0
DA:2170,0
DA:2171,0
DA:2172,0
DA:2174,0
DA:2176,0
DA:2177,0
DA:2178,0
DA:2179,0
DA:2180,0
DA:2181,0
DA:2182,0
DA:2183,0
DA:2185,0
DA:2186,0
DA:2210,0
DA:2211,0
DA:2212,0
DA:2213,0
DA:2215,0
DA:2216,0
DA:2217,0
DA:2219,0
DA:2220,0
DA:2221,0
DA:2222,0
DA:2224,0
DA:2226,0
DA:2227,0
DA:2228,0
DA:2229,0
DA:2230,0
DA:2231,0
DA:2232,0
DA:2233,0
DA:2234,0
DA:2235,0
DA:2236,0
DA:2237,0
DA:2238,0
DA:2239,0
DA:2240,0
DA:2242,0
DA:2244,0
DA:2245,0
DA:2246,0
DA:2247,0
DA:2248,0
DA:2249,0
DA:2250,0
DA:2251,0
DA:2252,0
DA:2253,0
DA:2255,0
DA:2256,0
DA:2262,0
DA:2264,0
DA:2265,0
DA:2267,0
DA:2268,0
DA:2269,0
DA:2270,0
DA:2271,0
DA:2272,0
DA:2273,0
DA:2274,0
DA:2275,0
DA:2276,0
DA:2277,0
DA:2278,0
DA:2279,0
DA:2280,0
DA:2281,0
DA:2282,0
DA:2283,0
DA:2284,0
DA:2285,0
DA:2286,0
DA:2287,0
DA:2291,0
DA:2294,0
DA:2295,0
DA:2297,0
DA:2298,0
DA:2299,0
DA:2300,0
DA:2301,0
DA:2302,0
DA:2303,0
DA:2304,0
DA:2305,0
DA:2306,0
DA:2307,0
DA:2309,0
DA:2312,0
DA:2313,0
DA:2315,0
DA:2317,0
DA:2318,0
DA:2319,0
DA:2320,0
DA:2321,0
DA:2322,0
DA:2323,0
DA:2324,0
DA:2325,0
DA:2326,0
DA:2327,0
DA:2330,0
DA:2331,0
DA:2332,0
DA:2333,0
DA:2336,0
DA:2337,0
DA:2338,0
DA:2339,0
DA:2340,0
DA:2341,0
DA:2342,0
DA:2345,0
DA:2346,0
DA:2349,0
DA:2350,0
DA:2351,0
DA:2352,0
DA:2353,0
DA:2354,0
DA:2356,0
DA:2357,0
DA:2359,0
DA:2361,0
DA:2362,0
DA:2364,0
DA:2365,0
DA:2366,0
DA:2367,0
DA:2368,0
DA:2369,0
DA:2370,0
DA:2371,0
DA:2372,0
DA:2373,0
DA:2374,0
DA:2375,0
DA:2376,0
DA:2377,0
DA:2378,0
DA:2381,0
DA:2382,0
DA:2383,0
DA:2385,0
DA:2386,0
DA:2387,0
DA:2389,0
DA:2390,0
DA:2391,0
DA:2392,0
DA:2393,0
DA:2395,0
DA:2397,0
DA:2399,0
DA:2400,0
DA:2403,0
DA:2404,0
DA:2405,0
DA:2406,0
DA:2407,0
DA:2408,0
DA:2410,0
DA:2411,0
DA:2417,0
DA:2418,0
DA:2419,0
DA:2420,0
DA:2421,0
DA:2422,0
DA:2423,0
DA:2424,0
DA:2425,0
DA:2426,0
DA:2427,0
DA:2428,0
DA:2429,0
DA:2430,0
DA:2431,0
DA:2432,0
DA:2433,0
DA:2436,0
DA:2438,0
DA:2439,0
DA:2440,0
DA:2443,0
DA:2444,0
DA:2445,0
DA:2448,0
DA:2449,0
DA:2450,0
DA:2451,0
DA:2452,0
DA:2453,0
DA:2454,0
DA:2455,0
DA:2456,0
DA:2458,0
DA:2459,0
DA:2461,0
DA:2462,0
DA:2463,0
DA:2464,0
DA:2465,0
DA:2466,0
DA:2467,0
DA:2468,0
DA:2469,0
DA:2471,0
DA:2472,0
DA:2474,0
DA:2475,0
DA:2476,0
DA:2479,0
DA:2480,0
DA:2481,0
DA:2482,0
DA:2483,0
DA:2484,0
DA:2485,0
DA:2486,0
DA:2487,0
DA:2488,0
DA:2489,0
DA:2490,0
DA:2491,0
DA:2492,0
DA:2494,0
DA:2495,0
DA:2497,0
DA:2499,0
DA:2500,0
DA:2503,0
DA:2504,0
DA:2505,0
DA:2506,0
DA:2512,0
DA:2513,0
DA:2514,0
DA:2515,0
DA:2516,0
DA:2517,0
DA:2518,0
DA:2519,0
DA:2520,0
DA:2521,0
DA:2524,0
DA:2526,0
DA:2527,0
DA:2528,0
DA:2530,0
DA:2533,0
DA:2535,0
DA:2536,0
DA:2537,0
DA:2538,0
DA:2539,0
DA:2540,0
DA:2541,0
DA:2542,0
DA:2544,0
DA:2546,0
DA:2548,0
DA:2549,0
DA:2550,0
DA:2551,0
DA:2552,0
DA:2554,0
DA:2555,0
DA:2556,0
DA:2557,0
DA:2558,0
DA:2561,0
DA:2564,0
DA:2565,0
DA:2566,0
DA:2570,0
DA:2571,0
DA:2572,0
DA:2573,0
DA:2574,0
DA:2578,0
DA:2580,0
DA:2583,0
DA:2584,0
DA:2585,0
DA:2589,0
DA:2590,0
DA:2592,0
DA:2593,0
DA:2594,0
DA:2595,0
DA:2598,0
DA:2599,0
DA:2601,0
DA:2602,0
DA:2603,0
DA:2604,0
DA:2610,0
DA:2613,0
DA:2614,0
DA:2615,0
DA:2616,0
DA:2618,0
DA:2620,0
DA:2621,0
DA:2622,0
DA:2623,0
DA:2624,0
DA:2625,0
DA:2626,0
DA:2627,0
DA:2628,0
DA:2629,0
DA:2630,0
DA:2631,0
DA:2632,0
DA:2633,0
DA:2634,0
DA:2635,0
DA:2638,0
DA:2639,0
DA:2641,0
DA:2642,0
DA:2643,0
DA:2644,0
DA:2645,0
DA:2646,0
DA:2647,0
DA:2648,0
DA:2649,0
DA:2650,0
DA:2651,0
DA:2653,0
DA:2656,0
DA:2657,0
DA:2658,0
DA:2660,0
DA:2663,0
DA:2664,0
DA:2665,0
DA:2666,0
DA:2669,0
DA:2670,0
DA:2671,0
DA:2672,0
DA:2673,0
DA:2674,0
DA:2675,0
DA:2676,0
DA:2677,0
DA:2679,0
DA:2680,0
DA:2681,0
DA:2682,0
DA:2685,0
DA:2686,0
DA:2687,0
DA:2688,0
DA:2689,0
DA:2690,0
DA:2691,0
DA:2694,0
DA:2695,0
DA:2696,0
DA:2697,0
DA:2700,0
DA:2701,0
DA:2702,0
DA:2704,0
DA:2705,0
DA:2707,0
DA:2708,0
DA:2709,0
DA:2710,0
DA:2711,0
DA:2712,0
DA:2713,0
DA:2715,0
DA:2718,0
DA:2719,0
DA:2720,0
DA:2721,0
DA:2722,0
DA:2724,0
DA:2725,0
DA:2726,0
DA:2727,0
DA:2728,0
DA:2729,0
DA:2730,0
DA:2731,0
DA:2732,0
DA:2735,0
DA:2736,0
DA:2737,0
DA:2738,0
DA:2741,0
DA:2742,0
DA:2743,0
DA:2744,0
DA:2745,0
DA:2746,0
DA:2747,0
DA:2748,0
DA:2749,0
DA:2750,0
DA:2751,0
DA:2753,0
DA:2757,0
DA:2758,0
DA:2759,0
DA:2760,0
DA:2761,0
DA:2762,0
DA:2765,0
DA:2766,0
DA:2767,0
DA:2768,0
DA:2769,0
DA:2771,0
DA:2772,0
DA:2773,0
DA:2775,0
DA:2776,0
DA:2777,0
DA:2779,0
DA:2780,0
DA:2781,0
DA:2782,0
DA:2783,0
DA:2784,0
DA:2785,0
DA:2786,0
DA:2788,0
DA:2790,0
DA:2791,0
DA:2792,0
DA:2793,0
DA:2794,0
DA:2795,0
DA:2796,0
DA:2797,0
DA:2798,0
DA:2800,0
DA:2801,0
DA:2802,0
DA:2803,0
DA:2804,0
DA:2805,0
DA:2806,0
DA:2807,0
DA:2808,0
DA:2809,0
DA:2810,0
DA:2812,0
DA:2813,0
DA:2814,0
DA:2817,0
DA:2818,0
DA:2819,0
DA:2820,0
DA:2821,0
DA:2824,0
DA:2825,0
DA:2826,0
DA:2829,0
DA:2830,0
DA:2831,0
DA:2832,0
DA:2833,0
DA:2834,0
DA:2836,0
DA:2837,0
DA:2838,0
DA:2839,0
DA:2840,0
DA:2841,0
DA:2843,0
DA:2844,0
DA:2845,0
DA:2846,0
DA:2848,0
DA:2849,0
DA:2852,0
DA:2853,0
DA:2854,0
DA:2856,0
DA:2857,0
DA:2859,0
DA:2860,0
DA:2861,0
DA:2862,0
DA:2863,0
DA:2864,0
DA:2866,0
DA:2867,0
DA:2868,0
DA:2870,0
DA:2871,0
DA:2872,0
DA:2875,0
DA:2876,0
DA:2877,0
DA:2878,0
DA:2881,0
DA:2882,0
DA:2883,0
DA:2884,0
DA:2885,0
DA:2887,0
DA:2891,0
DA:2892,0
DA:2893,0
DA:2894,0
DA:2898,0
DA:2899,0
DA:2900,0
DA:2901,0
DA:2902,0
DA:2905,0
DA:2906,0
DA:2907,0
DA:2908,0
DA:2909,0
DA:2911,0
DA:2912,0
DA:2916,0
DA:2917,0
DA:2918,0
DA:2919,0
DA:2920,0
DA:2921,0
DA:2922,0
DA:2923,0
DA:2924,0
DA:2925,0
DA:2926,0
DA:2928,0
DA:2929,0
DA:2930,0
DA:2931,0
DA:2934,0
DA:2935,0
DA:2936,0
DA:2937,0
DA:2938,0
DA:2941,0
DA:2942,0
DA:2943,0
DA:2947,0
DA:2948,0
DA:2949,0
DA:2950,0
DA:2951,0
DA:2952,0
DA:2953,0
DA:2954,0
DA:2955,0
DA:2956,0
DA:2957,0
DA:2959,0
DA:2960,0
DA:2961,0
DA:2962,0
DA:2964,0
DA:2965,0
DA:2966,0
DA:2967,0
DA:2976,0
DA:2977,0
DA:2978,0
DA:2979,0
DA:2980,0
DA:2984,0
DA:2985,0
DA:2986,0
DA:2987,0
DA:2988,0
DA:2989,0
DA:2990,0
DA:2991,0
DA:2992,0
DA:2993,0
DA:2994,0
DA:2997,0
DA:2998,0
DA:2999,0
DA:3000,0
DA:3004,0
DA:3005,0
DA:3006,0
DA:3007,0
DA:3008,0
DA:3009,0
DA:3011,0
DA:3012,0
DA:3014,0
DA:3015,0
DA:3020,0
DA:3021,0
DA:3022,0
DA:3023,0
DA:3024,0
DA:3028,0
DA:3029,0
DA:3030,0
DA:3031,0
DA:3032,0
DA:3033,0
DA:3034,0
DA:3035,0
DA:3036,0
DA:3037,0
DA:3038,0
DA:3041,0
DA:3042,0
DA:3044,0
DA:3045,0
DA:3046,0
DA:3049,0
DA:3051,0
DA:3052,0
DA:3053,0
DA:3054,0
DA:3055,0
DA:3056,0
DA:3057,0
DA:3058,0
DA:3059,0
DA:3061,0
DA:3062,0
DA:3063,0
DA:3068,0
DA:3069,0
DA:3070,0
DA:3073,0
DA:3075,0
DA:3076,0
DA:3077,0
DA:3078,0
DA:3079,0
DA:3082,0
DA:3083,0
DA:3085,0
DA:3086,0
DA:3087,0
DA:3088,0
DA:3089,0
DA:3091,0
DA:3092,0
DA:3093,0
DA:3094,0
DA:3095,0
DA:3097,0
DA:3098,0
DA:3099,0
DA:3100,0
DA:3101,0
DA:3102,0
DA:3103,0
DA:3104,0
DA:3105,0
DA:3106,0
DA:3109,0
DA:3110,0
DA:3115,0
DA:3116,0
DA:3117,0
DA:3118,0
DA:3119,0
DA:3120,0
DA:3124,0
DA:3125,0
DA:3126,0
DA:3127,0
DA:3128,0
DA:3130,0
DA:3131,0
DA:3134,0
DA:3135,0
DA:3136,0
DA:3140,0
DA:3141,0
DA:3142,0
DA:3145,0
DA:3146,0
DA:3147,0
DA:3151,0
DA:3152,0
DA:3153,0
DA:3154,0
DA:3158,0
DA:3160,0
DA:3161,0
DA:3162,0
DA:3167,0
DA:3168,0
DA:3169,0
DA:3171,0
DA:3173,0
DA:3175,0
DA:3176,0
DA:3177,0
DA:3178,0
DA:3180,0
DA:3181,0
DA:3182,0
DA:3184,0
DA:3185,0
DA:3187,0
DA:3188,0
DA:3189,0
DA:3190,0
DA:3191,0
DA:3193,0
DA:3194,0
DA:3203,0
DA:3204,0
DA:3205,0
DA:3208,0
DA:3209,0
DA:3210,0
DA:3211,0
DA:3212,0
DA:3213,0
DA:3215,0
DA:3216,0
DA:3219,0
DA:3221,0
DA:3222,0
DA:3223,0
DA:3224,0
DA:3225,0
DA:3226,0
DA:3227,0
DA:3228,0
DA:3229,0
DA:3230,0
DA:3232,0
DA:3233,0
DA:3234,0
DA:3235,0
DA:3237,0
DA:3238,0
DA:3239,0
DA:3240,0
DA:3242,0
DA:3243,0
DA:3244,0
DA:3245,0
DA:3247,0
DA:3248,0
DA:3249,0
DA:3250,0
DA:3252,0
DA:3253,0
DA:3254,0
DA:3255,0
DA:3256,0
DA:3257,0
DA:3258,0
DA:3259,0
DA:3260,0
DA:3263,0
DA:3264,0
DA:3266,0
DA:3268,0
DA:3269,0
DA:3270,0
DA:3271,0
DA:3272,0
DA:3275,0
DA:3276,0
DA:3281,0
DA:3283,0
DA:3284,0
DA:3285,0
DA:3288,0
DA:3289,0
DA:3291,0
DA:3292,0
DA:3293,0
DA:3294,0
DA:3295,0
DA:3296,0
DA:3299,0
DA:3300,0
DA:3301,0
DA:3302,0
DA:3305,0
DA:3306,0
DA:3307,0
DA:3308,0
DA:3309,0
DA:3310,0
DA:3312,0
DA:3313,0
DA:3315,0
DA:3316,0
DA:3317,0
DA:3318,0
DA:3321,0
DA:3322,0
DA:3328,0
DA:3329,0
DA:3330,0
DA:3331,0
DA:3332,0
DA:3333,0
DA:3334,0
DA:3336,0
DA:3337,0
DA:3338,0
DA:3339,0
DA:3340,0
DA:3341,0
DA:3342,0
DA:3344,0
DA:3345,0
DA:3346,0
DA:3347,0
DA:3348,0
DA:3349,0
DA:3350,0
DA:3352,0
DA:3353,0
DA:3354,0
DA:3355,0
DA:3356,0
DA:3357,0
DA:3358,0
DA:3359,0
DA:3360,0
DA:3361,0
DA:3366,0
DA:3367,0
DA:3368,0
DA:3369,0
DA:3370,0
DA:3373,0
DA:3374,0
DA:3375,0
DA:3378,0
DA:3379,0
DA:3380,0
DA:3381,0
DA:3382,0
DA:3383,0
DA:3384,0
DA:3385,0
DA:3387,0
DA:3388,0
DA:3389,0
DA:3390,0
DA:3393,0
DA:3394,0
DA:3395,0
DA:3396,0
DA:3397,0
DA:3398,0
DA:3399,0
DA:3400,0
DA:3401,0
DA:3402,0
DA:3403,0
DA:3404,0
DA:3405,0
DA:3408,0
DA:3409,0
DA:3411,0
DA:3412,0
DA:3413,0
DA:3415,0
DA:3416,0
DA:3421,0
DA:3422,0
DA:3423,0
DA:3424,0
DA:3425,0
DA:3434,0
DA:3436,0
DA:3437,0
DA:3438,0
DA:3440,0
DA:3441,0
DA:3442,0
DA:3444,0
DA:3445,0
DA:3446,0
DA:3448,0
DA:3449,0
DA:3450,0
DA:3452,0
DA:3453,0
DA:3454,0
DA:3457,0
DA:3458,0
DA:3459,0
DA:3460,0
DA:3461,0
DA:3464,0
DA:3465,0
DA:3468,0
DA:3469,0
DA:3470,0
DA:3473,0
DA:3474,0
DA:3475,0
DA:3476,0
DA:3477,0
DA:3478,0
DA:3479,0
DA:3480,0
DA:3482,0
DA:3484,0
DA:3487,0
DA:3488,0
DA:3489,0
DA:3490,0
DA:3495,0
DA:3496,0
DA:3498,0
DA:3499,0
DA:3500,0
DA:3501,0
DA:3502,0
DA:3503,0
DA:3504,0
DA:3505,0
DA:3506,0
DA:3507,0
DA:3508,0
DA:3509,0
DA:3510,0
DA:3513,0
DA:3516,0
DA:3517,0
DA:3518,0
DA:3520,0
DA:3523,0
DA:3524,0
DA:3525,0
DA:3526,0
DA:3527,0
DA:3530,0
DA:3531,0
DA:3532,0
DA:3533,0
DA:3534,0
DA:3535,0
DA:3536,0
DA:3537,0
DA:3538,0
DA:3539,0
DA:3540,0
DA:3542,0
DA:3543,0
DA:3544,0
DA:3546,0
DA:3549,0
DA:3550,0
DA:3551,0
DA:3554,0
DA:3555,0
DA:3556,0
DA:3557,0
DA:3559,0
DA:3560,0
DA:3561,0
DA:3562,0
DA:3564,0
DA:3565,0
DA:3567,0
DA:3568,0
DA:3569,0
DA:3573,0
DA:3577,0
DA:3578,0
DA:3579,0
DA:3580,0
DA:3581,0
DA:3582,0
DA:3583,0
DA:3584,0
DA:3585,0
DA:3586,0
DA:3587,0
DA:3589,0
DA:3590,0
DA:3593,0
DA:3594,0
DA:3596,0
DA:3597,0
DA:3599,0
DA:3600,0
DA:3601,0
DA:3602,0
DA:3603,0
DA:3604,0
DA:3605,0
DA:3606,0
DA:3607,0
DA:3608,0
DA:3609,0
DA:3610,0
DA:3611,0
DA:3612,0
DA:3613,0
DA:3614,0
DA:3615,0
DA:3616,0
DA:3617,0
DA:3620,0
DA:3621,0
DA:3622,0
DA:3625,0
DA:3626,0
DA:3627,0
DA:3628,0
DA:3630,0
DA:3631,0
DA:3632,0
DA:3635,0
DA:3636,0
DA:3637,0
DA:3638,0
DA:3640,0
DA:3641,0
DA:3642,0
DA:3643,0
DA:3644,0
DA:3645,0
DA:3647,0
DA:3648,0
DA:3651,0
DA:3652,0
DA:3653,0
DA:3654,0
DA:3656,0
DA:3657,0
DA:3658,0
DA:3659,0
DA:3660,0
DA:3661,0
DA:3663,0
DA:3664,0
DA:3667,0
DA:3668,0
DA:3669,0
DA:3670,0
DA:3672,0
DA:3673,0
DA:3674,0
DA:3675,0
DA:3676,0
DA:3677,0
DA:3679,0
DA:3680,0
DA:3683,0
DA:3684,0
DA:3686,0
DA:3687,0
DA:3688,0
DA:3689,0
DA:3690,0
DA:3691,0
DA:3693,0
DA:3694,0
DA:3695,0
DA:3696,0
DA:3697,0
DA:3698,0
DA:3700,0
DA:3701,0
DA:3702,0
DA:3703,0
DA:3704,0
DA:3705,0
DA:3706,0
DA:3707,0
DA:3708,0
DA:3709,0
DA:3710,0
DA:3711,0
DA:3713,0
DA:3714,0
DA:3718,0
DA:3719,0
DA:3720,0
DA:3721,0
DA:3723,0
DA:3724,0
DA:3725,0
DA:3726,0
DA:3727,0
DA:3728,0
DA:3730,0
DA:3731,0
DA:3732,0
DA:3733,0
DA:3734,0
DA:3735,0
DA:3737,0
DA:3738,0
DA:3739,0
DA:3740,0
DA:3741,0
DA:3742,0
DA:3743,0
DA:3746,0
DA:3747,0
DA:3748,0
DA:3749,0
DA:3750,0
DA:3751,0
DA:3752,0
DA:3753,0
DA:3754,0
DA:3755,0
DA:3756,0
DA:3757,0
DA:3759,0
DA:3760,0
DA:3761,0
DA:3762,0
DA:3768,0
DA:3769,0
DA:3770,0
DA:3773,0
DA:3774,0
DA:3775,0
DA:3776,0
DA:3777,0
DA:3778,0
DA:3779,0
DA:3780,0
DA:3781,0
DA:3782,0
DA:3783,0
DA:3784,0
DA:3785,0
DA:3786,0
DA:3787,0
DA:3788,0
DA:3789,0
DA:3790,0
DA:3791,0
DA:3792,0
DA:3793,0
DA:3794,0
DA:3795,0
DA:3796,0
DA:3797,0
DA:3798,0
DA:3799,0
DA:3800,0
DA:3801,0
DA:3802,0
DA:3805,0
DA:3807,0
DA:3808,0
DA:3809,0
DA:3810,0
DA:3813,0
DA:3814,0
DA:3816,0
DA:3817,0
DA:3822,0
DA:3823,0
DA:3824,0
DA:3825,0
DA:3826,0
DA:3827,0
DA:3828,0
DA:3829,0
DA:3830,0
DA:3833,0
DA:3834,0
DA:3835,0
DA:3838,0
DA:3840,0
DA:3841,0
DA:3843,0
DA:3844,0
DA:3845,0
DA:3846,0
DA:3847,0
DA:3848,0
DA:3852,0
DA:3855,0
DA:3856,0
DA:3857,0
DA:3859,0
DA:3860,0
DA:3861,0
DA:3862,0
DA:3863,0
DA:3864,0
DA:3866,0
DA:3867,0
DA:3868,0
DA:3869,0
DA:3871,0
DA:3872,0
DA:3873,0
DA:3875,0
DA:3878,0
DA:3879,0
DA:3880,0
DA:3881,0
DA:3882,0
DA:3883,0
DA:3884,0
DA:3885,0
DA:3887,0
DA:3888,0
DA:3889,0
DA:3892,0
DA:3893,0
DA:3894,0
DA:3898,0
DA:3899,0
DA:3900,0
DA:3901,0
DA:3905,0
DA:3906,0
DA:3908,0
DA:3909,0
DA:3917,0
DA:3919,0
DA:3920,0
DA:3921,0
DA:3922,0
DA:3923,0
DA:3924,0
DA:3925,0
DA:3926,0
DA:3927,0
DA:3928,0
DA:3929,0
DA:3932,0
DA:3933,0
DA:3938,0
DA:3939,0
DA:3941,0
DA:3942,0
DA:3944,0
DA:3945,0
DA:3946,0
DA:3947,0
DA:3949,0
DA:3950,0
DA:3951,0
DA:3952,0
DA:3953,0
DA:3954,0
DA:3955,0
DA:3959,0
DA:3960,0
DA:3961,0
DA:3962,0
DA:3963,0
DA:3964,0
DA:3965,0
DA:3966,0
DA:3967,0
DA:3969,0
DA:3970,0
DA:3971,0
DA:3973,0
DA:3974,0
DA:3975,0
DA:3976,0
DA:3977,0
DA:3983,0
DA:3984,0
DA:3985,0
DA:3986,0
DA:3987,0
DA:3988,0
DA:3989,0
DA:3990,0
DA:3991,0
DA:3992,0
DA:3993,0
DA:3994,0
DA:3995,0
DA:3996,0
DA:3997,0
DA:3998,0
DA:3999,0
DA:4000,0
DA:4001,0
DA:4002,0
DA:4005,0
DA:4007,0
DA:4008,0
DA:4009,0
DA:4010,0
DA:4011,0
DA:4012,0
DA:4013,0
DA:4015,0
DA:4016,0
DA:4018,0
DA:4019,0
DA:4020,0
DA:4021,0
DA:4022,0
DA:4023,0
DA:4024,0
DA:4026,0
DA:4027,0
DA:4029,0
DA:4030,0
DA:4031,0
DA:4032,0
DA:4033,0
DA:4034,0
DA:4035,0
DA:4037,0
DA:4038,0
DA:4040,0
DA:4041,0
DA:4042,0
DA:4044,0
DA:4045,0
DA:4046,0
DA:4048,0
DA:4049,0
DA:4050,0
DA:4052,0
DA:4053,0
DA:4054,0
DA:4055,0
DA:4057,0
DA:4058,0
DA:4059,0
DA:4062,0
DA:4063,0
DA:4064,0
DA:4065,0
DA:4066,0
DA:4067,0
DA:4068,0
DA:4069,0
DA:4071,0
DA:4072,0
DA:4074,0
DA:4075,0
DA:4076,0
DA:4077,0
DA:4078,0
DA:4079,0
DA:4080,0
DA:4082,0
DA:4083,0
DA:4085,0
DA:4086,0
DA:4087,0
DA:4089,0
DA:4096,0
DA:4097,0
DA:4098,0
DA:4099,0
DA:4100,0
DA:4102,0
DA:4103,0
DA:4105,0
DA:4106,0
DA:4107,0
DA:4108,0
DA:4114,0
DA:4115,0
DA:4116,0
DA:4117,0
DA:4118,0
DA:4119,0
DA:4120,0
DA:4121,0
DA:4122,0
DA:4123,0
DA:4124,0
DA:4125,0
DA:4126,0
DA:4127,0
DA:4128,0
DA:4129,0
DA:4130,0
DA:4131,0
DA:4132,0
DA:4133,0
DA:4134,0
DA:4135,0
DA:4136,0
DA:4137,0
DA:4138,0
DA:4141,0
DA:4143,0
DA:4144,0
DA:4145,0
DA:4147,0
DA:4148,0
DA:4149,0
DA:4151,0
DA:4152,0
DA:4153,0
DA:4154,0
DA:4155,0
DA:4156,0
DA:4157,0
DA:4159,0
DA:4160,0
DA:4162,0
DA:4164,0
DA:4165,0
DA:4166,0
DA:4168,0
DA:4169,0
DA:4170,0
DA:4172,0
DA:4173,0
DA:4174,0
DA:4176,0
DA:4177,0
DA:4178,0
DA:4181,0
DA:4182,0
DA:4183,0
DA:4185,0
DA:4186,0
DA:4187,0
DA:4189,0
DA:4190,0
DA:4191,0
DA:4193,0
DA:4194,0
DA:4195,0
DA:4197,0
DA:4198,0
DA:4199,0
DA:4201,0
DA:4202,0
DA:4203,0
DA:4204,0
DA:4205,0
DA:4206,0
DA:4207,0
DA:4208,0
DA:4209,0
DA:4210,0
DA:4211,0
DA:4212,0
DA:4214,0
DA:4215,0
DA:4216,0
DA:4218,0
DA:4219,0
DA:4220,0
DA:4223,0
DA:4224,0
DA:4225,0
DA:4226,0
DA:4229,0
DA:4230,0
DA:4232,0
DA:4233,0
DA:4234,0
DA:4235,0
DA:4236,0
DA:4237,0
DA:4238,0
DA:4239,0
DA:4240,0
DA:4241,0
DA:4242,0
DA:4243,0
DA:4244,0
DA:4245,0
DA:4246,0
DA:4248,0
DA:4249,0
DA:4250,0
DA:4251,0
DA:4254,0
DA:4255,0
DA:4257,0
DA:4258,0
DA:4259,0
DA:4260,0
DA:4261,0
DA:4263,0
DA:4264,0
DA:4266,0
DA:4267,0
DA:4268,0
DA:4269,0
DA:4270,0
DA:4271,0
DA:4273,0
DA:4274,0
DA:4275,0
DA:4276,0
DA:4279,0
DA:4280,0
DA:4281,0
DA:4282,0
DA:4283,0
DA:4285,0
DA:4286,0
DA:4288,0
DA:4289,0
DA:4290,0
DA:4291,0
DA:4294,0
DA:4295,0
DA:4296,0
DA:4297,0
DA:4298,0
DA:4300,0
DA:4301,0
DA:4303,0
DA:4304,0
DA:4306,0
DA:4308,0
DA:4309,0
DA:4310,0
DA:4312,0
DA:4313,0
DA:4315,0
DA:4316,0
DA:4317,0
DA:4318,0
DA:4319,0
DA:4320,0
DA:4321,0
DA:4322,0
DA:4323,0
DA:4324,0
DA:4326,0
DA:4328,0
DA:4329,0
DA:4331,0
DA:4332,0
DA:4334,0
DA:4335,0
DA:4336,0
DA:4337,0
DA:4338,0
DA:4339,0
DA:4340,0
DA:4341,0
DA:4342,0
DA:4343,0
DA:4344,0
DA:4345,0
DA:4346,0
DA:4347,0
DA:4348,0
DA:4349,0
DA:4350,0
DA:4351,0
DA:4352,0
DA:4355,0
DA:4356,0
DA:4357,0
DA:4358,0
DA:4361,0
DA:4362,0
DA:4364,0
DA:4365,0
DA:4366,0
DA:4367,0
DA:4368,0
DA:4370,0
DA:4372,0
DA:4374,0
DA:4375,0
DA:4376,0
DA:4378,0
DA:4379,0
DA:4380,0
DA:4381,0
DA:4382,0
DA:4383,0
DA:4384,0
DA:4385,0
DA:4386,0
DA:4387,0
DA:4390,0
DA:4391,0
DA:4392,0
DA:4394,0
DA:4395,0
DA:4396,0
DA:4397,0
DA:4413,0
DA:4414,0
DA:4415,0
DA:4416,0
DA:4419,0
DA:4420,0
DA:4421,0
DA:4422,0
DA:4423,0
DA:4424,0
DA:4425,0
DA:4426,0
DA:4427,0
DA:4428,0
DA:4429,0
DA:4432,0
DA:4435,0
DA:4436,0
DA:4437,0
DA:4439,0
DA:4440,0
DA:4441,0
DA:4443,0
DA:4444,0
DA:4445,0
DA:4448,0
DA:4449,0
DA:4450,0
DA:4451,0
DA:4453,0
DA:4455,0
DA:4456,0
DA:4457,0
DA:4459,0
DA:4460,0
DA:4461,0
DA:4463,0
DA:4464,0
DA:4465,0
DA:4467,0
DA:4468,0
DA:4469,0
DA:4471,0
DA:4475,0
DA:4476,0
DA:4478,0
DA:4479,0
DA:4480,0
DA:4483,0
DA:4484,0
DA:4486,0
DA:4487,0
DA:4488,0
DA:4491,0
DA:4492,0
DA:4493,0
DA:4494,0
DA:4497,0
DA:4498,0
DA:4499,0
DA:4501,0
DA:4502,0
DA:4503,0
DA:4506,0
DA:4507,0
DA:4509,0
DA:4510,0
DA:4511,0
DA:4512,0
DA:4513,0
DA:4514,0
DA:4517,0
DA:4518,0
DA:4519,0
DA:4520,0
DA:4521,0
DA:4522,0
DA:4524,0
DA:4525,0
DA:4526,0
DA:4529,0
DA:4530,0
DA:4532,0
DA:4533,0
DA:4534,0
DA:4535,0
DA:4536,0
DA:4538,0
DA:4540,0
DA:4541,0
DA:4542,0
DA:4544,0
DA:4545,0
DA:4546,0
DA:4548,0
DA:4549,0
DA:4550,0
DA:4552,0
DA:4555,0
DA:4556,0
DA:4557,0
DA:4558,0
DA:4559,0
DA:4560,0
DA:4561,0
DA:4562,0
DA:4564,0
DA:4565,0
DA:4566,0
DA:4567,0
DA:4570,0
DA:4571,0
DA:4572,0
DA:4573,0
DA:4576,0
DA:4577,0
DA:4578,0
DA:4580,0
DA:4582,0
DA:4583,0
DA:4584,0
DA:4585,0
DA:4586,0
DA:4588,0
DA:4589,0
DA:4592,0
DA:4593,0
DA:4594,0
DA:4595,0
DA:4598,0
DA:4599,0
DA:4601,0
DA:4602,0
DA:4603,0
DA:4604,0
DA:4605,0
DA:4607,0
DA:4608,0
DA:4611,0
DA:4612,0
DA:4613,0
DA:4614,0
DA:4615,0
DA:4616,0
DA:4617,0
DA:4619,0
DA:4620,0
DA:4621,0
DA:4622,0
DA:4624,0
DA:4625,0
DA:4626,0
DA:4627,0
DA:4643,0
DA:4644,0
DA:4645,0
DA:4646,0
DA:4649,0
DA:4650,0
DA:4651,0
DA:4652,0
DA:4653,0
DA:4654,0
DA:4655,0
DA:4656,0
DA:4657,0
DA:4658,0
DA:4659,0
DA:4660,0
DA:4663,0
DA:4666,0
DA:4667,0
DA:4668,0
DA:4670,0
DA:4671,0
DA:4672,0
DA:4674,0
DA:4675,0
DA:4676,0
DA:4679,0
DA:4681,0
DA:4682,0
DA:4685,0
DA:4686,0
DA:4687,0
DA:4688,0
DA:4689,0
DA:4690,0
DA:4691,0
DA:4693,0
DA:4694,0
DA:4696,0
DA:4697,0
DA:4699,0
DA:4700,0
DA:4701,0
DA:4704,0
DA:4705,0
DA:4706,0
DA:4708,0
DA:4709,0
DA:4710,0
DA:4713,0
DA:4714,0
DA:4715,0
DA:4716,0
DA:4717,0
DA:4718,0
DA:4719,0
DA:4722,0
DA:4723,0
DA:4724,0
DA:4725,0
DA:4726,0
DA:4729,0
DA:4732,0
DA:4733,0
DA:4734,0
DA:4736,0
DA:4737,0
DA:4738,0
DA:4739,0
DA:4740,0
DA:4742,0
DA:4743,0
DA:4746,0
DA:4747,0
DA:4748,0
DA:4749,0
DA:4752,0
DA:4753,0
DA:4755,0
DA:4756,0
DA:4757,0
DA:4758,0
DA:4759,0
DA:4761,0
DA:4762,0
DA:4765,0
DA:4766,0
DA:4767,0
DA:4769,0
DA:4770,0
DA:4771,0
DA:4772,0
DA:4773,0
DA:4774,0
DA:4777,0
DA:4778,0
DA:4779,0
DA:4780,0
DA:4781,0
DA:4782,0
DA:4783,0
DA:4785,0
DA:4786,0
DA:4787,0
DA:4788,0
DA:4790,0
DA:4791,0
DA:4792,0
DA:4793,0
LF:2807
LH:0
end_of_record
TN:
SF:/Users/roberdan/GitHub/ConvergioCLI-education/src/core/commands/education_commands.c
FNL:0,1025,1042
FNA:0,0,cmd_conjugate
FNL:1,1053,1070
FNA:1,0,cmd_pronounce
FNL:2,1081,1098
FNA:2,0,cmd_grammar
FNL:3,1107,1235
FNA:3,0,cmd_xp
FNL:4,1247,1309
FNA:4,0,cmd_video
FNL:5,1337,1364
FNA:5,0,cmd_periodic
FNL:6,1373,1441
FNA:6,0,cmd_convert
FNL:7,1464,1480
FNA:7,0,cmd_voice
FNL:8,1496,1509
FNA:8,0,cmd_upload
FNL:9,1526,1539
FNA:9,0,cmd_doc
FNL:10,1555,1677
FNA:10,0,cmd_settings
FNL:11,1689,1788
FNA:11,0,cmd_profile
FNL:12,214,257
FNA:12,0,cmd_study
FNL:13,271,339
FNA:13,0,cmd_homework
FNL:14,353,375
FNA:14,0,cmd_quiz
FNL:15,389,411
FNA:15,0,cmd_flashcards
FNL:16,425,447
FNA:16,0,cmd_mindmap
FNL:17,463,772
FNA:17,0,cmd_libretto
FNL:18,65,202
FNA:18,0,cmd_education
FNL:19,791,903
FNA:19,0,cmd_html
FNL:20,915,932
FNA:20,0,cmd_onboarding
FNL:21,947,986
FNA:21,0,cmd_calc
FNL:22,997,1014
FNA:22,0,cmd_define
FNF:23
FNH:0
DA:65,0
DA:67,0
DA:68,0
DA:69,0
DA:72,0
DA:74,0
DA:75,0
DA:76,0
DA:77,0
DA:78,0
DA:79,0
DA:80,0
DA:81,0
DA:85,0
DA:86,0
DA:87,0
DA:88,0
DA:89,0
DA:90,0
DA:91,0
DA:92,0
DA:93,0
DA:94,0
DA:96,0
DA:98,0
DA:101,0
DA:102,0
DA:104,0
DA:105,0
DA:109,0
DA:111,0
DA:112,0
DA:113,0
DA:115,0
DA:116,0
DA:120,0
DA:122,0
DA:123,0
DA:124,0
DA:125,0
DA:126,0
DA:128,0
DA:129,0
DA:132,0
DA:133,0
DA:134,0
DA:136,0
DA:137,0
DA:138,0
DA:139,0
DA:141,0
DA:142,0
DA:144,0
DA:146,0
DA:147,0
DA:148,0
DA:149,0
DA:150,0
DA:153,0
DA:154,0
DA:155,0
DA:156,0
DA:157,0
DA:158,0
DA:159,0
DA:160,0
DA:161,0
DA:164,0
DA:165,0
DA:166,0
DA:167,0
DA:168,0
DA:169,0
DA:170,0
DA:171,0
DA:172,0
DA:173,0
DA:174,0
DA:175,0
DA:176,0
DA:179,0
DA:180,0
DA:181,0
DA:182,0
DA:183,0
DA:184,0
DA:185,0
DA:186,0
DA:187,0
DA:189,0
DA:190,0
DA:191,0
DA:193,0
DA:195,0
DA:196,0
DA:199,0
DA:200,0
DA:201,0
DA:202,0
DA:214,0
DA:215,0
DA:216,0
DA:217,0
DA:220,0
DA:221,0
DA:222,0
DA:223,0
DA:226,0
DA:227,0
DA:228,0
DA:229,0
DA:230,0
DA:231,0
DA:232,0
DA:233,0
DA:234,0
DA:235,0
DA:236,0
DA:237,0
DA:238,0
DA:241,0
DA:242,0
DA:244,0
DA:245,0
DA:246,0
DA:247,0
DA:250,0
DA:251,0
DA:252,0
DA:254,0
DA:255,0
DA:257,0
DA:271,0
DA:272,0
DA:273,0
DA:274,0
DA:277,0
DA:278,0
DA:279,0
DA:280,0
DA:283,0
DA:284,0
DA:285,0
DA:286,0
DA:287,0
DA:288,0
DA:289,0
DA:290,0
DA:291,0
DA:292,0
DA:293,0
DA:297,0
DA:298,0
DA:299,0
DA:300,0
DA:301,0
DA:302,0
DA:303,0
DA:304,0
DA:305,0
DA:306,0
DA:307,0
DA:308,0
DA:310,0
DA:311,0
DA:312,0
DA:315,0
DA:316,0
DA:317,0
DA:318,0
DA:321,0
DA:322,0
DA:324,0
DA:325,0
DA:326,0
DA:328,0
DA:329,0
DA:331,0
DA:332,0
DA:333,0
DA:335,0
DA:336,0
DA:337,0
DA:339,0
DA:353,0
DA:354,0
DA:355,0
DA:356,0
DA:359,0
DA:361,0
DA:362,0
DA:363,0
DA:364,0
DA:365,0
DA:366,0
DA:367,0
DA:368,0
DA:369,0
DA:370,0
DA:374,0
DA:375,0
DA:389,0
DA:390,0
DA:391,0
DA:392,0
DA:395,0
DA:397,0
DA:398,0
DA:399,0
DA:400,0
DA:401,0
DA:402,0
DA:403,0
DA:404,0
DA:405,0
DA:406,0
DA:410,0
DA:411,0
DA:425,0
DA:426,0
DA:427,0
DA:428,0
DA:431,0
DA:433,0
DA:434,0
DA:435,0
DA:436,0
DA:437,0
DA:438,0
DA:439,0
DA:440,0
DA:441,0
DA:442,0
DA:446,0
DA:447,0
DA:463,0
DA:464,0
DA:465,0
DA:466,0
DA:469,0
DA:470,0
DA:471,0
DA:472,0
DA:476,0
DA:478,0
DA:480,0
DA:481,0
DA:482,0
DA:483,0
DA:484,0
DA:485,0
DA:487,0
DA:488,0
DA:489,0
DA:490,0
DA:491,0
DA:492,0
DA:493,0
DA:494,0
DA:495,0
DA:496,0
DA:497,0
DA:498,0
DA:499,0
DA:500,0
DA:503,0
DA:504,0
DA:505,0
DA:506,0
DA:507,0
DA:508,0
DA:509,0
DA:510,0
DA:512,0
DA:513,0
DA:514,0
DA:517,0
DA:522,0
DA:523,0
DA:525,0
DA:526,0
DA:528,0
DA:529,0
DA:530,0
DA:531,0
DA:532,0
DA:534,0
DA:535,0
DA:536,0
DA:538,0
DA:539,0
DA:542,0
DA:543,0
DA:544,0
DA:547,0
DA:548,0
DA:550,0
DA:551,0
DA:553,0
DA:554,0
DA:556,0
DA:557,0
DA:559,0
DA:560,0
DA:562,0
DA:563,0
DA:567,0
DA:568,0
DA:569,0
DA:570,0
DA:571,0
DA:572,0
DA:574,0
DA:576,0
DA:577,0
DA:578,0
DA:580,0
DA:581,0
DA:582,0
DA:584,0
DA:585,0
DA:586,0
DA:589,0
DA:591,0
DA:592,0
DA:593,0
DA:594,0
DA:599,0
DA:600,0
DA:601,0
DA:602,0
DA:603,0
DA:604,0
DA:605,0
DA:606,0
DA:607,0
DA:609,0
DA:610,0
DA:612,0
DA:613,0
DA:615,0
DA:616,0
DA:618,0
DA:619,0
DA:621,0
DA:623,0
DA:624,0
DA:626,0
DA:627,0
DA:628,0
DA:630,0
DA:631,0
DA:633,0
DA:634,0
DA:635,0
DA:636,0
DA:637,0
DA:638,0
DA:639,0
DA:641,0
DA:642,0
DA:643,0
DA:645,0
DA:646,0
DA:647,0
DA:650,0
DA:652,0
DA:653,0
DA:654,0
DA:655,0
DA:660,0
DA:661,0
DA:662,0
DA:664,0
DA:665,0
DA:666,0
DA:668,0
DA:669,0
DA:672,0
DA:673,0
DA:674,0
DA:675,0
DA:676,0
DA:677,0
DA:678,0
DA:680,0
DA:681,0
DA:682,0
DA:683,0
DA:684,0
DA:685,0
DA:688,0
DA:690,0
DA:691,0
DA:692,0
DA:698,0
DA:699,0
DA:701,0
DA:702,0
DA:704,0
DA:705,0
DA:706,0
DA:707,0
DA:708,0
DA:709,0
DA:711,0
DA:713,0
DA:714,0
DA:715,0
DA:717,0
DA:718,0
DA:719,0
DA:720,0
DA:722,0
DA:723,0
DA:724,0
DA:725,0
DA:729,0
DA:731,0
DA:732,0
DA:733,0
DA:734,0
DA:739,0
DA:740,0
DA:742,0
DA:743,0
DA:746,0
DA:748,0
DA:749,0
DA:750,0
DA:751,0
DA:752,0
DA:753,0
DA:754,0
DA:755,0
DA:756,0
DA:757,0
DA:758,0
DA:761,0
DA:762,0
DA:763,0
DA:764,0
DA:766,0
DA:767,0
DA:769,0
DA:770,0
DA:771,0
DA:772,0
DA:791,0
DA:792,0
DA:793,0
DA:794,0
DA:797,0
DA:798,0
DA:799,0
DA:800,0
DA:801,0
DA:802,0
DA:803,0
DA:804,0
DA:805,0
DA:806,0
DA:807,0
DA:808,0
DA:809,0
DA:812,0
DA:814,0
DA:816,0
DA:817,0
DA:818,0
DA:819,0
DA:822,0
DA:823,0
DA:825,0
DA:828,0
DA:829,0
DA:831,0
DA:832,0
DA:833,0
DA:834,0
DA:836,0
DA:837,0
DA:838,0
DA:839,0
DA:842,0
DA:843,0
DA:844,0
DA:845,0
DA:848,0
DA:849,0
DA:851,0
DA:852,0
DA:853,0
DA:854,0
DA:855,0
DA:857,0
DA:858,0
DA:861,0
DA:889,0
DA:890,0
DA:891,0
DA:892,0
DA:893,0
DA:895,0
DA:896,0
DA:898,0
DA:900,0
DA:901,0
DA:902,0
DA:903,0
DA:915,0
DA:916,0
DA:917,0
DA:920,0
DA:921,0
DA:922,0
DA:926,0
DA:927,0
DA:929,0
DA:930,0
DA:932,0
DA:947,0
DA:948,0
DA:949,0
DA:950,0
DA:953,0
DA:955,0
DA:956,0
DA:957,0
DA:958,0
DA:959,0
DA:960,0
DA:961,0
DA:962,0
DA:963,0
DA:964,0
DA:965,0
DA:966,0
DA:969,0
DA:971,0
DA:972,0
DA:973,0
DA:976,0
DA:977,0
DA:978,0
DA:979,0
DA:980,0
DA:982,0
DA:984,0
DA:985,0
DA:986,0
DA:997,0
DA:998,0
DA:999,0
DA:1000,0
DA:1003,0
DA:1005,0
DA:1006,0
DA:1007,0
DA:1008,0
DA:1009,0
DA:1010,0
DA:1013,0
DA:1014,0
DA:1025,0
DA:1026,0
DA:1027,0
DA:1028,0
DA:1031,0
DA:1033,0
DA:1034,0
DA:1035,0
DA:1036,0
DA:1037,0
DA:1038,0
DA:1041,0
DA:1042,0
DA:1053,0
DA:1054,0
DA:1055,0
DA:1056,0
DA:1059,0
DA:1061,0
DA:1062,0
DA:1063,0
DA:1064,0
DA:1065,0
DA:1066,0
DA:1069,0
DA:1070,0
DA:1081,0
DA:1082,0
DA:1083,0
DA:1084,0
DA:1087,0
DA:1089,0
DA:1090,0
DA:1091,0
DA:1092,0
DA:1093,0
DA:1094,0
DA:1097,0
DA:1098,0
DA:1107,0
DA:1108,0
DA:1109,0
DA:1110,0
DA:1113,0
DA:1114,0
DA:1115,0
DA:1116,0
DA:1120,0
DA:1122,0
DA:1123,0
DA:1124,0
DA:1126,0
DA:1127,0
DA:1130,0
DA:1131,0
DA:1132,0
DA:1133,0
DA:1134,0
DA:1135,0
DA:1136,0
DA:1137,0
DA:1138,0
DA:1140,0
DA:1141,0
DA:1142,0
DA:1143,0
DA:1145,0
DA:1146,0
DA:1147,0
DA:1148,0
DA:1149,0
DA:1150,0
DA:1151,0
DA:1152,0
DA:1153,0
DA:1154,0
DA:1156,0
DA:1157,0
DA:1159,0
DA:1160,0
DA:1161,0
DA:1162,0
DA:1163,0
DA:1164,0
DA:1165,0
DA:1167,0
DA:1170,0
DA:1172,0
DA:1175,0
DA:1176,0
DA:1177,0
DA:1178,0
DA:1179,0
DA:1180,0
DA:1181,0
DA:1182,0
DA:1183,0
DA:1184,0
DA:1186,0
DA:1189,0
DA:1190,0
DA:1192,0
DA:1193,0
DA:1194,0
DA:1195,0
DA:1196,0
DA:1197,0
DA:1198,0
DA:1199,0
DA:1200,0
DA:1201,0
DA:1202,0
DA:1203,0
DA:1204,0
DA:1205,0
DA:1207,0
DA:1208,0
DA:1209,0
DA:1210,0
DA:1211,0
DA:1212,0
DA:1213,0
DA:1214,0
DA:1215,0
DA:1216,0
DA:1217,0
DA:1218,0
DA:1219,0
DA:1220,0
DA:1221,0
DA:1222,0
DA:1223,0
DA:1224,0
DA:1225,0
DA:1226,0
DA:1228,0
DA:1231,0
DA:1232,0
DA:1233,0
DA:1234,0
DA:1235,0
DA:1247,0
DA:1248,0
DA:1249,0
DA:1250,0
DA:1253,0
DA:1255,0
DA:1256,0
DA:1257,0
DA:1258,0
DA:1259,0
DA:1260,0
DA:1261,0
DA:1262,0
DA:1263,0
DA:1264,0
DA:1265,0
DA:1268,0
DA:1271,0
DA:1272,0
DA:1275,0
DA:1278,0
DA:1280,0
DA:1281,0
DA:1282,0
DA:1285,0
DA:1286,0
DA:1287,0
DA:1288,0
DA:1289,0
DA:1290,0
DA:1291,0
DA:1292,0
DA:1293,0
DA:1294,0
DA:1295,0
DA:1296,0
DA:1297,0
DA:1299,0
DA:1300,0
DA:1301,0
DA:1302,0
DA:1303,0
DA:1304,0
DA:1305,0
DA:1308,0
DA:1309,0
DA:1337,0
DA:1338,0
DA:1339,0
DA:1340,0
DA:1341,0
DA:1342,0
DA:1343,0
DA:1344,0
DA:1345,0
DA:1346,0
DA:1347,0
DA:1350,0
DA:1351,0
DA:1353,0
DA:1354,0
DA:1355,0
DA:1356,0
DA:1357,0
DA:1358,0
DA:1359,0
DA:1360,0
DA:1363,0
DA:1364,0
DA:1373,0
DA:1374,0
DA:1375,0
DA:1376,0
DA:1377,0
DA:1378,0
DA:1379,0
DA:1380,0
DA:1381,0
DA:1384,0
DA:1385,0
DA:1386,0
DA:1388,0
DA:1389,0
DA:1392,0
DA:1393,0
DA:1394,0
DA:1395,0
DA:1396,0
DA:1397,0
DA:1398,0
DA:1399,0
DA:1400,0
DA:1401,0
DA:1402,0
DA:1403,0
DA:1404,0
DA:1405,0
DA:1406,0
DA:1407,0
DA:1408,0
DA:1409,0
DA:1410,0
DA:1412,0
DA:1413,0
DA:1414,0
DA:1415,0
DA:1416,0
DA:1417,0
DA:1418,0
DA:1420,0
DA:1421,0
DA:1422,0
DA:1423,0
DA:1424,0
DA:1425,0
DA:1426,0
DA:1427,0
DA:1428,0
DA:1429,0
DA:1430,0
DA:1431,0
DA:1432,0
DA:1434,0
DA:1435,0
DA:1436,0
DA:1437,0
DA:1440,0
DA:1441,0
DA:1464,0
DA:1465,0
DA:1466,0
DA:1468,0
DA:1469,0
DA:1470,0
DA:1471,0
DA:1472,0
DA:1473,0
DA:1475,0
DA:1476,0
DA:1477,0
DA:1479,0
DA:1480,0
DA:1496,0
DA:1500,0
DA:1501,0
DA:1503,0
DA:1504,0
DA:1505,0
DA:1506,0
DA:1508,0
DA:1509,0
DA:1526,0
DA:1530,0
DA:1531,0
DA:1533,0
DA:1534,0
DA:1535,0
DA:1536,0
DA:1538,0
DA:1539,0
DA:1555,0
DA:1556,0
DA:1557,0
DA:1558,0
DA:1561,0
DA:1564,0
DA:1565,0
DA:1566,0
DA:1567,0
DA:1568,0
DA:1569,0
DA:1570,0
DA:1571,0
DA:1572,0
DA:1573,0
DA:1574,0
DA:1575,0
DA:1576,0
DA:1577,0
DA:1578,0
DA:1579,0
DA:1580,0
DA:1581,0
DA:1582,0
DA:1583,0
DA:1584,0
DA:1585,0
DA:1586,0
DA:1587,0
DA:1588,0
DA:1589,0
DA:1590,0
DA:1592,0
DA:1593,0
DA:1594,0
DA:1595,0
DA:1596,0
DA:1597,0
DA:1598,0
DA:1599,0
DA:1600,0
DA:1601,0
DA:1602,0
DA:1603,0
DA:1604,0
DA:1605,0
DA:1607,0
DA:1608,0
DA:1609,0
DA:1613,0
DA:1614,0
DA:1615,0
DA:1616,0
DA:1619,0
DA:1620,0
DA:1621,0
DA:1622,0
DA:1623,0
DA:1624,0
DA:1625,0
DA:1626,0
DA:1627,0
DA:1628,0
DA:1629,0
DA:1632,0
DA:1633,0
DA:1634,0
DA:1635,0
DA:1636,0
DA:1637,0
DA:1638,0
DA:1639,0
DA:1640,0
DA:1641,0
DA:1642,0
DA:1645,0
DA:1646,0
DA:1647,0
DA:1648,0
DA:1649,0
DA:1650,0
DA:1651,0
DA:1652,0
DA:1653,0
DA:1654,0
DA:1655,0
DA:1656,0
DA:1657,0
DA:1659,0
DA:1660,0
DA:1661,0
DA:1662,0
DA:1663,0
DA:1664,0
DA:1665,0
DA:1666,0
DA:1667,0
DA:1668,0
DA:1669,0
DA:1670,0
DA:1671,0
DA:1672,0
DA:1673,0
DA:1674,0
DA:1676,0
DA:1677,0
DA:1689,0
DA:1690,0
DA:1691,0
DA:1693,0
DA:1694,0
DA:1695,0
DA:1698,0
DA:1699,0
DA:1700,0
DA:1701,0
DA:1702,0
DA:1703,0
DA:1704,0
DA:1705,0
DA:1706,0
DA:1707,0
DA:1708,0
DA:1709,0
DA:1710,0
DA:1711,0
DA:1712,0
DA:1715,0
DA:1716,0
DA:1717,0
DA:1718,0
DA:1719,0
DA:1722,0
DA:1725,0
DA:1726,0
DA:1727,0
DA:1730,0
DA:1731,0
DA:1734,0
DA:1736,0
DA:1739,0
DA:1740,0
DA:1741,0
DA:1742,0
DA:1744,0
DA:1745,0
DA:1746,0
DA:1747,0
DA:1748,0
DA:1749,0
DA:1750,0
DA:1751,0
DA:1752,0
DA:1753,0
DA:1754,0
DA:1755,0
DA:1756,0
DA:1757,0
DA:1758,0
DA:1759,0
DA:1760,0
DA:1763,0
DA:1764,0
DA:1765,0
DA:1766,0
DA:1767,0
DA:1768,0
DA:1769,0
DA:1770,0
DA:1771,0
DA:1772,0
DA:1773,0
DA:1774,0
DA:1775,0
DA:1776,0
DA:1777,0
DA:1778,0
DA:1780,0
DA:1781,0
DA:1782,0
DA:1783,0
DA:1784,0
DA:1785,0
DA:1787,0
DA:1788,0
LF:1050
LH:0
end_of_record
TN:
SF:/Users/roberdan/GitHub/ConvergioCLI-education/src/core/commands/setup_wizard.c
FNL:0,108,112
FNA:0,0,wait_for_enter
FNL:1,140,155
FNA:1,0,refresh_provider_status
FNL:2,161,245
FNA:2,0,show_api_key_help
FNL:3,247,319
FNA:3,0,configure_api_key
FNL:4,321,352
FNA:4,0,menu_api_keys
FNL:5,358,408
FNA:5,0,apply_profile
FNL:6,40,42
FNA:6,0,clear_screen
FNL:7,410,465
FNA:7,0,menu_quick_setup
FNL:8,44,50
FNA:8,0,print_header
FNL:9,471,509
FNA:9,0,menu_view_config
FNL:10,52,55
FNA:10,0,print_footer
FNL:11,529,532
FNA:11,0,download_progress_callback
FNL:12,534,569
FNA:12,0,download_mlx_model
FNL:13,57,59
FNA:13,0,print_success
FNL:14,571,592
FNA:14,0,delete_mlx_model
FNL:15,594,679
FNA:15,0,menu_local_models
FNL:16,61,63
FNA:16,0,print_error
FNL:17,685,739
FNA:17,0,cmd_setup
FNL:18,70,72
FNA:18,0,print_info
FNL:19,74,93
FNA:19,0,get_choice
FNL:20,748,755
FNA:20,0,provider_get_name
FNL:21,760,767
FNA:21,0,provider_get_api_key_env
FNL:22,96,106
FNA:22,0,get_yes_no
FNF:23
FNH:0
DA:40,0
DA:41,0
DA:42,0
DA:44,0
DA:45,0
DA:47,0
DA:48,0
DA:50,0
DA:52,0
DA:53,0
DA:55,0
DA:57,0
DA:58,0
DA:59,0
DA:61,0
DA:62,0
DA:63,0
DA:70,0
DA:71,0
DA:72,0
DA:74,0
DA:75,0
DA:76,0
DA:77,0
DA:79,0
DA:80,0
DA:83,0
DA:86,0
DA:87,0
DA:89,0
DA:90,0
DA:91,0
DA:92,0
DA:93,0
DA:96,0
DA:97,0
DA:98,0
DA:99,0
DA:101,0
DA:102,0
DA:103,0
DA:105,0
DA:106,0
DA:108,0
DA:109,0
DA:110,0
DA:111,0
DA:112,0
DA:140,0
DA:141,0
DA:142,0
DA:144,0
DA:145,0
DA:146,0
DA:148,0
DA:149,0
DA:150,0
DA:151,0
DA:152,0
DA:153,0
DA:154,0
DA:155,0
DA:161,0
DA:162,0
DA:164,0
DA:166,0
DA:167,0
DA:168,0
DA:169,0
DA:170,0
DA:171,0
DA:173,0
DA:174,0
DA:177,0
DA:178,0
DA:179,0
DA:180,0
DA:181,0
DA:182,0
DA:183,0
DA:184,0
DA:187,0
DA:188,0
DA:189,0
DA:190,0
DA:191,0
DA:192,0
DA:193,0
DA:194,0
DA:197,0
DA:198,0
DA:199,0
DA:200,0
DA:201,0
DA:202,0
DA:203,0
DA:204,0
DA:205,0
DA:206,0
DA:207,0
DA:210,0
DA:211,0
DA:212,0
DA:213,0
DA:214,0
DA:215,0
DA:216,0
DA:217,0
DA:218,0
DA:219,0
DA:220,0
DA:221,0
DA:224,0
DA:225,0
DA:226,0
DA:227,0
DA:228,0
DA:229,0
DA:230,0
DA:231,0
DA:232,0
DA:233,0
DA:234,0
DA:235,0
DA:236,0
DA:237,0
DA:238,0
DA:239,0
DA:240,0
DA:243,0
DA:245,0
DA:247,0
DA:248,0
DA:250,0
DA:251,0
DA:252,0
DA:253,0
DA:254,0
DA:255,0
DA:256,0
DA:258,0
DA:260,0
DA:261,0
DA:262,0
DA:264,0
DA:266,0
DA:267,0
DA:268,0
DA:269,0
DA:270,0
DA:273,0
DA:274,0
DA:275,0
DA:276,0
DA:278,0
DA:280,0
DA:282,0
DA:283,0
DA:284,0
DA:285,0
DA:286,0
DA:289,0
DA:290,0
DA:291,0
DA:294,0
DA:295,0
DA:296,0
DA:297,0
DA:298,0
DA:300,0
DA:301,0
DA:302,0
DA:303,0
DA:304,0
DA:305,0
DA:306,0
DA:307,0
DA:308,0
DA:309,0
DA:310,0
DA:312,0
DA:314,0
DA:317,0
DA:319,0
DA:321,0
DA:322,0
DA:323,0
DA:324,0
DA:326,0
DA:328,0
DA:329,0
DA:331,0
DA:332,0
DA:334,0
DA:335,0
DA:337,0
DA:338,0
DA:339,0
DA:341,0
DA:342,0
DA:344,0
DA:346,0
DA:347,0
DA:348,0
DA:349,0
DA:350,0
DA:351,0
DA:352,0
DA:358,0
DA:359,0
DA:360,0
DA:362,0
DA:364,0
DA:366,0
DA:367,0
DA:368,0
DA:369,0
DA:370,0
DA:371,0
DA:374,0
DA:375,0
DA:376,0
DA:377,0
DA:378,0
DA:379,0
DA:382,0
DA:383,0
DA:384,0
DA:385,0
DA:386,0
DA:387,0
DA:390,0
DA:391,0
DA:392,0
DA:393,0
DA:394,0
DA:395,0
DA:396,0
DA:399,0
DA:402,0
DA:403,0
DA:404,0
DA:406,0
DA:407,0
DA:408,0
DA:410,0
DA:411,0
DA:412,0
DA:414,0
DA:416,0
DA:417,0
DA:418,0
DA:419,0
DA:421,0
DA:422,0
DA:423,0
DA:424,0
DA:426,0
DA:427,0
DA:428,0
DA:429,0
DA:431,0
DA:432,0
DA:433,0
DA:434,0
DA:436,0
DA:437,0
DA:439,0
DA:441,0
DA:443,0
DA:445,0
DA:447,0
DA:448,0
DA:450,0
DA:451,0
DA:453,0
DA:454,0
DA:456,0
DA:457,0
DA:459,0
DA:460,0
DA:461,0
DA:463,0
DA:465,0
DA:471,0
DA:472,0
DA:473,0
DA:475,0
DA:477,0
DA:478,0
DA:480,0
DA:481,0
DA:483,0
DA:484,0
DA:486,0
DA:487,0
DA:490,0
DA:491,0
DA:492,0
DA:493,0
DA:494,0
DA:495,0
DA:498,0
DA:499,0
DA:500,0
DA:501,0
DA:502,0
DA:503,0
DA:504,0
DA:505,0
DA:507,0
DA:508,0
DA:509,0
DA:529,0
DA:530,0
DA:531,0
DA:532,0
DA:534,0
DA:536,0
DA:537,0
DA:538,0
DA:541,0
DA:542,0
DA:543,0
DA:544,0
DA:546,0
DA:548,0
DA:551,0
DA:553,0
DA:555,0
DA:556,0
DA:557,0
DA:558,0
DA:559,0
DA:560,0
DA:561,0
DA:562,0
DA:563,0
DA:564,0
DA:565,0
DA:566,0
DA:567,0
DA:569,0
DA:571,0
DA:572,0
DA:575,0
DA:576,0
DA:577,0
DA:578,0
DA:579,0
DA:581,0
DA:582,0
DA:583,0
DA:586,0
DA:587,0
DA:588,0
DA:589,0
DA:590,0
DA:592,0
DA:594,0
DA:595,0
DA:596,0
DA:597,0
DA:598,0
DA:599,0
DA:600,0
DA:601,0
DA:602,0
DA:603,0
DA:604,0
DA:607,0
DA:608,0
DA:609,0
DA:611,0
DA:612,0
DA:615,0
DA:616,0
DA:618,0
DA:619,0
DA:621,0
DA:622,0
DA:623,0
DA:624,0
DA:626,0
DA:627,0
DA:628,0
DA:630,0
DA:631,0
DA:632,0
DA:633,0
DA:635,0
DA:637,0
DA:638,0
DA:639,0
DA:640,0
DA:641,0
DA:642,0
DA:644,0
DA:645,0
DA:648,0
DA:649,0
DA:650,0
DA:651,0
DA:652,0
DA:653,0
DA:654,0
DA:655,0
DA:656,0
DA:657,0
DA:658,0
DA:659,0
DA:661,0
DA:662,0
DA:663,0
DA:664,0
DA:665,0
DA:666,0
DA:667,0
DA:668,0
DA:669,0
DA:670,0
DA:671,0
DA:672,0
DA:673,0
DA:675,0
DA:676,0
DA:677,0
DA:678,0
DA:679,0
DA:685,0
DA:686,0
DA:687,0
DA:689,0
DA:690,0
DA:691,0
DA:693,0
DA:695,0
DA:696,0
DA:699,0
DA:700,0
DA:701,0
DA:702,0
DA:703,0
DA:704,0
DA:707,0
DA:708,0
DA:709,0
DA:710,0
DA:711,0
DA:712,0
DA:714,0
DA:716,0
DA:718,0
DA:720,0
DA:721,0
DA:723,0
DA:724,0
DA:726,0
DA:727,0
DA:729,0
DA:730,0
DA:732,0
DA:734,0
DA:736,0
DA:739,0
DA:748,0
DA:749,0
DA:750,0
DA:751,0
DA:753,0
DA:754,0
DA:755,0
DA:760,0
DA:761,0
DA:762,0
DA:763,0
DA:765,0
DA:766,0
DA:767,0
LF:479
LH:0
end_of_record
TN:
SF:/Users/roberdan/GitHub/ConvergioCLI-education/src/core/commands/workflow.c
FNL:0,129,171
FNA:0,0,cmd_workflow_execute
FNL:1,177,235
FNA:1,0,cmd_workflow_resume
FNL:2,21,23
FNA:2,0,workflow_load_by_name
FNL:3,241,268
FNA:3,0,cmd_workflow
FNL:4,27,29
FNA:4,0,workflow_load_by_id
FNL:5,38,50
FNA:5,0,cmd_workflow_list
FNL:6,57,123
FNA:6,0,cmd_workflow_show
FNF:7
FNH:0
DA:21,0
DA:22,0
DA:23,0
DA:27,0
DA:28,0
DA:29,0
DA:38,0
DA:39,0
DA:40,0
DA:42,0
DA:43,0
DA:44,0
DA:45,0
DA:46,0
DA:47,0
DA:48,0
DA:50,0
DA:57,0
DA:58,0
DA:59,0
DA:62,0
DA:63,0
DA:64,0
DA:65,0
DA:66,0
DA:67,0
DA:68,0
DA:69,0
DA:70,0
DA:71,0
DA:72,0
DA:73,0
DA:74,0
DA:76,0
DA:77,0
DA:78,0
DA:79,0
DA:83,0
DA:85,0
DA:86,0
DA:87,0
DA:88,0
DA:92,0
DA:94,0
DA:96,0
DA:97,0
DA:98,0
DA:99,0
DA:100,0
DA:101,0
DA:102,0
DA:104,0
DA:106,0
DA:107,0
DA:108,0
DA:109,0
DA:110,0
DA:111,0
DA:113,0
DA:114,0
DA:115,0
DA:116,0
DA:117,0
DA:121,0
DA:122,0
DA:123,0
DA:129,0
DA:130,0
DA:131,0
DA:132,0
DA:133,0
DA:136,0
DA:137,0
DA:140,0
DA:142,0
DA:143,0
DA:144,0
DA:145,0
DA:146,0
DA:149,0
DA:150,0
DA:152,0
DA:153,0
DA:154,0
DA:155,0
DA:156,0
DA:157,0
DA:158,0
DA:160,0
DA:161,0
DA:162,0
DA:163,0
DA:164,0
DA:165,0
DA:169,0
DA:170,0
DA:171,0
DA:177,0
DA:178,0
DA:179,0
DA:180,0
DA:181,0
DA:184,0
DA:185,0
DA:186,0
DA:187,0
DA:190,0
DA:191,0
DA:192,0
DA:193,0
DA:196,0
DA:197,0
DA:198,0
DA:199,0
DA:203,0
DA:204,0
DA:205,0
DA:206,0
DA:207,0
DA:208,0
DA:210,0
DA:211,0
DA:214,0
DA:215,0
DA:217,0
DA:218,0
DA:219,0
DA:220,0
DA:221,0
DA:222,0
DA:223,0
DA:224,0
DA:225,0
DA:226,0
DA:227,0
DA:228,0
DA:229,0
DA:233,0
DA:234,0
DA:235,0
DA:241,0
DA:242,0
DA:243,0
DA:244,0
DA:245,0
DA:246,0
DA:247,0
DA:248,0
DA:249,0
DA:250,0
DA:253,0
DA:255,0
DA:256,0
DA:257,0
DA:258,0
DA:259,0
DA:260,0
DA:261,0
DA:262,0
DA:264,0
DA:265,0
DA:266,0
DA:268,0
LF:163
LH:0
end_of_record
TN:
SF:/Users/roberdan/GitHub/ConvergioCLI-education/src/core/config.c
FNL:0,108,175
FNA:0,0,parse_config_line
FNL:1,181,193
FNA:1,0,set_defaults
FNL:2,195,208
FNA:2,0,setup_paths
FNL:3,210,224
FNA:3,0,create_directories
FNL:4,226,264
FNA:4,0,convergio_config_init
FNL:5,266,270
FNA:5,0,convergio_config_shutdown
FNL:6,276,292
FNA:6,0,convergio_config_load
FNL:7,294,327
FNA:7,0,convergio_config_save
FNL:8,329,332
FNA:8,0,convergio_config_reset
FNL:9,338,368
FNA:9,0,convergio_config_get
FNL:10,370,396
FNA:10,0,convergio_config_set
FNL:11,402,424
FNA:11,0,convergio_get_api_key
FNL:12,426,431
FNA:12,0,convergio_store_api_key
FNL:13,433,434
FNA:13,0,convergio_delete_api_key
FNL:14,44,56
FNA:14,0,get_home_dir
FNL:15,441,516
FNA:15,0,convergio_setup_wizard
FNL:16,518,519
FNA:16,0,convergio_setup_complete
FNL:17,542,555
FNA:17,0,convergio_get_style_settings
FNL:18,557,558
FNA:18,0,convergio_get_style_name
FNL:19,58,69
FNA:19,0,ensure_directory
FNL:20,75,95
FNA:20,0,trim_whitespace
FNL:21,97,106
FNA:21,0,remove_quotes
FNF:22
FNH:0
DA:44,0
DA:45,0
DA:46,0
DA:47,0
DA:50,0
DA:51,0
DA:52,0
DA:55,0
DA:56,0
DA:58,0
DA:59,0
DA:60,0
DA:61,0
DA:64,0
DA:65,0
DA:68,0
DA:69,0
DA:75,0
DA:76,0
DA:77,0
DA:80,0
DA:81,0
DA:82,0
DA:85,0
DA:86,0
DA:87,0
DA:88,0
DA:92,0
DA:93,0
DA:94,0
DA:95,0
DA:97,0
DA:98,0
DA:99,0
DA:100,0
DA:101,0
DA:102,0
DA:103,0
DA:104,0
DA:105,0
DA:106,0
DA:108,0
DA:109,0
DA:110,0
DA:111,0
DA:112,0
DA:115,0
DA:116,0
DA:120,0
DA:121,0
DA:122,0
DA:123,0
DA:124,0
DA:125,0
DA:126,0
DA:127,0
DA:128,0
DA:131,0
DA:132,0
DA:133,0
DA:135,0
DA:136,0
DA:137,0
DA:138,0
DA:139,0
DA:140,0
DA:143,0
DA:144,0
DA:145,0
DA:146,0
DA:147,0
DA:148,0
DA:149,0
DA:150,0
DA:151,0
DA:152,0
DA:153,0
DA:154,0
DA:155,0
DA:156,0
DA:157,0
DA:158,0
DA:159,0
DA:160,0
DA:161,0
DA:162,0
DA:163,0
DA:164,0
DA:165,0
DA:166,0
DA:167,0
DA:168,0
DA:169,0
DA:170,0
DA:171,0
DA:172,0
DA:174,0
DA:175,0
DA:181,0
DA:182,0
DA:184,0
DA:185,0
DA:186,0
DA:187,0
DA:188,0
DA:189,0
DA:190,0
DA:191,0
DA:192,0
DA:193,0
DA:195,0
DA:196,0
DA:198,0
DA:199,0
DA:201,0
DA:202,0
DA:203,0
DA:205,0
DA:207,0
DA:208,0
DA:210,0
DA:211,0
DA:212,0
DA:214,0
DA:215,0
DA:217,0
DA:218,0
DA:220,0
DA:221,0
DA:223,0
DA:224,0
DA:226,0
DA:227,0
DA:228,0
DA:231,0
DA:232,0
DA:235,0
DA:236,0
DA:237,0
DA:240,0
DA:244,0
DA:246,0
DA:247,0
DA:248,0
DA:249,0
DA:252,0
DA:253,0
DA:255,0
DA:256,0
DA:258,0
DA:259,0
DA:260,0
DA:262,0
DA:263,0
DA:264,0
[...]
DA:177,1
DA:179,1
DA:180,1
DA:181,1
DA:183,1
DA:185,1
DA:186,1
DA:192,0
DA:193,0
DA:194,0
DA:201,0
DA:204,0
DA:205,0
DA:206,0
DA:209,0
DA:210,0
DA:211,0
DA:212,0
DA:214,0
DA:215,0
LF:109
LH:79
end_of_record
TN:
SF:/Users/roberdan/GitHub/ConvergioCLI-education/src/workflow/retry.c
FNL:0,162,176
FNA:0,0,workflow_should_retry
FNL:1,32,53
FNA:1,0,is_retryable_error
FNL:2,56,85
FNA:2,0,classify_error_from_message
FNL:3,92,159
FNA:3,0,workflow_execute_with_retry
FNF:4
FNH:0
DA:32,0
DA:33,0
DA:39,0
DA:48,0
DA:51,0
DA:53,0
DA:56,0
DA:57,0
DA:58,0
DA:62,0
DA:63,0
DA:65,0
DA:66,0
DA:67,0
DA:69,0
DA:70,0
DA:72,0
DA:73,0
DA:74,0
DA:76,0
DA:77,0
DA:78,0
DA:80,0
DA:81,0
DA:84,0
DA:85,0
DA:92,0
DA:94,0
DA:95,0
DA:98,0
DA:99,0
DA:100,0
DA:102,0
DA:103,0
DA:104,0
DA:106,0
DA:107,0
DA:108,0
DA:110,0
DA:111,0
DA:113,0
DA:115,0
DA:119,0
DA:120,0
DA:123,0
DA:125,0
DA:127,0
DA:129,0
DA:131,0
DA:134,0
DA:135,0
DA:136,0
DA:137,0
DA:140,0
DA:141,0
DA:142,0
DA:145,0
DA:149,0
DA:150,0
DA:152,0
DA:153,0
DA:154,0
DA:158,0
DA:159,0
DA:162,0
DA:163,0
DA:164,0
DA:168,0
DA:169,0
DA:175,0
DA:176,0
LF:71
LH:0
end_of_record
TN:
SF:/Users/roberdan/GitHub/ConvergioCLI-education/src/workflow/router.c
FNL:0,153,171
FNA:0,6,router_evaluate_condition
FNL:1,177,237
FNA:1,1,router_get_next_node
FNL:2,26,147
FNA:2,6,evaluate_simple_condition
FNF:3
FNH:3
DA:26,6
DA:27,6
DA:28,0
DA:33,6
DA:34,6
DA:35,0
DA:39,6
DA:40,6
DA:41,6
DA:43,6
DA:44,0
DA:45,0
DA:46,6
DA:47,0
DA:48,0
DA:49,6
DA:50,5
DA:51,5
DA:52,6
DA:53,1
DA:54,1
DA:55,1
DA:56,0
DA:57,0
DA:58,0
DA:59,0
DA:60,0
DA:61,0
DA:63,6
DA:64,0
DA:65,0
DA:69,6
DA:70,6
DA:71,6
DA:74,6
DA:75,0
DA:76,6
DA:77,12
DA:78,6
DA:79,6
DA:83,12
DA:84,6
DA:85,6
DA:86,6
DA:87,0
DA:88,0
DA:92,6
DA:93,6
DA:94,0
DA:95,6
DA:96,6
DA:97,6
DA:100,6
DA:101,0
DA:102,0
DA:106,6
DA:108,6
DA:109,6
DA:110,5
DA:112,4
DA:113,4
DA:115,1
DA:116,1
DA:118,0
DA:119,0
DA:121,0
DA:122,0
DA:124,0
DA:125,0
DA:127,0
DA:128,0
DA:130,0
DA:131,0
DA:133,5
DA:135,1
DA:137,0
DA:138,0
DA:140,1
DA:141,1
DA:145,6
DA:146,6
DA:147,6
DA:153,6
DA:154,6
DA:155,0
DA:159,6
DA:160,0
DA:164,6
DA:165,0
DA:170,6
DA:171,6
DA:177,1
DA:179,1
DA:180,0
DA:184,1
DA:185,0
DA:194,1
DA:196,1
DA:198,0
DA:199,0
DA:200,0
DA:202,0
DA:203,0
DA:205,0
DA:206,0
DA:208,0
DA:212,1
DA:214,1
DA:216,0
DA:217,0
DA:219,0
DA:221,1
DA:222,0
DA:225,1
DA:226,1
DA:229,1
DA:231,0
DA:232,0
DA:236,0
DA:237,1
LF:120
LH:68
end_of_record
TN:
SF:/Users/roberdan/GitHub/ConvergioCLI-education/src/workflow/task_decomposer.c
FNL:0,233,297
FNA:0,1,task_decompose
FNL:1,304,343
FNA:1,10,has_cycle_dfs
FNL:2,346,373
FNA:2,3,task_detect_cycles
FNL:3,376,406
FNA:3,3,task_resolve_dependencies
FNL:4,413,420
FNA:4,0,find_task_index_by_id
FNL:5,423,438
FNA:5,1,calculate_in_degrees
FNL:6,442,450
FNA:6,1,initialize_queue
FNL:7,454,474
FNA:7,2,reduce_dependent_in_degrees
FNL:8,480,530
FNA:8,1,task_topological_sort
FNL:9,52,71
FNA:9,0,sanitize_llm_string
FNL:10,536,590
FNA:10,1,task_create_execution_plan
FNL:11,596,626
FNA:11,0,task_prerequisites_met
FNL:12,628,664
FNA:12,0,task_get_ready
FNL:13,666,683
FNA:13,0,task_mark_completed
FNL:14,685,702
FNA:14,0,task_mark_failed
FNL:15,709,797
FNA:15,0,task_execute_via_agent
FNL:16,74,94
FNA:16,0,validate_role_string
FNL:17,799,816
FNA:17,0,task_execute_parallel
FNL:18,818,836
FNA:18,0,__task_execute_parallel_block_invoke
FNL:19,842,868
FNA:19,0,task_free_decomposed
FNL:20,98,230
FNA:20,0,parse_decomposition_json
FNF:21
FNH:9
DA:52,0
DA:53,0
DA:54,0
DA:57,0
DA:58,0
DA:59,0
DA:63,0
DA:64,0
DA:65,0
DA:66,0
DA:68,0
DA:70,0
DA:71,0
DA:74,0
DA:75,0
DA:76,0
DA:80,0
DA:81,0
DA:82,0
DA:83,0
DA:84,0
DA:85,0
DA:86,0
DA:87,0
DA:88,0
DA:89,0
DA:90,0
DA:91,0
DA:93,0
DA:94,0
DA:98,0
DA:99,0
DA:100,0
DA:104,0
DA:105,0
DA:106,0
DA:109,0
DA:110,0
DA:111,0
DA:115,0
DA:116,0
DA:117,0
DA:120,0
DA:121,0
DA:122,0
DA:123,0
DA:126,0
DA:129,0
DA:130,0
DA:131,0
DA:134,0
DA:135,0
DA:136,0
DA:137,0
DA:141,0
DA:143,0
DA:144,0
DA:147,0
DA:148,0
DA:152,0
DA:153,0
DA:154,0
DA:157,0
DA:158,0
DA:159,0
DA:160,0
DA:164,0
DA:165,0
DA:166,0
DA:167,0
DA:168,0
DA:169,0
DA:170,0
DA:171,0
DA:172,0
DA:175,0
DA:176,0
DA:177,0
DA:178,0
DA:179,0
DA:183,0
DA:184,0
DA:185,0
DA:188,0
DA:189,0
DA:190,0
DA:192,0
DA:193,0
DA:194,0
DA:195,0
DA:196,0
DA:197,0
DA:198,0
DA:199,0
DA:201,0
DA:202,0
DA:203,0
DA:204,0
DA:205,0
DA:206,0
DA:207,0
DA:208,0
DA:209,0
DA:210,0
DA:213,0
DA:214,0
DA:215,0
DA:216,0
DA:217,0
DA:218,0
DA:220,0
DA:223,0
DA:224,0
DA:225,0
DA:228,0
DA:229,0
DA:230,0
DA:233,1
DA:235,1
DA:236,0
DA:239,1
DA:242,1
DA:243,1
DA:244,0
DA:248,1
DA:258,1
DA:259,1
DA:260,1
DA:261,0
DA:266,1
DA:270,1
DA:271,1
DA:272,1
DA:275,0
DA:279,0
DA:280,0
DA:283,0
DA:284,0
DA:286,0
DA:287,0
DA:291,0
DA:293,0
DA:294,0
DA:296,0
DA:297,1
DA:304,10
DA:306,10
DA:307,0
DA:310,10
DA:311,10
DA:312,0
DA:315,10
DA:316,1
DA:319,9
DA:320,2
DA:323,7
DA:324,7
DA:327,11
DA:328,4
DA:331,10
DA:332,6
DA:333,4
DA:334,2
DA:336,2
DA:338,2
DA:339,4
DA:341,5
DA:342,5
DA:343,10
DA:346,3
DA:347,3
DA:348,0
DA:351,3
DA:352,3
DA:354,3
DA:355,0
DA:356,0
DA:357,0
DA:360,9
DA:361,6
DA:362,6
DA:363,1
DA:364,1
DA:365,1
DA:367,5
DA:368,5
DA:370,2
DA:371,2
DA:372,2
DA:373,3
DA:376,3
DA:377,3
DA:378,0
DA:382,3
DA:383,1
DA:387,7
DA:388,7
DA:389,2
DA:390,2
DA:392,5
DA:393,3
DA:394,2
DA:395,2
DA:397,1
DA:399,2
DA:400,0
DA:402,2
DA:403,5
DA:405,2
DA:406,3
DA:413,0
DA:414,0
DA:415,0
DA:416,0
DA:418,0
DA:419,0
DA:420,0
DA:423,1
DA:424,3
DA:425,2
DA:426,2
DA:428,3
DA:429,2
DA:430,0
DA:431,0
DA:432,0
DA:433,0
DA:434,0
DA:435,0
DA:436,2
DA:438,1
DA:442,1
DA:444,1
DA:445,3
DA:446,2
DA:447,2
DA:448,2
DA:449,2
DA:450,1
DA:454,2
DA:457,6
DA:459,4
DA:460,4
DA:461,0
DA:462,0
DA:463,0
DA:465,0
DA:467,4
DA:468,0
DA:469,0
DA:470,0
DA:471,0
DA:472,0
DA:473,4
DA:474,2
DA:480,1
DA:482,1
DA:483,0
DA:486,1
DA:489,1
DA:490,1
DA:491,0
DA:495,1
DA:496,0
DA:497,0
DA:501,1
DA:502,1
DA:503,1
DA:505,1
DA:506,0
DA:507,0
DA:510,1
DA:513,3
DA:514,2
DA:515,2
DA:518,2
DA:519,2
DA:521,1
DA:522,1
DA:525,1
DA:526,0
DA:529,1
DA:530,1
DA:536,1
DA:537,1
DA:538,0
DA:542,1
DA:543,0
DA:547,1
DA:548,1
DA:550,1
DA:551,0
DA:554,1
DA:555,0
DA:556,0
DA:560,1
DA:561,1
DA:562,0
DA:563,0
DA:567,3
DA:569,2
DA:570,5
DA:571,3
DA:572,2
DA:573,2
DA:575,1
DA:577,2
DA:578,0
DA:582,2
DA:583,2
DA:584,2
DA:585,2
DA:586,2
DA:588,1
DA:589,1
DA:590,1
DA:596,0
DA:598,0
DA:599,0
DA:602,0
DA:603,0
DA:606,0
DA:607,0
DA:608,0
DA:610,0
DA:611,0
DA:612,0
DA:613,0
DA:615,0
DA:616,0
DA:618,0
DA:620,0
DA:621,0
DA:623,0
DA:625,0
DA:626,0
DA:628,0
DA:629,0
DA:630,0
DA:633,0
DA:636,0
DA:637,0
DA:638,0
DA:639,0
DA:640,0
DA:641,0
DA:642,0
DA:644,0
DA:645,0
DA:649,0
DA:650,0
DA:651,0
DA:654,0
DA:655,0
DA:656,0
DA:657,0
DA:658,0
DA:659,0
DA:660,0
DA:662,0
DA:663,0
DA:664,0
DA:666,0
DA:667,0
DA:668,0
DA:671,0
DA:672,0
DA:674,0
DA:675,0
DA:676,0
DA:677,0
DA:678,0
DA:679,0
DA:680,0
DA:682,0
DA:683,0
DA:685,0
DA:686,0
DA:687,0
DA:690,0
DA:691,0
DA:693,0
DA:694,0
DA:695,0
DA:696,0
DA:697,0
DA:698,0
DA:699,0
DA:701,0
DA:702,0
DA:709,0
DA:710,0
DA:711,0
DA:715,0
DA:717,0
DA:719,0
DA:720,0
DA:721,0
DA:723,0
DA:724,0
DA:726,0
DA:729,0
DA:730,0
DA:731,0
DA:733,0
DA:736,0
DA:737,0
DA:738,0
DA:742,0
DA:743,0
DA:745,0
DA:746,0
DA:749,0
DA:750,0
DA:751,0
DA:754,0
DA:756,0
DA:757,0
DA:758,0
DA:759,0
DA:760,0
DA:765,0
DA:769,0
DA:770,0
DA:772,0
DA:776,0
DA:777,0
DA:779,0
DA:780,0
DA:781,0
DA:785,0
DA:786,0
DA:787,0
DA:790,0
DA:791,0
DA:794,0
DA:796,0
DA:797,0
DA:799,0
DA:800,0
DA:801,0
DA:805,0
DA:806,0
DA:808,0
DA:809,0
DA:813,0
DA:815,0
DA:816,0
DA:818,0
DA:820,0
DA:823,0
DA:825,0
DA:828,0
DA:829,0
DA:830,0
DA:835,0
DA:836,0
DA:842,0
DA:843,0
DA:844,0
DA:847,0
DA:848,0
DA:849,0
DA:850,0
DA:851,0
DA:852,0
DA:853,0
DA:854,0
DA:855,0
DA:856,0
DA:857,0
DA:858,0
DA:859,0
DA:860,0
DA:861,0
DA:862,0
DA:863,0
DA:864,0
DA:866,0
DA:867,0
DA:868,0
LF:481
LH:140
end_of_record
TN:
SF:/Users/roberdan/GitHub/ConvergioCLI-education/src/workflow/workflow_engine.c
FNL:0,253,295
FNA:0,20,workflow_execute_node
FNL:1,302,325
FNA:1,2,workflow_get_next_node
FNL:2,328,355
FNA:2,1,workflow_get_current_node
FNL:3,362,389
FNA:3,19,handle_node_failure
FNL:4,392,398
FNA:4,1,handle_node_success
FNL:5,401,427
FNA:5,20,prepare_workflow_execution
FNL:6,434,523
FNA:6,20,workflow_execute
FNL:7,49,54
FNA:7,0,workflow_get_state
FNL:8,529,541
FNA:8,1,workflow_pause
FNL:9,543,555
FNA:9,1,workflow_cancel
FNL:10,557,572
FNA:10,0,workflow_resume
FNL:11,56,61
FNA:11,2109,workflow_set_state
FNL:12,63,68
FNA:12,1012,workflow_get_state_value
FNL:13,70,75
FNA:13,2,workflow_clear_state
FNL:14,82,250
FNA:14,18,execute_action_node
FNF:15
FNH:13
DA:49,0
DA:50,0
DA:51,0
DA:53,0
DA:54,0
DA:56,2109
DA:57,2109
DA:58,48
DA:60,2061
DA:61,2061
DA:63,1012
DA:64,1012
DA:65,0
DA:67,1012
DA:68,1012
DA:70,2
DA:71,2
DA:72,0
DA:74,2
DA:75,2
DA:82,18
DA:83,18
DA:84,0
DA:87,18
DA:89,4
DA:90,0
DA:91,0
DA:92,0
DA:93,4
DA:94,4
DA:98,14
DA:99,14
DA:100,14
DA:101,14
DA:102,0
DA:103,0
DA:104,0
DA:106,0
DA:108,14
DA:109,14
DA:110,0
DA:111,0
DA:112,0
DA:113,14
DA:114,14
DA:118,0
DA:119,0
DA:120,0
DA:121,0
DA:122,0
DA:124,0
DA:125,0
DA:126,0
DA:129,0
DA:130,0
DA:131,0
DA:132,0
DA:133,0
DA:135,0
DA:136,0
DA:137,0
DA:138,0
DA:140,0
DA:141,0
DA:142,0
DA:143,0
DA:148,0
DA:149,0
DA:150,0
DA:151,0
DA:152,0
DA:153,0
DA:154,0
DA:155,0
DA:156,0
DA:157,0
DA:160,0
DA:161,0
DA:162,0
DA:163,0
DA:164,0
DA:165,0
DA:166,0
DA:167,0
DA:168,0
DA:169,0
DA:170,0
DA:171,0
DA:173,0
DA:174,0
DA:177,0
DA:180,0
DA:181,0
DA:183,0
DA:184,0
DA:188,0
DA:189,0
DA:190,0
DA:191,0
DA:195,0
DA:196,0
DA:197,0
DA:198,0
DA:202,0
DA:203,0
DA:204,0
DA:205,0
DA:206,0
DA:208,0
DA:209,0
DA:210,0
DA:212,0
DA:213,0
DA:216,0
DA:217,0
DA:218,0
DA:219,0
DA:220,0
DA:221,0
DA:224,0
DA:227,0
DA:229,0
DA:233,0
DA:234,0
DA:235,0
DA:237,0
DA:238,0
DA:239,0
DA:244,0
DA:246,0
DA:247,0
DA:249,0
DA:250,18
DA:253,20
DA:254,20
DA:255,0
DA:259,20
DA:260,20
DA:262,20
DA:264,18
DA:269,1
DA:273,0
DA:274,0
DA:280,1
DA:281,0
DA:282,0
DA:283,0
DA:284,1
DA:285,1
DA:288,0
DA:289,0
DA:290,0
DA:291,0
DA:292,0
DA:293,0
DA:295,20
DA:302,2
DA:303,2
DA:304,0
DA:308,2
DA:309,0
DA:314,2
DA:316,1
DA:320,1
DA:321,1
DA:324,0
DA:325,2
DA:328,1
DA:329,1
DA:330,0
DA:335,1
DA:336,1
DA:338,1
DA:339,1
DA:343,0
DA:344,0
DA:345,0
DA:347,0
DA:348,0
DA:349,0
DA:350,0
DA:354,0
DA:355,1
DA:362,19
DA:364,19
DA:367,19
DA:368,19
DA:371,19
DA:372,19
DA:375,19
DA:378,19
DA:379,17
DA:380,17
DA:381,19
DA:382,0
DA:383,0
DA:386,19
DA:387,38
DA:388,19
DA:389,19
DA:392,1
DA:394,1
DA:397,1
DA:398,1
DA:401,20
DA:402,20
DA:403,1
DA:404,0
DA:405,0
DA:406,0
DA:407,1
DA:408,1
DA:412,19
DA:413,19
DA:414,19
DA:416,19
DA:417,1
DA:418,1
DA:419,1
DA:422,19
DA:423,18
DA:424,18
DA:426,19
DA:427,20
DA:434,20
DA:435,20
DA:436,0
DA:440,20
DA:441,1
DA:445,19
DA:446,19
DA:447,19
DA:449,20
DA:451,20
DA:454,20
DA:456,20
DA:459,20
DA:461,20
DA:462,20
DA:464,20
DA:466,19
DA:467,19
DA:471,1
DA:474,1
DA:475,0
DA:476,0
DA:477,0
DA:478,0
DA:479,0
DA:480,0
DA:481,0
DA:485,1
DA:488,1
DA:489,1
DA:490,1
DA:491,1
DA:492,1
DA:494,1
DA:495,20
DA:498,0
DA:499,0
DA:502,0
DA:503,0
DA:504,0
DA:505,0
DA:506,0
DA:507,0
DA:508,0
DA:509,0
DA:511,0
DA:513,0
DA:514,0
DA:515,0
DA:518,0
DA:519,0
DA:522,0
DA:523,20
DA:529,1
DA:530,1
DA:531,0
DA:534,1
DA:535,0
DA:538,1
DA:539,1
DA:540,1
DA:541,1
DA:543,1
DA:544,1
DA:545,0
DA:548,1
DA:549,0
DA:552,1
DA:553,1
DA:554,1
DA:555,1
DA:557,0
DA:559,0
DA:561,0
DA:562,0
DA:565,0
DA:566,0
DA:569,0
DA:570,0
DA:571,0
DA:572,0
LF:305
LH:132
end_of_record
TN:
SF:/Users/roberdan/GitHub/ConvergioCLI-education/src/workflow/workflow_observability.c
FNL:0,113,123
FNA:0,19,workflow_telemetry_end
FNL:1,128,141
FNA:1,20,workflow_telemetry_node
FNL:2,146,158
FNA:2,19,workflow_telemetry_error
FNL:3,168,189
FNA:3,2133,workflow_validate_name_safe
FNL:4,195,216
FNA:4,2064,workflow_validate_key_safe
FNL:5,222,262
FNA:5,0,workflow_sanitize_value
FNL:6,268,291
FNA:6,21,workflow_validate_condition_safe
FNL:7,28,47
FNA:7,19,workflow_log_event
FNL:8,300,322
FNA:8,39,workflow_audit_log
FNL:9,327,349
FNA:9,0,workflow_security_log
FNL:10,52,69
FNA:10,40,workflow_log_node_execution
FNL:11,74,88
FNA:11,19,workflow_log_error
FNL:12,97,108
FNA:12,0,workflow_telemetry_start
FNF:13
FNH:10
DA:28,19
DA:30,19
DA:31,19
DA:32,38
DA:33,19
DA:34,19
DA:35,0
DA:36,0
DA:38,19
DA:39,0
DA:40,0
DA:41,0
DA:42,0
DA:43,0
DA:44,0
DA:47,19
DA:52,40
DA:54,40
DA:55,0
DA:58,40
DA:59,40
DA:61,40
DA:62,19
DA:65,19
DA:66,21
DA:69,40
DA:74,19
DA:75,19
DA:76,0
DA:79,19
DA:81,19
DA:82,19
DA:84,19
DA:85,0
DA:88,19
DA:97,0
DA:98,0
DA:99,0
DA:105,0
DA:107,0
DA:108,0
DA:113,19
DA:114,19
DA:115,19
DA:119,0
DA:121,0
DA:122,0
DA:123,19
DA:128,20
DA:130,20
DA:131,20
DA:135,0
DA:136,0
DA:138,0
DA:140,0
DA:141,20
DA:146,19
DA:147,19
DA:148,19
DA:152,0
DA:153,0
DA:155,0
DA:157,0
DA:158,19
DA:168,2133
DA:169,2133
DA:170,2
DA:174,2131
DA:175,2131
DA:176,4
DA:180,19481
DA:181,17352
DA:183,17352
DA:184,7
DA:186,17352
DA:188,2105
DA:189,2135
DA:195,2064
DA:196,2064
DA:197,2
DA:201,2062
DA:202,2062
DA:203,3
DA:207,11588
DA:208,9483
DA:210,9483
DA:211,5
DA:213,9483
DA:215,2051
DA:216,2110
DA:222,0
DA:223,0
DA:224,0
DA:227,0
DA:228,0
DA:229,0
DA:233,0
DA:234,0
DA:235,0
DA:239,0
DA:240,0
DA:241,0
DA:244,0
DA:246,0
DA:250,0
DA:251,0
DA:252,0
DA:253,0
DA:254,0
DA:255,0
DA:256,0
DA:258,0
DA:260,0
DA:261,0
DA:262,0
DA:268,21
DA:269,21
DA:270,1
DA:273,20
DA:274,20
DA:275,1
DA:279,19
DA:284,223
DA:285,204
DA:286,7
DA:288,197
DA:290,12
DA:291,21
DA:300,39
DA:301,39
DA:302,0
DA:305,39
DA:308,39
DA:309,39
DA:311,39
DA:312,0
DA:317,39
DA:318,0
DA:319,0
DA:320,0
DA:321,0
DA:322,39
DA:327,0
DA:328,0
DA:329,0
DA:332,0
DA:335,0
DA:336,0
DA:338,0
DA:339,0
DA:344,0
DA:345,0
DA:346,0
DA:347,0
DA:348,0
DA:349,0
LF:156
LH:83
end_of_record
TN:
SF:/Users/roberdan/GitHub/ConvergioCLI-education/src/workflow/workflow_types.c
FNL:0,123,188
FNA:0,2087,workflow_state_set
FNL:1,190,202
FNA:1,1024,workflow_state_get
FNL:2,204,222
FNA:2,5,workflow_state_clear
FNL:3,224,247
FNA:3,0,workflow_state_remove
FNL:4,253,287
FNA:4,1139,workflow_node_create
FNL:5,289,319
FNA:5,3,workflow_node_destroy
FNL:6,321,362
FNA:6,112,workflow_node_add_edge
FNL:7,364,387
FNA:7,81,workflow_node_set_agent
FNL:8,389,396
FNA:8,4,workflow_node_set_fallback
FNL:9,40,63
FNA:9,6048,workflow_strdup
FNL:10,402,453
FNA:10,1043,workflow_create
FNL:11,455,490
FNA:11,1042,workflow_destroy
FNL:12,496,520
FNA:12,0,checkpoint_create
FNL:13,522,539
FNA:13,0,checkpoint_destroy
FNL:14,66,68
FNA:14,2147,workflow_validate_name
FNL:15,72,74
FNA:15,2084,workflow_validate_key
FNL:16,81,97
FNA:16,1040,workflow_state_create
FNL:17,99,121
FNA:17,1042,workflow_state_destroy
FNF:18
FNH:15
DA:40,6048
DA:41,6048
DA:42,0
DA:45,6048
DA:46,6048
DA:47,0
DA:51,6048
DA:52,0
DA:53,0
DA:55,6048
DA:56,6048
DA:57,0
DA:60,6048
DA:61,6048
DA:62,6048
DA:63,6048
DA:66,2147
DA:68,2147
DA:72,2084
DA:74,2084
DA:81,1040
DA:82,1040
DA:83,1040
DA:84,0
DA:87,1040
DA:88,1040
DA:89,1040
DA:90,0
DA:91,0
DA:92,0
DA:95,1040
DA:96,1040
DA:97,1040
DA:99,1042
DA:100,1042
DA:101,0
DA:104,1042
DA:105,3175
DA:106,2133
DA:107,2107
DA:108,2107
DA:109,2107
DA:110,2133
DA:111,2128
DA:112,2128
DA:113,2128
DA:114,2133
DA:115,1042
DA:116,1042
DA:117,1042
DA:119,1042
DA:120,1042
DA:121,1042
DA:123,2087
DA:124,2087
DA:125,34
DA:128,2053
DA:129,0
DA:132,2053
DA:133,2053
DA:134,0
DA:138,8100
DA:139,6049
DA:141,9
DA:142,9
DA:143,0
DA:145,9
DA:146,9
DA:147,9
DA:148,9
DA:149,9
DA:150,6040
DA:154,2146
DA:155,0
DA:158,2146
DA:160,3
DA:161,3
DA:162,0
DA:163,0
DA:164,3
DA:165,3
DA:166,0
DA:169,3
DA:171,3
DA:172,3
DA:173,3
DA:175,2146
DA:176,2146
DA:177,2146
DA:178,20
DA:179,0
DA:180,0
DA:181,0
DA:182,0
DA:185,2126
DA:186,2126
DA:187,2126
DA:188,2221
DA:190,1024
DA:191,1024
DA:192,0
DA:195,2115
DA:196,1097
DA:197,1010
DA:199,87
DA:201,8
DA:202,1018
DA:204,5
DA:205,5
DA:206,0
DA:209,14
DA:210,9
DA:211,9
DA:212,9
DA:213,9
DA:214,9
DA:215,9
DA:216,9
DA:217,9
DA:218,9
DA:220,5
DA:221,5
DA:222,5
DA:224,0
DA:225,0
DA:226,0
DA:229,0
DA:230,0
DA:232,0
DA:233,0
DA:234,0
DA:235,0
DA:238,0
DA:239,0
DA:240,0
DA:241,0
DA:242,0
DA:244,0
DA:246,0
DA:247,0
DA:253,1139
DA:254,1139
DA:255,6
DA:258,1133
DA:259,6
DA:262,1127
DA:263,1127
DA:264,0
DA:267,1127
DA:268,1127
DA:269,0
DA:270,0
DA:271,0
DA:274,1127
DA:275,1127
DA:276,1127
DA:277,1127
DA:278,1127
DA:279,1127
DA:280,1127
DA:281,1127
DA:282,1127
DA:283,1127
DA:284,1127
DA:286,1127
DA:287,1127
DA:289,3
DA:290,3
DA:291,0
DA:294,3
DA:295,3
DA:296,3
DA:297,3
DA:299,3
DA:300,1
DA:301,1
DA:302,1
DA:304,3
DA:305,0
DA:306,0
DA:307,0
DA:309,3
DA:310,0
DA:311,0
DA:312,0
DA:317,3
DA:318,3
DA:319,3
DA:321,112
DA:322,112
DA:323,0
DA:327,112
DA:328,0
DA:332,112
DA:333,206
DA:334,103
DA:335,103
DA:336,0
DA:337,0
DA:338,103
DA:339,103
DA:340,0
DA:342,103
DA:343,103
DA:344,103
DA:346,112
DA:347,112
DA:350,112
DA:351,23
DA:352,4
DA:353,4
DA:354,4
DA:355,23
DA:356,23
DA:357,0
DA:359,23
DA:361,112
DA:362,112
DA:364,81
DA:365,81
DA:366,0
DA:369,81
DA:370,2
DA:373,79
DA:375,79
DA:376,79
DA:377,0
DA:378,0
DA:379,0
DA:380,79
DA:381,79
DA:382,0
DA:384,79
DA:386,79
DA:387,81
DA:389,4
DA:390,4
DA:391,0
DA:394,4
DA:395,4
DA:396,4
DA:402,1043
DA:403,1043
DA:404,4
DA:407,1039
DA:408,1039
DA:409,0
DA:412,1039
DA:413,1039
DA:414,0
DA:415,0
DA:416,0
DA:419,1039
DA:420,1035
DA:421,1035
DA:422,0
DA:423,0
DA:424,0
DA:425,0
DA:426,0
DA:428,1035
DA:430,1039
DA:431,1039
DA:432,1039
DA:433,1039
DA:434,1039
DA:435,1039
DA:436,1039
DA:437,1039
DA:438,1039
DA:441,1039
DA:442,1039
DA:443,0
DA:444,0
DA:445,0
DA:446,0
DA:447,0
DA:448,0
DA:449,0
DA:452,1039
DA:453,1039
DA:455,1042
DA:456,1042
DA:457,0
DA:460,1042
DA:461,1038
DA:462,1038
DA:463,1038
DA:465,1042
DA:466,1043
DA:467,1043
DA:468,1043
DA:470,1044
DA:471,25
DA:472,25
DA:473,25
DA:475,1044
DA:476,0
DA:477,0
DA:478,0
DA:480,1044
DA:481,1045
DA:482,1045
DA:483,1045
DA:488,1046
DA:489,1046
DA:490,1046
DA:496,0
DA:497,0
DA:498,0
DA:501,0
DA:502,0
DA:503,0
DA:506,0
DA:507,0
DA:508,0
DA:509,0
DA:510,0
DA:511,0
DA:512,0
DA:513,0
DA:516,0
DA:517,0
DA:519,0
DA:520,0
DA:522,0
DA:523,0
DA:524,0
DA:527,0
DA:528,0
DA:529,0
DA:530,0
DA:532,0
DA:533,0
DA:534,0
DA:535,0
DA:537,0
DA:538,0
DA:539,0
LF:339
LH:224
end_of_record
TN:
SF:/Users/roberdan/GitHub/ConvergioCLI-education/src/workflow/workflow_visualization.c
FNL:0,102,119
FNA:0,0,workflow_mermaid_node_shape
FNL:1,124,141
FNA:1,0,get_mermaid_node_shape_close
FNL:2,150,178
FNA:2,0,collect_nodes
FNL:3,180,285
FNA:3,0,workflow_export_mermaid
FNL:4,22,44
FNA:4,0,sanitize_mermaid_name
FNL:5,287,313
FNA:5,0,workflow_export_mermaid_alloc
FNL:6,49,63
FNA:6,0,get_node_id
FNL:7,68,77
FNA:7,0,get_node_label
FNL:8,83,100
FNA:8,0,workflow_mermaid_node_type_name
FNF:9
FNH:0
DA:22,0
DA:23,0
DA:24,0
DA:25,0
DA:26,0
DA:27,0
DA:30,0
DA:31,0
DA:32,0
DA:33,0
DA:35,0
DA:36,0
DA:37,0
DA:38,0
DA:39,0
DA:40,0
DA:42,0
DA:43,0
DA:44,0
DA:49,0
DA:50,0
DA:51,0
DA:52,0
DA:53,0
DA:54,0
DA:58,0
DA:59,0
DA:62,0
DA:63,0
DA:68,0
DA:69,0
DA:70,0
DA:71,0
DA:72,0
DA:73,0
DA:76,0
DA:77,0
DA:83,0
DA:84,0
DA:86,0
DA:88,0
DA:90,0
DA:92,0
DA:94,0
DA:96,0
DA:98,0
DA:100,0
DA:102,0
DA:103,0
DA:105,0
DA:107,0
DA:109,0
DA:111,0
DA:113,0
DA:115,0
DA:117,0
DA:119,0
DA:124,0
DA:125,0
DA:127,0
DA:129,0
DA:131,0
DA:133,0
DA:135,0
DA:137,0
DA:139,0
DA:141,0
DA:150,0
DA:152,0
DA:153,0
DA:157,0
DA:158,0
DA:159,0
DA:161,0
DA:164,0
DA:165,0
DA:168,0
DA:169,0
DA:170,0
DA:171,0
DA:172,0
DA:175,0
DA:176,0
DA:177,0
DA:178,0
DA:180,0
DA:181,0
DA:182,0
DA:185,0
DA:186,0
DA:187,0
DA:191,0
DA:192,0
DA:193,0
DA:196,0
DA:197,0
DA:198,0
DA:199,0
DA:201,0
DA:204,0
DA:205,0
DA:206,0
DA:207,0
DA:209,0
DA:210,0
DA:211,0
DA:212,0
DA:214,0
DA:215,0
DA:217,0
DA:219,0
DA:220,0
DA:222,0
DA:223,0
DA:226,0
DA:227,0
DA:228,0
DA:229,0
DA:231,0
DA:232,0
DA:235,0
DA:236,0
DA:237,0
DA:238,0
DA:240,0
DA:241,0
DA:242,0
DA:245,0
DA:246,0
DA:247,0
DA:248,0
DA:250,0
DA:251,0
DA:252,0
DA:255,0
DA:256,0
DA:258,0
DA:259,0
DA:262,0
DA:263,0
DA:264,0
DA:265,0
DA:267,0
DA:268,0
DA:270,0
DA:271,0
DA:272,0
DA:275,0
DA:276,0
DA:277,0
DA:278,0
DA:279,0
DA:281,0
DA:283,0
DA:284,0
DA:285,0
DA:287,0
DA:288,0
DA:289,0
DA:293,0
DA:294,0
DA:295,0
DA:296,0
DA:299,0
DA:300,0
DA:301,0
DA:302,0
DA:306,0
DA:307,0
DA:308,0
DA:309,0
DA:312,0
DA:313,0
LF:173
LH:0
end_of_record
